#
# There is insufficient memory for the Java Runtime Environment to continue.
# Native memory allocation (malloc) failed to allocate 1100544 bytes for Chunk::new
# Possible reasons:
#   The system is out of physical RAM or swap space
#   The process is running with CompressedOops enabled, and the Java Heap may be blocking the growth of the native heap
# Possible solutions:
#   Reduce memory load on the system
#   Increase physical memory or swap space
#   Check if swap backing store is full
#   Decrease Java heap size (-Xmx/-Xms)
#   Decrease number of Java threads
#   Decrease Java thread stack sizes (-Xss)
#   Set larger code cache with -XX:ReservedCodeCacheSize=
#   JVM is running with Unscaled Compressed Oops mode in which the Java heap is
#     placed in the first 4GB address space. The Java Heap base address is the
#     maximum limit for the native heap growth. Please use -XX:HeapBaseMinAddress
#     to set the Java Heap base and to place the Java Heap above 4GB virtual address.
# This output file may be truncated or incomplete.
#
#  Out of Memory Error (arena.cpp:189), pid=208, tid=29684
#
# JRE version: Java(TM) SE Runtime Environment (17.0.12+8) (build 17.0.12+8-LTS-286)
# Java VM: Java HotSpot(TM) 64-Bit Server VM (17.0.12+8-LTS-286, mixed mode, sharing, tiered, compressed oops, compressed class ptrs, g1 gc, windows-amd64)
# No core dump will be written. Minidumps are not enabled by default on client versions of Windows
#

---------------  S U M M A R Y ------------

Command Line: --enable-native-access=ALL-UNNAMED -Xmx256m -Xms128m -Dclassworlds.conf=C:\Users\divya\.m2\wrapper\dists\apache-maven-3.9.15\0226a00282e400185496f3b60ec5a3f029cbdc6893912937d4876d57695224e1\bin\m2.conf -Dmaven.home=C:\Users\divya\.m2\wrapper\dists\apache-maven-3.9.15\0226a00282e400185496f3b60ec5a3f029cbdc6893912937d4876d57695224e1 -Dlibrary.jansi.path=C:\Users\divya\.m2\wrapper\dists\apache-maven-3.9.15\0226a00282e400185496f3b60ec5a3f029cbdc6893912937d4876d57695224e1\lib\jansi-native -Dmaven.multiModuleProjectDirectory=D:\FITCHECK\backend org.codehaus.plexus.classworlds.launcher.Launcher package -DskipTests -q

Host: AMD Ryzen 5 5500U with Radeon Graphics         , 12 cores, 7G,  Windows 11 , 64 bit Build 26100 (10.0.26100.6725)
Time: Thu May  7 00:01:07 2026 India Standard Time elapsed time: 4.468324 seconds (0d 0h 0m 4s)

---------------  T H R E A D  ---------------

Current thread (0x000002156c1d8910):  JavaThread "C2 CompilerThread2" daemon [_thread_in_native, id=29684, stack(0x0000002719300000,0x0000002719400000)]


Current CompileTask:
C2:   4468 3334       4       org.codehaus.plexus.util.xml.pull.MXParser::parseAttribute (1438 bytes)

Stack: [0x0000002719300000,0x0000002719400000]
Native frames: (J=compiled Java code, j=interpreted, Vv=VM code, C=native code)
V  [jvm.dll+0x67a04a]
V  [jvm.dll+0x7da4ed]
V  [jvm.dll+0x7dbe33]
V  [jvm.dll+0x7dc4a3]
V  [jvm.dll+0x24508f]
V  [jvm.dll+0xab773]
V  [jvm.dll+0xabd3c]
V  [jvm.dll+0x361bee]
V  [jvm.dll+0x32c431]
V  [jvm.dll+0x32b8ca]
V  [jvm.dll+0x21683f]
V  [jvm.dll+0x215c6f]
V  [jvm.dll+0x1a2960]
V  [jvm.dll+0x22610b]
V  [jvm.dll+0x2242ab]
V  [jvm.dll+0x79075c]
V  [jvm.dll+0x78abea]
V  [jvm.dll+0x678f35]
C  [ucrtbase.dll+0x37b0]
C  [KERNEL32.DLL+0x2e8d7]
C  [ntdll.dll+0x8c53c]


---------------  P R O C E S S  ---------------

Threads class SMR info:
_java_thread_list=0x000002156ba325e0, length=14, elements={
0x000002150ba649e0, 0x0000021525d7f100, 0x0000021525d7fbd0, 0x0000021525d96fe0,
0x0000021525d978b0, 0x0000021525d98180, 0x0000021525d98a50, 0x0000021525d99650,
0x0000021525d9a010, 0x0000021525d9a920, 0x000002156b0cc4f0, 0x000002156b0d6240,
0x000002156b3fe0a0, 0x000002156c1d8910
}

Java Threads: ( => current thread )
  0x000002150ba649e0 JavaThread "main" [_thread_in_native, id=8556, stack(0x0000002717f00000,0x0000002718000000)]
  0x0000021525d7f100 JavaThread "Reference Handler" daemon [_thread_blocked, id=28916, stack(0x0000002718600000,0x0000002718700000)]
  0x0000021525d7fbd0 JavaThread "Finalizer" daemon [_thread_blocked, id=30052, stack(0x0000002718700000,0x0000002718800000)]
  0x0000021525d96fe0 JavaThread "Signal Dispatcher" daemon [_thread_blocked, id=2960, stack(0x0000002718800000,0x0000002718900000)]
  0x0000021525d978b0 JavaThread "Attach Listener" daemon [_thread_blocked, id=22712, stack(0x0000002718900000,0x0000002718a00000)]
  0x0000021525d98180 JavaThread "Service Thread" daemon [_thread_blocked, id=27024, stack(0x0000002718a00000,0x0000002718b00000)]
  0x0000021525d98a50 JavaThread "Monitor Deflation Thread" daemon [_thread_blocked, id=17092, stack(0x0000002718b00000,0x0000002718c00000)]
  0x0000021525d99650 JavaThread "C2 CompilerThread0" daemon [_thread_in_native, id=7816, stack(0x0000002718c00000,0x0000002718d00000)]
  0x0000021525d9a010 JavaThread "C1 CompilerThread0" daemon [_thread_blocked, id=27164, stack(0x0000002718d00000,0x0000002718e00000)]
  0x0000021525d9a920 JavaThread "Sweeper thread" daemon [_thread_blocked, id=29332, stack(0x0000002718e00000,0x0000002718f00000)]
  0x000002156b0cc4f0 JavaThread "Notification Thread" daemon [_thread_blocked, id=22472, stack(0x0000002718f00000,0x0000002719000000)]
  0x000002156b0d6240 JavaThread "Common-Cleaner" daemon [_thread_blocked, id=3148, stack(0x0000002719100000,0x0000002719200000)]
  0x000002156b3fe0a0 JavaThread "C2 CompilerThread1" daemon [_thread_blocked, id=25944, stack(0x0000002719200000,0x0000002719300000)]
=>0x000002156c1d8910 JavaThread "C2 CompilerThread2" daemon [_thread_in_native, id=29684, stack(0x0000002719300000,0x0000002719400000)]

Other Threads:
  0x0000021525d7b750 VMThread "VM Thread" [stack: 0x0000002718500000,0x0000002718600000] [id=27044]
  0x000002156b0d5e00 WatcherThread [stack: 0x0000002719000000,0x0000002719100000] [id=7260]
  0x000002150ba8c580 GCTaskThread "GC Thread#0" [stack: 0x0000002718000000,0x0000002718100000] [id=20656]
  0x000002156c2c9330 GCTaskThread "GC Thread#1" [stack: 0x0000002719400000,0x0000002719500000] [id=27200]
  0x000002156b1a5990 GCTaskThread "GC Thread#2" [stack: 0x0000002719500000,0x0000002719600000] [id=28012]
  0x000002156bb86bf0 GCTaskThread "GC Thread#3" [stack: 0x0000002719600000,0x0000002719700000] [id=28520]
  0x000002156bb870c0 GCTaskThread "GC Thread#4" [stack: 0x0000002719700000,0x0000002719800000] [id=22452]
  0x000002156bb87380 GCTaskThread "GC Thread#5" [stack: 0x0000002719800000,0x0000002719900000] [id=29484]
  0x000002156bb87640 GCTaskThread "GC Thread#6" [stack: 0x0000002719900000,0x0000002719a00000] [id=21404]
  0x000002156bbe4230 GCTaskThread "GC Thread#7" [stack: 0x0000002719a00000,0x0000002719b00000] [id=25732]
  0x000002156bf80530 GCTaskThread "GC Thread#8" [stack: 0x0000002719b00000,0x0000002719c00000] [id=27420]
  0x000002150ba8f3e0 ConcurrentGCThread "G1 Main Marker" [stack: 0x0000002718100000,0x0000002718200000] [id=19148]
  0x000002150ba8fd00 ConcurrentGCThread "G1 Conc#0" [stack: 0x0000002718200000,0x0000002718300000] [id=21500]
  0x000002150bb24bc0 ConcurrentGCThread "G1 Refine#0" [stack: 0x0000002718300000,0x0000002718400000] [id=23772]
  0x000002150bb253a0 ConcurrentGCThread "G1 Service" [stack: 0x0000002718400000,0x0000002718500000] [id=29152]

Threads with active compile tasks:
C2 CompilerThread0     5482 3316       4       org.codehaus.plexus.util.xml.Xpp3Dom::<init> (125 bytes)
C2 CompilerThread2     5482 3334       4       org.codehaus.plexus.util.xml.pull.MXParser::parseAttribute (1438 bytes)

VM state: not at safepoint (normal execution)

VM Mutex/Monitor currently owned by a thread: None

Heap address: 0x00000000f0000000, size: 256 MB, Compressed Oops mode: 32-bit

CDS archive(s) mapped at: [0x0000021526000000-0x0000021526bd0000-0x0000021526bd0000), size 12386304, SharedBaseAddress: 0x0000021526000000, ArchiveRelocationMode: 1.
Compressed class space mapped at: 0x0000021527000000-0x0000021567000000, reserved size: 1073741824
Narrow klass base: 0x0000021526000000, Narrow klass shift: 0, Narrow klass range: 0x100000000

GC Precious Log:
 CPUs: 12 total, 12 available
 Memory: 7514M
 Large Page Support: Disabled
 NUMA Support: Disabled
 Compressed Oops: Enabled (32-bit)
 Heap Region Size: 1M
 Heap Min Capacity: 128M
 Heap Initial Capacity: 128M
 Heap Max Capacity: 256M
 Pre-touch: Disabled
 Parallel Workers: 10
 Concurrent Workers: 3
 Concurrent Refinement Workers: 10
 Periodic GC: Disabled

Heap:
 garbage-first heap   total 131072K, used 62561K [0x00000000f0000000, 0x0000000100000000)
  region size 1024K, 60 young (61440K), 2 survivors (2048K)
 Metaspace       used 15097K, committed 15296K, reserved 1114112K
  class space    used 1823K, committed 1920K, reserved 1048576K

Heap Regions: E=young(eden), S=young(survivor), O=old, HS=humongous(starts), HC=humongous(continues), CS=collection set, F=free, OA=open archive, CA=closed archive, TAMS=top-at-mark-start (previous, next)
|   0|0x00000000f0000000, 0x00000000f0100000, 0x00000000f0100000|100%| O|  |TAMS 0x00000000f0000000, 0x00000000f0000000| Untracked 
|   1|0x00000000f0100000, 0x00000000f0200000, 0x00000000f0200000|100%| O|  |TAMS 0x00000000f0100000, 0x00000000f0100000| Untracked 
|   2|0x00000000f0200000, 0x00000000f0300000, 0x00000000f0300000|100%| O|  |TAMS 0x00000000f0200000, 0x00000000f0200000| Untracked 
|   3|0x00000000f0300000, 0x00000000f0394200, 0x00000000f0400000| 57%| O|  |TAMS 0x00000000f0300000, 0x00000000f0300000| Untracked 
|   4|0x00000000f0400000, 0x00000000f0400000, 0x00000000f0500000|  0%| F|  |TAMS 0x00000000f0400000, 0x00000000f0400000| Untracked 
|   5|0x00000000f0500000, 0x00000000f0500000, 0x00000000f0600000|  0%| F|  |TAMS 0x00000000f0500000, 0x00000000f0500000| Untracked 
|   6|0x00000000f0600000, 0x00000000f0600000, 0x00000000f0700000|  0%| F|  |TAMS 0x00000000f0600000, 0x00000000f0600000| Untracked 
|   7|0x00000000f0700000, 0x00000000f0700000, 0x00000000f0800000|  0%| F|  |TAMS 0x00000000f0700000, 0x00000000f0700000| Untracked 
|   8|0x00000000f0800000, 0x00000000f0800000, 0x00000000f0900000|  0%| F|  |TAMS 0x00000000f0800000, 0x00000000f0800000| Untracked 
|   9|0x00000000f0900000, 0x00000000f0900000, 0x00000000f0a00000|  0%| F|  |TAMS 0x00000000f0900000, 0x00000000f0900000| Untracked 
|  10|0x00000000f0a00000, 0x00000000f0a00000, 0x00000000f0b00000|  0%| F|  |TAMS 0x00000000f0a00000, 0x00000000f0a00000| Untracked 
|  11|0x00000000f0b00000, 0x00000000f0b00000, 0x00000000f0c00000|  0%| F|  |TAMS 0x00000000f0b00000, 0x00000000f0b00000| Untracked 
|  12|0x00000000f0c00000, 0x00000000f0c00000, 0x00000000f0d00000|  0%| F|  |TAMS 0x00000000f0c00000, 0x00000000f0c00000| Untracked 
|  13|0x00000000f0d00000, 0x00000000f0d00000, 0x00000000f0e00000|  0%| F|  |TAMS 0x00000000f0d00000, 0x00000000f0d00000| Untracked 
|  14|0x00000000f0e00000, 0x00000000f0e00000, 0x00000000f0f00000|  0%| F|  |TAMS 0x00000000f0e00000, 0x00000000f0e00000| Untracked 
|  15|0x00000000f0f00000, 0x00000000f0f00000, 0x00000000f1000000|  0%| F|  |TAMS 0x00000000f0f00000, 0x00000000f0f00000| Untracked 
|  16|0x00000000f1000000, 0x00000000f1000000, 0x00000000f1100000|  0%| F|  |TAMS 0x00000000f1000000, 0x00000000f1000000| Untracked 
|  17|0x00000000f1100000, 0x00000000f1100000, 0x00000000f1200000|  0%| F|  |TAMS 0x00000000f1100000, 0x00000000f1100000| Untracked 
|  18|0x00000000f1200000, 0x00000000f1200000, 0x00000000f1300000|  0%| F|  |TAMS 0x00000000f1200000, 0x00000000f1200000| Untracked 
|  19|0x00000000f1300000, 0x00000000f1300000, 0x00000000f1400000|  0%| F|  |TAMS 0x00000000f1300000, 0x00000000f1300000| Untracked 
|  20|0x00000000f1400000, 0x00000000f1400000, 0x00000000f1500000|  0%| F|  |TAMS 0x00000000f1400000, 0x00000000f1400000| Untracked 
|  21|0x00000000f1500000, 0x00000000f1500000, 0x00000000f1600000|  0%| F|  |TAMS 0x00000000f1500000, 0x00000000f1500000| Untracked 
|  22|0x00000000f1600000, 0x00000000f1600000, 0x00000000f1700000|  0%| F|  |TAMS 0x00000000f1600000, 0x00000000f1600000| Untracked 
|  23|0x00000000f1700000, 0x00000000f1700000, 0x00000000f1800000|  0%| F|  |TAMS 0x00000000f1700000, 0x00000000f1700000| Untracked 
|  24|0x00000000f1800000, 0x00000000f1800000, 0x00000000f1900000|  0%| F|  |TAMS 0x00000000f1800000, 0x00000000f1800000| Untracked 
|  25|0x00000000f1900000, 0x00000000f1900000, 0x00000000f1a00000|  0%| F|  |TAMS 0x00000000f1900000, 0x00000000f1900000| Untracked 
|  26|0x00000000f1a00000, 0x00000000f1a00000, 0x00000000f1b00000|  0%| F|  |TAMS 0x00000000f1a00000, 0x00000000f1a00000| Untracked 
|  27|0x00000000f1b00000, 0x00000000f1b00000, 0x00000000f1c00000|  0%| F|  |TAMS 0x00000000f1b00000, 0x00000000f1b00000| Untracked 
|  28|0x00000000f1c00000, 0x00000000f1c00000, 0x00000000f1d00000|  0%| F|  |TAMS 0x00000000f1c00000, 0x00000000f1c00000| Untracked 
|  29|0x00000000f1d00000, 0x00000000f1d00000, 0x00000000f1e00000|  0%| F|  |TAMS 0x00000000f1d00000, 0x00000000f1d00000| Untracked 
|  30|0x00000000f1e00000, 0x00000000f1e00000, 0x00000000f1f00000|  0%| F|  |TAMS 0x00000000f1e00000, 0x00000000f1e00000| Untracked 
|  31|0x00000000f1f00000, 0x00000000f1f00000, 0x00000000f2000000|  0%| F|  |TAMS 0x00000000f1f00000, 0x00000000f1f00000| Untracked 
|  32|0x00000000f2000000, 0x00000000f2000000, 0x00000000f2100000|  0%| F|  |TAMS 0x00000000f2000000, 0x00000000f2000000| Untracked 
|  33|0x00000000f2100000, 0x00000000f2100000, 0x00000000f2200000|  0%| F|  |TAMS 0x00000000f2100000, 0x00000000f2100000| Untracked 
|  34|0x00000000f2200000, 0x00000000f2200000, 0x00000000f2300000|  0%| F|  |TAMS 0x00000000f2200000, 0x00000000f2200000| Untracked 
|  35|0x00000000f2300000, 0x00000000f2300000, 0x00000000f2400000|  0%| F|  |TAMS 0x00000000f2300000, 0x00000000f2300000| Untracked 
|  36|0x00000000f2400000, 0x00000000f2400000, 0x00000000f2500000|  0%| F|  |TAMS 0x00000000f2400000, 0x00000000f2400000| Untracked 
|  37|0x00000000f2500000, 0x00000000f2500000, 0x00000000f2600000|  0%| F|  |TAMS 0x00000000f2500000, 0x00000000f2500000| Untracked 
|  38|0x00000000f2600000, 0x00000000f2600000, 0x00000000f2700000|  0%| F|  |TAMS 0x00000000f2600000, 0x00000000f2600000| Untracked 
|  39|0x00000000f2700000, 0x00000000f2700000, 0x00000000f2800000|  0%| F|  |TAMS 0x00000000f2700000, 0x00000000f2700000| Untracked 
|  40|0x00000000f2800000, 0x00000000f2800000, 0x00000000f2900000|  0%| F|  |TAMS 0x00000000f2800000, 0x00000000f2800000| Untracked 
|  41|0x00000000f2900000, 0x00000000f2900000, 0x00000000f2a00000|  0%| F|  |TAMS 0x00000000f2900000, 0x00000000f2900000| Untracked 
|  42|0x00000000f2a00000, 0x00000000f2a00000, 0x00000000f2b00000|  0%| F|  |TAMS 0x00000000f2a00000, 0x00000000f2a00000| Untracked 
|  43|0x00000000f2b00000, 0x00000000f2b00000, 0x00000000f2c00000|  0%| F|  |TAMS 0x00000000f2b00000, 0x00000000f2b00000| Untracked 
|  44|0x00000000f2c00000, 0x00000000f2c00000, 0x00000000f2d00000|  0%| F|  |TAMS 0x00000000f2c00000, 0x00000000f2c00000| Untracked 
|  45|0x00000000f2d00000, 0x00000000f2d00000, 0x00000000f2e00000|  0%| F|  |TAMS 0x00000000f2d00000, 0x00000000f2d00000| Untracked 
|  46|0x00000000f2e00000, 0x00000000f2e00000, 0x00000000f2f00000|  0%| F|  |TAMS 0x00000000f2e00000, 0x00000000f2e00000| Untracked 
|  47|0x00000000f2f00000, 0x00000000f2f00000, 0x00000000f3000000|  0%| F|  |TAMS 0x00000000f2f00000, 0x00000000f2f00000| Untracked 
|  48|0x00000000f3000000, 0x00000000f3000000, 0x00000000f3100000|  0%| F|  |TAMS 0x00000000f3000000, 0x00000000f3000000| Untracked 
|  49|0x00000000f3100000, 0x00000000f3100000, 0x00000000f3200000|  0%| F|  |TAMS 0x00000000f3100000, 0x00000000f3100000| Untracked 
|  50|0x00000000f3200000, 0x00000000f3200000, 0x00000000f3300000|  0%| F|  |TAMS 0x00000000f3200000, 0x00000000f3200000| Untracked 
|  51|0x00000000f3300000, 0x00000000f3300000, 0x00000000f3400000|  0%| F|  |TAMS 0x00000000f3300000, 0x00000000f3300000| Untracked 
|  52|0x00000000f3400000, 0x00000000f3400000, 0x00000000f3500000|  0%| F|  |TAMS 0x00000000f3400000, 0x00000000f3400000| Untracked 
|  53|0x00000000f3500000, 0x00000000f3500000, 0x00000000f3600000|  0%| F|  |TAMS 0x00000000f3500000, 0x00000000f3500000| Untracked 
|  54|0x00000000f3600000, 0x00000000f3600000, 0x00000000f3700000|  0%| F|  |TAMS 0x00000000f3600000, 0x00000000f3600000| Untracked 
|  55|0x00000000f3700000, 0x00000000f3700000, 0x00000000f3800000|  0%| F|  |TAMS 0x00000000f3700000, 0x00000000f3700000| Untracked 
|  56|0x00000000f3800000, 0x00000000f3800000, 0x00000000f3900000|  0%| F|  |TAMS 0x00000000f3800000, 0x00000000f3800000| Untracked 
|  57|0x00000000f3900000, 0x00000000f3900000, 0x00000000f3a00000|  0%| F|  |TAMS 0x00000000f3900000, 0x00000000f3900000| Untracked 
|  58|0x00000000f3a00000, 0x00000000f3a00000, 0x00000000f3b00000|  0%| F|  |TAMS 0x00000000f3a00000, 0x00000000f3a00000| Untracked 
|  59|0x00000000f3b00000, 0x00000000f3b00000, 0x00000000f3c00000|  0%| F|  |TAMS 0x00000000f3b00000, 0x00000000f3b00000| Untracked 
|  60|0x00000000f3c00000, 0x00000000f3c00000, 0x00000000f3d00000|  0%| F|  |TAMS 0x00000000f3c00000, 0x00000000f3c00000| Untracked 
|  61|0x00000000f3d00000, 0x00000000f3d00000, 0x00000000f3e00000|  0%| F|  |TAMS 0x00000000f3d00000, 0x00000000f3d00000| Untracked 
|  62|0x00000000f3e00000, 0x00000000f3e00000, 0x00000000f3f00000|  0%| F|  |TAMS 0x00000000f3e00000, 0x00000000f3e00000| Untracked 
|  63|0x00000000f3f00000, 0x00000000f3f00000, 0x00000000f4000000|  0%| F|  |TAMS 0x00000000f3f00000, 0x00000000f3f00000| Untracked 
|  64|0x00000000f4000000, 0x00000000f4000000, 0x00000000f4100000|  0%| F|  |TAMS 0x00000000f4000000, 0x00000000f4000000| Untracked 
|  65|0x00000000f4100000, 0x00000000f4100000, 0x00000000f4200000|  0%| F|  |TAMS 0x00000000f4100000, 0x00000000f4100000| Untracked 
|  66|0x00000000f4200000, 0x00000000f4200000, 0x00000000f4300000|  0%| F|  |TAMS 0x00000000f4200000, 0x00000000f4200000| Untracked 
|  67|0x00000000f4300000, 0x00000000f4300000, 0x00000000f4400000|  0%| F|  |TAMS 0x00000000f4300000, 0x00000000f4300000| Untracked 
|  68|0x00000000f4400000, 0x00000000f4500000, 0x00000000f4500000|100%| E|  |TAMS 0x00000000f4400000, 0x00000000f4400000| Complete 
|  69|0x00000000f4500000, 0x00000000f4600000, 0x00000000f4600000|100%| E|CS|TAMS 0x00000000f4500000, 0x00000000f4500000| Complete 
|  70|0x00000000f4600000, 0x00000000f4700000, 0x00000000f4700000|100%| E|CS|TAMS 0x00000000f4600000, 0x00000000f4600000| Complete 
|  71|0x00000000f4700000, 0x00000000f4800000, 0x00000000f4800000|100%| E|CS|TAMS 0x00000000f4700000, 0x00000000f4700000| Complete 
|  72|0x00000000f4800000, 0x00000000f4900000, 0x00000000f4900000|100%| E|CS|TAMS 0x00000000f4800000, 0x00000000f4800000| Complete 
|  73|0x00000000f4900000, 0x00000000f4a00000, 0x00000000f4a00000|100%| E|CS|TAMS 0x00000000f4900000, 0x00000000f4900000| Complete 
|  74|0x00000000f4a00000, 0x00000000f4b00000, 0x00000000f4b00000|100%| E|CS|TAMS 0x00000000f4a00000, 0x00000000f4a00000| Complete 
|  75|0x00000000f4b00000, 0x00000000f4c00000, 0x00000000f4c00000|100%| E|CS|TAMS 0x00000000f4b00000, 0x00000000f4b00000| Complete 
|  76|0x00000000f4c00000, 0x00000000f4d00000, 0x00000000f4d00000|100%| E|CS|TAMS 0x00000000f4c00000, 0x00000000f4c00000| Complete 
|  77|0x00000000f4d00000, 0x00000000f4e00000, 0x00000000f4e00000|100%| E|CS|TAMS 0x00000000f4d00000, 0x00000000f4d00000| Complete 
|  78|0x00000000f4e00000, 0x00000000f4f00000, 0x00000000f4f00000|100%| E|CS|TAMS 0x00000000f4e00000, 0x00000000f4e00000| Complete 
|  79|0x00000000f4f00000, 0x00000000f5000000, 0x00000000f5000000|100%| E|CS|TAMS 0x00000000f4f00000, 0x00000000f4f00000| Complete 
|  80|0x00000000f5000000, 0x00000000f5100000, 0x00000000f5100000|100%| E|CS|TAMS 0x00000000f5000000, 0x00000000f5000000| Complete 
|  81|0x00000000f5100000, 0x00000000f5200000, 0x00000000f5200000|100%| E|CS|TAMS 0x00000000f5100000, 0x00000000f5100000| Complete 
|  82|0x00000000f5200000, 0x00000000f5300000, 0x00000000f5300000|100%| E|CS|TAMS 0x00000000f5200000, 0x00000000f5200000| Complete 
|  83|0x00000000f5300000, 0x00000000f5400000, 0x00000000f5400000|100%| E|CS|TAMS 0x00000000f5300000, 0x00000000f5300000| Complete 
|  84|0x00000000f5400000, 0x00000000f5500000, 0x00000000f5500000|100%| E|CS|TAMS 0x00000000f5400000, 0x00000000f5400000| Complete 
|  85|0x00000000f5500000, 0x00000000f5600000, 0x00000000f5600000|100%| E|CS|TAMS 0x00000000f5500000, 0x00000000f5500000| Complete 
|  86|0x00000000f5600000, 0x00000000f5700000, 0x00000000f5700000|100%| E|CS|TAMS 0x00000000f5600000, 0x00000000f5600000| Complete 
|  87|0x00000000f5700000, 0x00000000f5800000, 0x00000000f5800000|100%| E|CS|TAMS 0x00000000f5700000, 0x00000000f5700000| Complete 
|  88|0x00000000f5800000, 0x00000000f5900000, 0x00000000f5900000|100%| E|CS|TAMS 0x00000000f5800000, 0x00000000f5800000| Complete 
|  89|0x00000000f5900000, 0x00000000f5a00000, 0x00000000f5a00000|100%| E|CS|TAMS 0x00000000f5900000, 0x00000000f5900000| Complete 
|  90|0x00000000f5a00000, 0x00000000f5b00000, 0x00000000f5b00000|100%| E|CS|TAMS 0x00000000f5a00000, 0x00000000f5a00000| Complete 
|  91|0x00000000f5b00000, 0x00000000f5c00000, 0x00000000f5c00000|100%| E|CS|TAMS 0x00000000f5b00000, 0x00000000f5b00000| Complete 
|  92|0x00000000f5c00000, 0x00000000f5c84420, 0x00000000f5d00000| 51%| S|CS|TAMS 0x00000000f5c00000, 0x00000000f5c00000| Complete 
|  93|0x00000000f5d00000, 0x00000000f5e00000, 0x00000000f5e00000|100%| S|CS|TAMS 0x00000000f5d00000, 0x00000000f5d00000| Complete 
|  94|0x00000000f5e00000, 0x00000000f5f00000, 0x00000000f5f00000|100%| E|CS|TAMS 0x00000000f5e00000, 0x00000000f5e00000| Complete 
|  95|0x00000000f5f00000, 0x00000000f6000000, 0x00000000f6000000|100%| E|CS|TAMS 0x00000000f5f00000, 0x00000000f5f00000| Complete 
|  96|0x00000000f6000000, 0x00000000f6100000, 0x00000000f6100000|100%| E|CS|TAMS 0x00000000f6000000, 0x00000000f6000000| Complete 
|  97|0x00000000f6100000, 0x00000000f6200000, 0x00000000f6200000|100%| E|CS|TAMS 0x00000000f6100000, 0x00000000f6100000| Complete 
|  98|0x00000000f6200000, 0x00000000f6300000, 0x00000000f6300000|100%| E|CS|TAMS 0x00000000f6200000, 0x00000000f6200000| Complete 
|  99|0x00000000f6300000, 0x00000000f6400000, 0x00000000f6400000|100%| E|CS|TAMS 0x00000000f6300000, 0x00000000f6300000| Complete 
| 100|0x00000000f6400000, 0x00000000f6500000, 0x00000000f6500000|100%| E|CS|TAMS 0x00000000f6400000, 0x00000000f6400000| Complete 
| 101|0x00000000f6500000, 0x00000000f6600000, 0x00000000f6600000|100%| E|CS|TAMS 0x00000000f6500000, 0x00000000f6500000| Complete 
| 102|0x00000000f6600000, 0x00000000f6700000, 0x00000000f6700000|100%| E|CS|TAMS 0x00000000f6600000, 0x00000000f6600000| Complete 
| 103|0x00000000f6700000, 0x00000000f6800000, 0x00000000f6800000|100%| E|CS|TAMS 0x00000000f6700000, 0x00000000f6700000| Complete 
| 104|0x00000000f6800000, 0x00000000f6900000, 0x00000000f6900000|100%| E|CS|TAMS 0x00000000f6800000, 0x00000000f6800000| Complete 
| 105|0x00000000f6900000, 0x00000000f6a00000, 0x00000000f6a00000|100%| E|CS|TAMS 0x00000000f6900000, 0x00000000f6900000| Complete 
| 106|0x00000000f6a00000, 0x00000000f6b00000, 0x00000000f6b00000|100%| E|CS|TAMS 0x00000000f6a00000, 0x00000000f6a00000| Complete 
| 107|0x00000000f6b00000, 0x00000000f6c00000, 0x00000000f6c00000|100%| E|CS|TAMS 0x00000000f6b00000, 0x00000000f6b00000| Complete 
| 108|0x00000000f6c00000, 0x00000000f6d00000, 0x00000000f6d00000|100%| E|CS|TAMS 0x00000000f6c00000, 0x00000000f6c00000| Complete 
| 109|0x00000000f6d00000, 0x00000000f6e00000, 0x00000000f6e00000|100%| E|CS|TAMS 0x00000000f6d00000, 0x00000000f6d00000| Complete 
| 110|0x00000000f6e00000, 0x00000000f6f00000, 0x00000000f6f00000|100%| E|CS|TAMS 0x00000000f6e00000, 0x00000000f6e00000| Complete 
| 111|0x00000000f6f00000, 0x00000000f7000000, 0x00000000f7000000|100%| E|CS|TAMS 0x00000000f6f00000, 0x00000000f6f00000| Complete 
| 112|0x00000000f7000000, 0x00000000f7100000, 0x00000000f7100000|100%| E|CS|TAMS 0x00000000f7000000, 0x00000000f7000000| Complete 
| 113|0x00000000f7100000, 0x00000000f7200000, 0x00000000f7200000|100%| E|CS|TAMS 0x00000000f7100000, 0x00000000f7100000| Complete 
| 114|0x00000000f7200000, 0x00000000f7300000, 0x00000000f7300000|100%| E|CS|TAMS 0x00000000f7200000, 0x00000000f7200000| Complete 
| 115|0x00000000f7300000, 0x00000000f7400000, 0x00000000f7400000|100%| E|CS|TAMS 0x00000000f7300000, 0x00000000f7300000| Complete 
| 116|0x00000000f7400000, 0x00000000f7500000, 0x00000000f7500000|100%| E|CS|TAMS 0x00000000f7400000, 0x00000000f7400000| Complete 
| 117|0x00000000f7500000, 0x00000000f7600000, 0x00000000f7600000|100%| E|CS|TAMS 0x00000000f7500000, 0x00000000f7500000| Complete 
| 118|0x00000000f7600000, 0x00000000f7700000, 0x00000000f7700000|100%| E|CS|TAMS 0x00000000f7600000, 0x00000000f7600000| Complete 
| 119|0x00000000f7700000, 0x00000000f7800000, 0x00000000f7800000|100%| E|CS|TAMS 0x00000000f7700000, 0x00000000f7700000| Complete 
| 120|0x00000000f7800000, 0x00000000f7900000, 0x00000000f7900000|100%| E|CS|TAMS 0x00000000f7800000, 0x00000000f7800000| Complete 
| 121|0x00000000f7900000, 0x00000000f7a00000, 0x00000000f7a00000|100%| E|CS|TAMS 0x00000000f7900000, 0x00000000f7900000| Complete 
| 122|0x00000000f7a00000, 0x00000000f7b00000, 0x00000000f7b00000|100%| E|CS|TAMS 0x00000000f7a00000, 0x00000000f7a00000| Complete 
| 123|0x00000000f7b00000, 0x00000000f7c00000, 0x00000000f7c00000|100%| E|CS|TAMS 0x00000000f7b00000, 0x00000000f7b00000| Complete 
| 124|0x00000000f7c00000, 0x00000000f7d00000, 0x00000000f7d00000|100%| E|CS|TAMS 0x00000000f7c00000, 0x00000000f7c00000| Complete 
| 125|0x00000000f7d00000, 0x00000000f7e00000, 0x00000000f7e00000|100%| E|CS|TAMS 0x00000000f7d00000, 0x00000000f7d00000| Complete 
| 126|0x00000000f7e00000, 0x00000000f7f00000, 0x00000000f7f00000|100%| E|  |TAMS 0x00000000f7e00000, 0x00000000f7e00000| Complete 
| 127|0x00000000f7f00000, 0x00000000f8000000, 0x00000000f8000000|100%| E|CS|TAMS 0x00000000f7f00000, 0x00000000f7f00000| Complete 

Card table byte_map: [0x0000021522880000,0x0000021522900000] _byte_map_base: 0x0000021522100000

Marking Bits (Prev, Next): (CMBitMap*) 0x000002150ba8cab0, (CMBitMap*) 0x000002150ba8caf0
 Prev Bits: [0x0000021522980000, 0x0000021522d80000)
 Next Bits: [0x0000021522d80000, 0x0000021523180000)

Polling page: 0x000002150b180000

Metaspace:

Usage:
  Non-class:     12.97 MB used.
      Class:      1.78 MB used.
       Both:     14.75 MB used.

Virtual space:
  Non-class space:       64.00 MB reserved,      13.06 MB ( 20%) committed,  1 nodes.
      Class space:        1.00 GB reserved,       1.88 MB ( <1%) committed,  1 nodes.
             Both:        1.06 GB reserved,      14.94 MB (  1%) committed. 

Chunk freelists:
   Non-Class:  2.22 MB
       Class:  13.95 MB
        Both:  16.17 MB

MaxMetaspaceSize: unlimited
CompressedClassSpaceSize: 1.00 GB
Initial GC threshold: 21.00 MB
Current GC threshold: 21.00 MB
CDS: on
MetaspaceReclaimPolicy: balanced
 - commit_granule_bytes: 65536.
 - commit_granule_words: 8192.
 - virtual_space_node_default_size: 8388608.
 - enlarge_chunks_in_place: 1.
 - new_chunks_are_fully_committed: 0.
 - uncommit_free_chunks: 1.
 - use_allocation_guard: 0.
 - handle_deallocations: 1.


Internal statistics:

num_allocs_failed_limit: 0.
num_arena_births: 94.
num_arena_deaths: 0.
num_vsnodes_births: 2.
num_vsnodes_deaths: 0.
num_space_committed: 239.
num_space_uncommitted: 0.
num_chunks_returned_to_freelist: 0.
num_chunks_taken_from_freelist: 646.
num_chunk_merges: 0.
num_chunk_splits: 429.
num_chunks_enlarged: 333.
num_inconsistent_stats: 0.

CodeHeap 'non-profiled nmethods': size=120000Kb used=1639Kb max_used=1639Kb free=118360Kb
 bounds [0x000002151adf0000, 0x000002151b060000, 0x0000021522320000]
CodeHeap 'profiled nmethods': size=120000Kb used=6954Kb max_used=6954Kb free=113045Kb
 bounds [0x0000021513320000, 0x00000215139f0000, 0x000002151a850000]
CodeHeap 'non-nmethods': size=5760Kb used=1173Kb max_used=1223Kb free=4586Kb
 bounds [0x000002151a850000, 0x000002151aac0000, 0x000002151adf0000]
 total_blobs=3881 nmethods=3420 adapters=373
 compilation: enabled
              stopped_count=0, restarted_count=0
 full_count=0

Compilation events (20 events):
Event: 2.462 Thread 0x0000021525d9a010 nmethod 3392 0x00000215139da810 code [0x00000215139da9e0, 0x00000215139db1a8]
Event: 2.462 Thread 0x0000021525d9a010 3393       3       org.apache.maven.artifact.handler.DefaultArtifactHandler::getLanguage (18 bytes)
Event: 2.462 Thread 0x0000021525d9a010 nmethod 3393 0x00000215139db410 code [0x00000215139db5a0, 0x00000215139db758]
Event: 2.462 Thread 0x0000021525d9a010 3390       3       java.util.stream.ReferencePipeline::map (26 bytes)
Event: 2.462 Thread 0x0000021525d9a010 nmethod 3390 0x00000215139db810 code [0x00000215139dba00, 0x00000215139dbf38]
Event: 2.462 Thread 0x0000021525d9a010 3395       3       java.util.stream.ReferencePipeline$3::<init> (20 bytes)
Event: 2.462 Thread 0x0000021525d9a010 nmethod 3395 0x00000215139dc190 code [0x00000215139dc340, 0x00000215139dc628]
Event: 2.462 Thread 0x0000021525d9a010 3396       3       java.util.stream.ReferencePipeline$3::opWrapSink (10 bytes)
Event: 2.462 Thread 0x0000021525d9a010 nmethod 3396 0x00000215139dc790 code [0x00000215139dc980, 0x00000215139dcf48]
Event: 2.462 Thread 0x0000021525d9a010 3397       3       java.util.stream.ReferencePipeline$3$1::<init> (11 bytes)
Event: 2.462 Thread 0x0000021525d9a010 nmethod 3397 0x00000215139dd110 code [0x00000215139dd2e0, 0x00000215139dd7e8]
Event: 2.463 Thread 0x0000021525d9a010 3398       3       java.util.stream.Sink$ChainedReference::begin (11 bytes)
Event: 2.463 Thread 0x0000021525d9a010 nmethod 3398 0x00000215139dd990 code [0x00000215139ddb40, 0x00000215139ddd08]
Event: 2.463 Thread 0x0000021525d9a010 3399       3       org.eclipse.aether.artifact.DefaultArtifact::<init> (130 bytes)
Event: 2.463 Thread 0x0000021525d9a010 nmethod 3399 0x00000215139dde10 code [0x00000215139de060, 0x00000215139decc8]
Event: 2.463 Thread 0x0000021525d9a010 3400       3       org.eclipse.aether.artifact.DefaultArtifact::mergeArtifactProperties (72 bytes)
Event: 2.464 Thread 0x0000021525d9a010 nmethod 3400 0x00000215139df010 code [0x00000215139df260, 0x00000215139dfdb8]
Event: 2.464 Thread 0x0000021525d9a010 3401       3       org.apache.maven.RepositoryUtils$MavenArtifactTypeRegistry::get (17 bytes)
Event: 2.464 Thread 0x0000021525d9a010 nmethod 3401 0x00000215139e0110 code [0x00000215139e02c0, 0x00000215139e0478]
Event: 2.464 Thread 0x0000021525d9a010 3402       3       org.eclipse.aether.graph.Dependency::<init> (13 bytes)

GC Heap History (4 events):
Event: 0.610 GC heap before
{Heap before GC invocations=0 (full 0):
 garbage-first heap   total 131072K, used 23552K [0x00000000f0000000, 0x0000000100000000)
  region size 1024K, 23 young (23552K), 0 survivors (0K)
 Metaspace       used 5383K, committed 5568K, reserved 1114112K
  class space    used 647K, committed 768K, reserved 1048576K
}
Event: 0.614 GC heap after
{Heap after GC invocations=1 (full 0):
 garbage-first heap   total 131072K, used 3672K [0x00000000f0000000, 0x0000000100000000)
  region size 1024K, 3 young (3072K), 3 survivors (3072K)
 Metaspace       used 5383K, committed 5568K, reserved 1114112K
  class space    used 647K, committed 768K, reserved 1048576K
}
Event: 1.142 GC heap before
{Heap before GC invocations=1 (full 0):
 garbage-first heap   total 131072K, used 35416K [0x00000000f0000000, 0x0000000100000000)
  region size 1024K, 34 young (34816K), 3 survivors (3072K)
 Metaspace       used 9087K, committed 9216K, reserved 1114112K
  class space    used 1099K, committed 1152K, reserved 1048576K
}
Event: 1.146 GC heap after
{Heap after GC invocations=2 (full 0):
 garbage-first heap   total 131072K, used 5217K [0x00000000f0000000, 0x0000000100000000)
  region size 1024K, 2 young (2048K), 2 survivors (2048K)
 Metaspace       used 9087K, committed 9216K, reserved 1114112K
  class space    used 1099K, committed 1152K, reserved 1048576K
}

Deoptimization events (20 events):
Event: 2.114 Thread 0x000002150ba649e0 Uncommon trap: trap_request=0xffffff45 fr.pc=0x000002151af27294 relative=0x0000000000001cd4
Event: 2.114 Thread 0x000002150ba649e0 Uncommon trap: reason=unstable_if action=reinterpret pc=0x000002151af27294 method=org.codehaus.plexus.util.xml.pull.MXParser.nextImpl()I @ 884 c2
Event: 2.114 Thread 0x000002150ba649e0 DEOPT PACKING pc=0x000002151af27294 sp=0x0000002717ffd540
Event: 2.114 Thread 0x000002150ba649e0 DEOPT UNPACKING pc=0x000002151a8a23a3 sp=0x0000002717ffd518 mode 2
Event: 2.124 Thread 0x000002150ba649e0 DEOPT PACKING pc=0x00000215137f96ea sp=0x0000002717ffd4b0
Event: 2.124 Thread 0x000002150ba649e0 DEOPT UNPACKING pc=0x000002151a8a2b43 sp=0x0000002717ffc9c0 mode 0
Event: 2.338 Thread 0x000002150ba649e0 DEOPT PACKING pc=0x000002151386fe55 sp=0x0000002717ffcef0
Event: 2.338 Thread 0x000002150ba649e0 DEOPT UNPACKING pc=0x000002151a8a2b43 sp=0x0000002717ffc400 mode 0
Event: 2.363 Thread 0x000002150ba649e0 DEOPT PACKING pc=0x000002151387f904 sp=0x0000002717ffca20
Event: 2.363 Thread 0x000002150ba649e0 DEOPT UNPACKING pc=0x000002151a8a2b43 sp=0x0000002717ffbf78 mode 0
Event: 2.403 Thread 0x000002150ba649e0 Uncommon trap: trap_request=0xffffffcc fr.pc=0x000002151af7b184 relative=0x00000000000001e4
Event: 2.403 Thread 0x000002150ba649e0 Uncommon trap: reason=intrinsic_or_type_checked_inlining action=make_not_entrant pc=0x000002151af7b184 method=java.util.Arrays.copyOf([Ljava/lang/Object;ILjava/lang/Class;)[Ljava/lang/Object; @ 35 c2
Event: 2.403 Thread 0x000002150ba649e0 DEOPT PACKING pc=0x000002151af7b184 sp=0x0000002717ffd4a0
Event: 2.403 Thread 0x000002150ba649e0 DEOPT UNPACKING pc=0x000002151a8a23a3 sp=0x0000002717ffd430 mode 2
Event: 2.406 Thread 0x000002150ba649e0 Uncommon trap: trap_request=0xffffff45 fr.pc=0x000002151af43078 relative=0x0000000000000e78
Event: 2.406 Thread 0x000002150ba649e0 Uncommon trap: reason=unstable_if action=reinterpret pc=0x000002151af43078 method=org.codehaus.plexus.util.xml.pull.MXParser.nextImpl()I @ 906 c2
Event: 2.406 Thread 0x000002150ba649e0 DEOPT PACKING pc=0x000002151af43078 sp=0x0000002717ffd440
Event: 2.406 Thread 0x000002150ba649e0 DEOPT UNPACKING pc=0x000002151a8a23a3 sp=0x0000002717ffd3f0 mode 2
Event: 2.428 Thread 0x000002150ba649e0 DEOPT PACKING pc=0x00000215138a59f3 sp=0x0000002717ffce30
Event: 2.428 Thread 0x000002150ba649e0 DEOPT UNPACKING pc=0x000002151a8a2b43 sp=0x0000002717ffc350 mode 0

Classes unloaded (0 events):
No events

Classes redefined (0 events):
No events

Internal exceptions (20 events):
Event: 0.201 Thread 0x000002150ba649e0 Exception <a 'java/lang/NoSuchMethodError'{0x00000000f79585e8}: 'void java.lang.invoke.DirectMethodHandle$Holder.invokeStatic(java.lang.Object, java.lang.Object, java.lang.Object)'> (0x00000000f79585e8) 
thrown [s\open\src\hotspot\share\interpreter\linkResolver.cpp, line 759]
Event: 0.251 Thread 0x000002150ba649e0 Exception <a 'java/lang/NoSuchMethodError'{0x00000000f7710e50}: 'java.lang.Object java.lang.invoke.DirectMethodHandle$Holder.invokeSpecialIFC(java.lang.Object, java.lang.Object, java.lang.Object, java.lang.Object)'> (0x00000000f7710e50) 
thrown [s\open\src\hotspot\share\interpreter\linkResolver.cpp, line 759]
Event: 0.424 Thread 0x000002150ba649e0 Exception <a 'java/lang/NoSuchMethodError'{0x00000000f71708a0}: 'void java.lang.invoke.DirectMethodHandle$Holder.invokeSpecial(java.lang.Object, java.lang.Object, java.lang.Object)'> (0x00000000f71708a0) 
thrown [s\open\src\hotspot\share\interpreter\linkResolver.cpp, line 759]
Event: 0.461 Thread 0x000002150ba649e0 Exception <a 'java/lang/NoSuchMethodError'{0x00000000f70efa28}: 'java.lang.Object java.lang.invoke.DirectMethodHandle$Holder.invokeInterface(java.lang.Object, java.lang.Object)'> (0x00000000f70efa28) 
thrown [s\open\src\hotspot\share\interpreter\linkResolver.cpp, line 759]
Event: 0.478 Thread 0x000002150ba649e0 Exception <a 'java/lang/NoSuchMethodError'{0x00000000f6fa8730}: 'java.lang.Object java.lang.invoke.Invokers$Holder.invokeExact_MT(java.lang.Object, java.lang.Object, java.lang.Object, java.lang.Object, java.lang.Object, java.lang.Object)'> (0x00000000f6fa8730) 
thrown [s\open\src\hotspot\share\interpreter\linkResolver.cpp, line 759]
Event: 0.480 Thread 0x000002150ba649e0 Exception <a 'java/lang/NoSuchMethodError'{0x00000000f6fb9bb0}: 'int java.lang.invoke.DirectMethodHandle$Holder.invokeSpecialIFC(java.lang.Object, java.lang.Object, java.lang.Object, java.lang.Object, java.lang.Object)'> (0x00000000f6fb9bb0) 
thrown [s\open\src\hotspot\share\interpreter\linkResolver.cpp, line 759]
Event: 0.528 Thread 0x000002150ba649e0 Exception <a 'java/lang/NoSuchMethodError'{0x00000000f6d837c8}: 'java.lang.Object java.lang.invoke.DirectMethodHandle$Holder.newInvokeSpecial(java.lang.Object, java.lang.Object, java.lang.Object, java.lang.Object, java.lang.Object)'> (0x00000000f6d837c8) 
thrown [s\open\src\hotspot\share\interpreter\linkResolver.cpp, line 759]
Event: 0.558 Thread 0x000002150ba649e0 Exception <a 'java/lang/NoSuchMethodError'{0x00000000f6cb3f70}: 'int java.lang.invoke.DirectMethodHandle$Holder.invokeStaticInit(java.lang.Object, java.lang.Object)'> (0x00000000f6cb3f70) 
thrown [s\open\src\hotspot\share\interpreter\linkResolver.cpp, line 759]
Event: 0.565 Thread 0x000002150ba649e0 Exception <a 'java/lang/NoClassDefFoundError'{0x00000000f6cef9d0}: javax/enterprise/inject/Typed> (0x00000000f6cef9d0) 
thrown [s\open\src\hotspot\share\classfile\systemDictionary.cpp, line 245]
Event: 1.310 Thread 0x000002150ba649e0 Exception <a 'java/lang/NoSuchMethodError'{0x00000000f7870ac8}: 'void java.lang.invoke.DirectMethodHandle$Holder.invokeStaticInit(java.lang.Object, java.lang.Object, java.lang.Object)'> (0x00000000f7870ac8) 
thrown [s\open\src\hotspot\share\interpreter\linkResolver.cpp, line 759]
Event: 1.324 Thread 0x000002150ba649e0 Implicit null exception at 0x000002151ae7b32f to 0x000002151ae7b48c
Event: 1.326 Thread 0x000002150ba649e0 Exception <a 'java/lang/NoSuchMethodError'{0x00000000f78ec3a0}: 'java.lang.Object java.lang.invoke.Invokers$Holder.invokeExact_MT(java.lang.Object, int, java.lang.Object)'> (0x00000000f78ec3a0) 
thrown [s\open\src\hotspot\share\interpreter\linkResolver.cpp, line 759]
Event: 1.337 Thread 0x000002150ba649e0 Exception <a 'java/lang/NoSuchMethodError'{0x00000000f77718e0}: 'int java.lang.invoke.DirectMethodHandle$Holder.invokeSpecial(java.lang.Object, java.lang.Object, java.lang.Object, java.lang.Object)'> (0x00000000f77718e0) 
thrown [s\open\src\hotspot\share\interpreter\linkResolver.cpp, line 759]
Event: 1.569 Thread 0x000002150ba649e0 Exception <a 'java/lang/NoClassDefFoundError'{0x00000000f6e13da8}: com/google/inject/servlet/ServletModuleTargetVisitor> (0x00000000f6e13da8) 
thrown [s\open\src\hotspot\share\classfile\systemDictionary.cpp, line 245]
Event: 1.652 Thread 0x000002150ba649e0 Exception <a 'java/lang/NoSuchMethodError'{0x00000000f6c54730}: 'java.lang.Object java.lang.invoke.DirectMethodHandle$Holder.invokeStaticInit(java.lang.Object, int, int, int, int)'> (0x00000000f6c54730) 
thrown [s\open\src\hotspot\share\interpreter\linkResolver.cpp, line 759]
Event: 1.718 Thread 0x000002150ba649e0 Implicit null exception at 0x000002151ae148f2 to 0x000002151ae14ebc
Event: 1.719 Thread 0x000002150ba649e0 Implicit null exception at 0x000002151ae196f2 to 0x000002151ae19ccc
Event: 1.755 Thread 0x000002150ba649e0 Exception <a 'java/lang/NoSuchMethodError'{0x00000000f68e8568}: 'void java.lang.invoke.DirectMethodHandle$Holder.invokeSpecial(java.lang.Object, java.lang.Object, java.lang.Object, java.lang.Object, java.lang.Object, java.lang.Object)'> (0x00000000f68e8568) 
thrown [s\open\src\hotspot\share\interpreter\linkResolver.cpp, line 759]
Event: 1.769 Thread 0x000002150ba649e0 Exception <a 'java/lang/NoSuchMethodError'{0x00000000f67e5648}: 'java.lang.Object java.lang.invoke.DirectMethodHandle$Holder.invokeVirtual(java.lang.Object, java.lang.Object, java.lang.Object)'> (0x00000000f67e5648) 
thrown [s\open\src\hotspot\share\interpreter\linkResolver.cpp, line 759]
Event: 2.448 Thread 0x000002150ba649e0 Exception <a 'java/lang/NoSuchMethodError'{0x00000000f46c7460}: 'void java.lang.invoke.DirectMethodHandle$Holder.invokeStatic(java.lang.Object, java.lang.Object, java.lang.Object, java.lang.Object)'> (0x00000000f46c7460) 
thrown [s\open\src\hotspot\share\interpreter\linkResolver.cpp, line 759]

VM Operations (20 events):
Event: 1.403 Executing VM operation: HandshakeAllThreads done
Event: 1.536 Executing VM operation: ICBufferFull
Event: 1.536 Executing VM operation: ICBufferFull done
Event: 1.553 Executing VM operation: HandshakeAllThreads
Event: 1.553 Executing VM operation: HandshakeAllThreads done
Event: 1.622 Executing VM operation: HandshakeAllThreads
Event: 1.622 Executing VM operation: HandshakeAllThreads done
Event: 1.643 Executing VM operation: HandshakeAllThreads
Event: 1.643 Executing VM operation: HandshakeAllThreads done
Event: 1.693 Executing VM operation: HandshakeAllThreads
Event: 1.693 Executing VM operation: HandshakeAllThreads done
Event: 1.694 Executing VM operation: HandshakeAllThreads
Event: 1.694 Executing VM operation: HandshakeAllThreads done
Event: 1.854 Executing VM operation: ICBufferFull
Event: 1.854 Executing VM operation: ICBufferFull done
Event: 2.318 Executing VM operation: HandshakeAllThreads
Event: 2.318 Executing VM operation: HandshakeAllThreads done
Event: 2.326 Executing VM operation: ICBufferFull
Event: 2.326 Executing VM operation: ICBufferFull done
Event: 3.339 Executing VM operation: Cleanup

Events (20 events):
Event: 1.792 loading class sun/util/resources/LocaleData$CommonResourceBundleProvider
Event: 1.792 loading class sun/util/resources/LocaleData$LocaleDataResourceBundleProvider
Event: 1.792 loading class java/util/spi/ResourceBundleProvider
Event: 1.792 loading class java/util/spi/ResourceBundleProvider done
Event: 1.792 loading class sun/util/resources/LocaleData$LocaleDataResourceBundleProvider done
Event: 1.792 loading class sun/util/resources/LocaleData$CommonResourceBundleProvider done
Event: 1.792 loading class sun/util/resources/Bundles$2
Event: 1.792 loading class sun/util/resources/Bundles$2 done
Event: 1.890 loading class java/util/stream/Streams$RangeIntSpliterator
Event: 1.891 loading class java/util/stream/Streams$RangeIntSpliterator done
Event: 2.310 loading class java/util/stream/MatchOps$MatchKind
Event: 2.310 loading class java/util/stream/MatchOps$MatchKind done
Event: 2.310 loading class java/util/stream/MatchOps
Event: 2.310 loading class java/util/stream/MatchOps done
Event: 2.310 loading class java/util/stream/MatchOps$MatchOp
Event: 2.310 loading class java/util/stream/MatchOps$MatchOp done
Event: 2.310 loading class java/util/stream/MatchOps$BooleanTerminalSink
Event: 2.310 loading class java/util/stream/MatchOps$BooleanTerminalSink done
Event: 2.310 loading class java/util/stream/MatchOps$1MatchSink
Event: 2.310 loading class java/util/stream/MatchOps$1MatchSink done


Dynamic libraries:
0x00007ff67e690000 - 0x00007ff67e6a0000 	C:\Program Files\Java\jdk-17\bin\java.exe
0x00007ff85d7c0000 - 0x00007ff85da28000 	C:\WINDOWS\SYSTEM32\ntdll.dll
0x00007ff85c350000 - 0x00007ff85c419000 	C:\WINDOWS\System32\KERNEL32.DLL
0x00007ff85a950000 - 0x00007ff85ad42000 	C:\WINDOWS\System32\KERNELBASE.dll
0x00007ff85b180000 - 0x00007ff85b2cb000 	C:\WINDOWS\System32\ucrtbase.dll
0x00007ff848b30000 - 0x00007ff848b49000 	C:\Program Files\Java\jdk-17\bin\jli.dll
0x00007ff848c30000 - 0x00007ff848c4b000 	C:\Program Files\Java\jdk-17\bin\VCRUNTIME140.dll
0x00007ff85d640000 - 0x00007ff85d6f4000 	C:\WINDOWS\System32\ADVAPI32.dll
0x00007ff85c420000 - 0x00007ff85c4c9000 	C:\WINDOWS\System32\msvcrt.dll
0x00007ff85b9b0000 - 0x00007ff85ba56000 	C:\WINDOWS\System32\sechost.dll
0x00007ff85ba60000 - 0x00007ff85bb78000 	C:\WINDOWS\System32\RPCRT4.dll
0x00007ff85d310000 - 0x00007ff85d4d5000 	C:\WINDOWS\System32\USER32.dll
0x00007ff85b150000 - 0x00007ff85b177000 	C:\WINDOWS\System32\win32u.dll
0x00007ff839e00000 - 0x00007ff83a093000 	C:\WINDOWS\WinSxS\amd64_microsoft.windows.common-controls_6595b64144ccf1df_6.0.26100.6899_none_3e0efeeae32e88c1\COMCTL32.dll
0x00007ff85b5a0000 - 0x00007ff85b5cb000 	C:\WINDOWS\System32\GDI32.dll
0x00007ff85ad50000 - 0x00007ff85ae7d000 	C:\WINDOWS\System32\gdi32full.dll
0x00007ff85b360000 - 0x00007ff85b403000 	C:\WINDOWS\System32\msvcp_win.dll
0x00007ff854440000 - 0x00007ff85444b000 	C:\WINDOWS\SYSTEM32\VERSION.dll
0x00007ff85bc80000 - 0x00007ff85bcaf000 	C:\WINDOWS\System32\IMM32.DLL
0x00007ff8558c0000 - 0x00007ff8558cc000 	C:\Program Files\Java\jdk-17\bin\vcruntime140_1.dll
0x00007ff847550000 - 0x00007ff8475de000 	C:\Program Files\Java\jdk-17\bin\msvcp140.dll
0x00007fffda290000 - 0x00007fffdae70000 	C:\Program Files\Java\jdk-17\bin\server\jvm.dll
0x00007ff85bcc0000 - 0x00007ff85bcc8000 	C:\WINDOWS\System32\PSAPI.DLL
0x00007fffdb270000 - 0x00007fffdb27a000 	C:\WINDOWS\SYSTEM32\WSOCK32.dll
0x00007ff85c540000 - 0x00007ff85c5b4000 	C:\WINDOWS\System32\WS2_32.dll
0x00007ff8537a0000 - 0x00007ff8537d5000 	C:\WINDOWS\SYSTEM32\WINMM.dll
0x00007ff859720000 - 0x00007ff85973b000 	C:\WINDOWS\SYSTEM32\kernel.appcore.dll
0x00007ff84a4f0000 - 0x00007ff84a4fa000 	C:\Program Files\Java\jdk-17\bin\jimage.dll
0x00007ff84ffd0000 - 0x00007ff850212000 	C:\WINDOWS\SYSTEM32\DBGHELP.DLL
0x00007ff85ce10000 - 0x00007ff85d18b000 	C:\WINDOWS\System32\combase.dll
0x00007ff85b5d0000 - 0x00007ff85b6a7000 	C:\WINDOWS\System32\OLEAUT32.dll
0x00007ff842bc0000 - 0x00007ff842bfc000 	C:\WINDOWS\SYSTEM32\dbgcore.DLL
0x00007ff85b0b0000 - 0x00007ff85b148000 	C:\WINDOWS\System32\bcryptPrimitives.dll
0x00007ff8484a0000 - 0x00007ff8484c5000 	C:\Program Files\Java\jdk-17\bin\java.dll
0x00007ff845480000 - 0x00007ff845557000 	C:\Program Files\Java\jdk-17\bin\jsvml.dll
0x00007ff85c6c0000 - 0x00007ff85ce0d000 	C:\WINDOWS\System32\SHELL32.dll
0x00007ff85af40000 - 0x00007ff85b0ab000 	C:\WINDOWS\System32\wintypes.dll
0x00007ff858590000 - 0x00007ff858ded000 	C:\WINDOWS\SYSTEM32\windows.storage.dll
0x00007ff85d540000 - 0x00007ff85d632000 	C:\WINDOWS\System32\SHCORE.dll
0x00007ff85bb80000 - 0x00007ff85bbe2000 	C:\WINDOWS\System32\shlwapi.dll
0x00007ff85a870000 - 0x00007ff85a899000 	C:\WINDOWS\SYSTEM32\profapi.dll
0x00007ff848dc0000 - 0x00007ff848dd9000 	C:\Program Files\Java\jdk-17\bin\net.dll
0x00007ff852fe0000 - 0x00007ff8530ff000 	C:\WINDOWS\SYSTEM32\WINHTTP.dll
0x00007ff859c90000 - 0x00007ff859cfb000 	C:\WINDOWS\system32\mswsock.dll
0x00007ff848c70000 - 0x00007ff848c86000 	C:\Program Files\Java\jdk-17\bin\nio.dll
0x00007ff848c50000 - 0x00007ff848c68000 	C:\Program Files\Java\jdk-17\bin\zip.dll
0x00007ff8482b0000 - 0x00007ff8482d4000 	C:\Users\divya\.m2\wrapper\dists\apache-maven-3.9.15\0226a00282e400185496f3b60ec5a3f029cbdc6893912937d4876d57695224e1\lib\jansi-native\Windows\x86_64\jansi.dll
0x00007ff848ab0000 - 0x00007ff848ac0000 	C:\Program Files\Java\jdk-17\bin\verify.dll

dbghelp: loaded successfully - version: 4.0.5 - missing functions: none
symbol engine: initialized successfully - sym options: 0x614 - pdb path: .;C:\Program Files\Java\jdk-17\bin;C:\WINDOWS\SYSTEM32;C:\WINDOWS\WinSxS\amd64_microsoft.windows.common-controls_6595b64144ccf1df_6.0.26100.6899_none_3e0efeeae32e88c1;C:\Program Files\Java\jdk-17\bin\server;C:\Users\divya\.m2\wrapper\dists\apache-maven-3.9.15\0226a00282e400185496f3b60ec5a3f029cbdc6893912937d4876d57695224e1\lib\jansi-native\Windows\x86_64

VM Arguments:
jvm_args: --enable-native-access=ALL-UNNAMED -Xmx256m -Xms128m -Dclassworlds.conf=C:\Users\divya\.m2\wrapper\dists\apache-maven-3.9.15\0226a00282e400185496f3b60ec5a3f029cbdc6893912937d4876d57695224e1\bin\m2.conf -Dmaven.home=C:\Users\divya\.m2\wrapper\dists\apache-maven-3.9.15\0226a00282e400185496f3b60ec5a3f029cbdc6893912937d4876d57695224e1 -Dlibrary.jansi.path=C:\Users\divya\.m2\wrapper\dists\apache-maven-3.9.15\0226a00282e400185496f3b60ec5a3f029cbdc6893912937d4876d57695224e1\lib\jansi-native -Dmaven.multiModuleProjectDirectory=D:\FITCHECK\backend 
java_command: org.codehaus.plexus.classworlds.launcher.Launcher package -DskipTests -q
java_class_path (initial): C:\Users\divya\.m2\wrapper\dists\apache-maven-3.9.15\0226a00282e400185496f3b60ec5a3f029cbdc6893912937d4876d57695224e1\boot\plexus-classworlds-2.9.0.jar
Launcher Type: SUN_STANDARD

[Global flags]
     intx CICompilerCount                          = 4                                         {product} {ergonomic}
     uint ConcGCThreads                            = 3                                         {product} {ergonomic}
     uint G1ConcRefinementThreads                  = 10                                        {product} {ergonomic}
   size_t G1HeapRegionSize                         = 1048576                                   {product} {ergonomic}
    uintx GCDrainStackTargetSize                   = 64                                        {product} {ergonomic}
   size_t InitialHeapSize                          = 134217728                                 {product} {command line}
   size_t MarkStackSize                            = 4194304                                   {product} {ergonomic}
   size_t MaxHeapSize                              = 268435456                                 {product} {command line}
   size_t MaxNewSize                               = 160432128                                 {product} {ergonomic}
   size_t MinHeapDeltaBytes                        = 1048576                                   {product} {ergonomic}
   size_t MinHeapSize                              = 134217728                                 {product} {command line}
    uintx NonNMethodCodeHeapSize                   = 5839372                                {pd product} {ergonomic}
    uintx NonProfiledCodeHeapSize                  = 122909434                              {pd product} {ergonomic}
    uintx ProfiledCodeHeapSize                     = 122909434                              {pd product} {ergonomic}
    uintx ReservedCodeCacheSize                    = 251658240                              {pd product} {ergonomic}
     bool SegmentedCodeCache                       = true                                      {product} {ergonomic}
   size_t SoftMaxHeapSize                          = 268435456                              {manageable} {ergonomic}
     bool UseCompressedClassPointers               = true                           {product lp64_product} {ergonomic}
     bool UseCompressedOops                        = true                           {product lp64_product} {ergonomic}
     bool UseG1GC                                  = true                                      {product} {ergonomic}
     bool UseLargePagesIndividualAllocation        = false                                  {pd product} {ergonomic}

Logging:
Log output configuration:
 #0: stdout all=warning uptime,level,tags
 #1: stderr all=off uptime,level,tags

Environment Variables:
JAVA_HOME=C:\Program Files\Java\jdk-17
PATH=C:\Program Files\Mozilla Firefox;C:\Program Files\Java\jdk-17\bin;C:\Windows\system32;C:\Windows;C:\Windows\System32\Wbem;C:\Windows\System32\WindowsPowerShell\v1.0\;C:\Windows\System32\OpenSSH\;C:\Program Files (x86)\NVIDIA Corporation\PhysX\Common;C:\WINDOWS\system32;C:\WINDOWS;C:\WINDOWS\System32\Wbem;C:\WINDOWS\System32\WindowsPowerShell\v1.0\;C:\WINDOWS\System32\OpenSSH\;C:\Program Files\MySQL\MySQL Server 8.0\bin;C:\MinGW\bin;C:\MinGW\mingw32\bin;C:\Program Files\Git\cmd;C:\Program Files\NVIDIA Corporation\NVIDIA App\NvDLISR;C:\Program Files\nodejs\;C:\flutter\src\flutter\bin;C:\Users\divya\AppData\Local\Programs\Microsoft VS Code;C:\Users\divya\AppData\Local\Programs\Microsoft VS Code\Code.exe;C:\Users\divya\AppData\Local\Programs\Microsoft VS Code\bin;C:\src\flutter\bin;C:\ProgramData\divya\GitHubDesktop\bin;C:\Users\divya\AppData\Local\GitHubDesktop\bin;C:\Program Files\Java\jdk-17;C:\Users\divya\AppData\Local\Programs\Windsurf\bin;C:\Users\divya\AppData\Roaming\npm;C:\Program Files\JetBrains\IntelliJ IDEA 2025.3.3\bin
USERNAME=divya
OS=Windows_NT
PROCESSOR_IDENTIFIER=AMD64 Family 23 Model 104 Stepping 1, AuthenticAMD



---------------  S Y S T E M  ---------------

OS:
 Windows 11 , 64 bit Build 26100 (10.0.26100.6725)
OS uptime: 2 days 12:56 hours
Hyper-V role detected

CPU: total 12 (initial active 12) (12 cores per cpu, 2 threads per core) family 23 model 104 stepping 1 microcode 0x8608103, cx8, cmov, fxsr, ht, mmx, 3dnowpref, sse, sse2, sse3, ssse3, sse4a, sse4.1, sse4.2, popcnt, lzcnt, tsc, tscinvbit, avx, avx2, aes, clmul, bmi1, bmi2, adx, sha, fma, vzeroupper, clflush, clflushopt, hv

Memory: 4k page, system-wide physical 7514M (873M free)
TotalPageFile size 19802M (AvailPageFile size 10M)
current process WorkingSet (physical memory assigned to process): 152M, peak: 152M
current process commit charge ("private bytes"): 263M, peak: 264M

vm_info: Java HotSpot(TM) 64-Bit Server VM (17.0.12+8-LTS-286) for windows-amd64 JRE (17.0.12+8-LTS-286), built on Jun  5 2024 06:46:59 by "mach5one" with MS VC++ 17.6 (VS2022)

END.
