#
# There is insufficient memory for the Java Runtime Environment to continue.
# Native memory allocation (mmap) failed to map 268435456 bytes for G1 virtual space
# Possible reasons:
#   The system is out of physical RAM or swap space
#   The process is running with CompressedOops enabled, and the Java Heap may be blocking the growth of the native heap
# Possible solutions:
#   Reduce memory load on the system
#   Increase physical memory or swap space
#   Check if swap backing store is full
#   Decrease Java heap size (-Xmx/-Xms)
#   Decrease number of Java threads
#   Decrease Java thread stack sizes (-Xss)
#   Set larger code cache with -XX:ReservedCodeCacheSize=
#   JVM is running with Unscaled Compressed Oops mode in which the Java heap is
#     placed in the first 4GB address space. The Java Heap base address is the
#     maximum limit for the native heap growth. Please use -XX:HeapBaseMinAddress
#     to set the Java Heap base and to place the Java Heap above 4GB virtual address.
# This output file may be truncated or incomplete.
#
#  Out of Memory Error (os_windows.cpp:3548), pid=24060, tid=28260
#
# JRE version:  (17.0.12+8) (build )
# Java VM: Java HotSpot(TM) 64-Bit Server VM (17.0.12+8-LTS-286, mixed mode, sharing, tiered, compressed oops, compressed class ptrs, g1 gc, windows-amd64)
# No core dump will be written. Minidumps are not enabled by default on client versions of Windows
#

---------------  S U M M A R Y ------------

Command Line: --enable-native-access=ALL-UNNAMED -Xmx512m -Xms256m -Dclassworlds.conf=C:\Users\divya\.m2\wrapper\dists\apache-maven-3.9.15\0226a00282e400185496f3b60ec5a3f029cbdc6893912937d4876d57695224e1\bin\m2.conf -Dmaven.home=C:\Users\divya\.m2\wrapper\dists\apache-maven-3.9.15\0226a00282e400185496f3b60ec5a3f029cbdc6893912937d4876d57695224e1 -Dlibrary.jansi.path=C:\Users\divya\.m2\wrapper\dists\apache-maven-3.9.15\0226a00282e400185496f3b60ec5a3f029cbdc6893912937d4876d57695224e1\lib\jansi-native -Dmaven.multiModuleProjectDirectory=D:\FITCHECK\backend org.codehaus.plexus.classworlds.launcher.Launcher spring-boot:run

Host: AMD Ryzen 5 5500U with Radeon Graphics         , 12 cores, 7G,  Windows 11 , 64 bit Build 26100 (10.0.26100.6725)
Time: Thu May  7 00:00:52 2026 India Standard Time elapsed time: 1.081778 seconds (0d 0h 0m 1s)

---------------  T H R E A D  ---------------

Current thread (0x000002e201dd2a50):  JavaThread "Unknown thread" [_thread_in_vm, id=28260, stack(0x000000e71e300000,0x000000e71e400000)]

Stack: [0x000000e71e300000,0x000000e71e400000]
Native frames: (J=compiled Java code, j=interpreted, Vv=VM code, C=native code)
V  [jvm.dll+0x67a04a]
V  [jvm.dll+0x7da4ed]
V  [jvm.dll+0x7dbe33]
V  [jvm.dll+0x7dc4a3]
V  [jvm.dll+0x24508f]
V  [jvm.dll+0x677089]
V  [jvm.dll+0x66bd32]
V  [jvm.dll+0x301fa6]
V  [jvm.dll+0x309546]
V  [jvm.dll+0x359d2e]
V  [jvm.dll+0x359f5f]
V  [jvm.dll+0x2d9078]
V  [jvm.dll+0x2d9fe4]
V  [jvm.dll+0x7aca21]
V  [jvm.dll+0x367591]
V  [jvm.dll+0x78b999]
V  [jvm.dll+0x3ec83f]
V  [jvm.dll+0x3ee471]
C  [jli.dll+0x5297]
C  [ucrtbase.dll+0x37b0]
C  [KERNEL32.DLL+0x2e8d7]
C  [ntdll.dll+0x8c53c]


---------------  P R O C E S S  ---------------

Threads class SMR info:
_java_thread_list=0x00007fffdad47a18, length=0, elements={
}

Java Threads: ( => current thread )

Other Threads:
  0x000002e201e01cd0 GCTaskThread "GC Thread#0" [stack: 0x000000e71e400000,0x000000e71e500000] [id=22168]
  0x000002e201e07c30 ConcurrentGCThread "G1 Main Marker" [stack: 0x000000e71e500000,0x000000e71e600000] [id=28420]
  0x000002e201e09310 ConcurrentGCThread "G1 Conc#0" [stack: 0x000000e71e600000,0x000000e71e700000] [id=14408]

[error occurred during error reporting (printing all threads), id 0xc0000005, EXCEPTION_ACCESS_VIOLATION (0xc0000005) at pc=0x00007fffda579b67]

VM state: not at safepoint (not fully initialized)

VM Mutex/Monitor currently owned by a thread:  ([mutex/lock_event])
[0x000002e201dce4b0] Heap_lock - owner thread: 0x000002e201dd2a50

Heap address: 0x00000000e0000000, size: 512 MB, Compressed Oops mode: 32-bit

CDS archive(s) mapped at: [0x0000000000000000-0x0000000000000000-0x0000000000000000), size 0, SharedBaseAddress: 0x0000000800000000, ArchiveRelocationMode: 1.
Narrow klass base: 0x0000000000000000, Narrow klass shift: 0, Narrow klass range: 0x0

GC Precious Log:
<Empty>

Heap:
 garbage-first heap   total 0K, used 0K [0x00000000e0000000, 0x0000000100000000)
  region size 1024K, 0 young (0K), 0 survivors (0K)

[error occurred during error reporting (printing heap information), id 0xc0000005, EXCEPTION_ACCESS_VIOLATION (0xc0000005) at pc=0x00007fffda963859]

GC Heap History (0 events):
No events

Deoptimization events (0 events):
No events

Classes unloaded (0 events):
No events

Classes redefined (0 events):
No events

Internal exceptions (0 events):
No events

VM Operations (0 events):
No events

Events (1 events):
Event: 0.007 Loaded shared library C:\Program Files\Java\jdk-17\bin\java.dll


Dynamic libraries:
0x00007ff67e690000 - 0x00007ff67e6a0000 	C:\Program Files\Java\jdk-17\bin\java.exe
0x00007ff85d7c0000 - 0x00007ff85da28000 	C:\WINDOWS\SYSTEM32\ntdll.dll
0x00007ff85c350000 - 0x00007ff85c419000 	C:\WINDOWS\System32\KERNEL32.DLL
0x00007ff85a950000 - 0x00007ff85ad42000 	C:\WINDOWS\System32\KERNELBASE.dll
0x00007ff85b180000 - 0x00007ff85b2cb000 	C:\WINDOWS\System32\ucrtbase.dll
0x00007ff848c30000 - 0x00007ff848c4b000 	C:\Program Files\Java\jdk-17\bin\VCRUNTIME140.dll
0x00007ff848b30000 - 0x00007ff848b49000 	C:\Program Files\Java\jdk-17\bin\jli.dll
0x00007ff85d640000 - 0x00007ff85d6f4000 	C:\WINDOWS\System32\ADVAPI32.dll
0x00007ff85c420000 - 0x00007ff85c4c9000 	C:\WINDOWS\System32\msvcrt.dll
0x00007ff85b9b0000 - 0x00007ff85ba56000 	C:\WINDOWS\System32\sechost.dll
0x00007ff85ba60000 - 0x00007ff85bb78000 	C:\WINDOWS\System32\RPCRT4.dll
0x00007ff85d310000 - 0x00007ff85d4d5000 	C:\WINDOWS\System32\USER32.dll
0x00007ff839e00000 - 0x00007ff83a093000 	C:\WINDOWS\WinSxS\amd64_microsoft.windows.common-controls_6595b64144ccf1df_6.0.26100.6899_none_3e0efeeae32e88c1\COMCTL32.dll
0x00007ff85b150000 - 0x00007ff85b177000 	C:\WINDOWS\System32\win32u.dll
0x00007ff85b5a0000 - 0x00007ff85b5cb000 	C:\WINDOWS\System32\GDI32.dll
0x00007ff85ad50000 - 0x00007ff85ae7d000 	C:\WINDOWS\System32\gdi32full.dll
0x00007ff85b360000 - 0x00007ff85b403000 	C:\WINDOWS\System32\msvcp_win.dll
0x00007ff854440000 - 0x00007ff85444b000 	C:\WINDOWS\SYSTEM32\VERSION.dll
0x00007ff85bc80000 - 0x00007ff85bcaf000 	C:\WINDOWS\System32\IMM32.DLL
0x00007ff8558c0000 - 0x00007ff8558cc000 	C:\Program Files\Java\jdk-17\bin\vcruntime140_1.dll
0x00007ff847550000 - 0x00007ff8475de000 	C:\Program Files\Java\jdk-17\bin\msvcp140.dll
0x00007fffda290000 - 0x00007fffdae70000 	C:\Program Files\Java\jdk-17\bin\server\jvm.dll
0x00007ff85bcc0000 - 0x00007ff85bcc8000 	C:\WINDOWS\System32\PSAPI.DLL
0x00007ff8537a0000 - 0x00007ff8537d5000 	C:\WINDOWS\SYSTEM32\WINMM.dll
0x00007fffdb270000 - 0x00007fffdb27a000 	C:\WINDOWS\SYSTEM32\WSOCK32.dll
0x00007ff85c540000 - 0x00007ff85c5b4000 	C:\WINDOWS\System32\WS2_32.dll
0x00007ff859720000 - 0x00007ff85973b000 	C:\WINDOWS\SYSTEM32\kernel.appcore.dll
0x00007ff84a4f0000 - 0x00007ff84a4fa000 	C:\Program Files\Java\jdk-17\bin\jimage.dll
0x00007ff84ffd0000 - 0x00007ff850212000 	C:\WINDOWS\SYSTEM32\DBGHELP.DLL
0x00007ff85ce10000 - 0x00007ff85d18b000 	C:\WINDOWS\System32\combase.dll
0x00007ff85b5d0000 - 0x00007ff85b6a7000 	C:\WINDOWS\System32\OLEAUT32.dll
0x00007ff842bc0000 - 0x00007ff842bfc000 	C:\WINDOWS\SYSTEM32\dbgcore.DLL
0x00007ff85b0b0000 - 0x00007ff85b148000 	C:\WINDOWS\System32\bcryptPrimitives.dll
0x00007ff8484a0000 - 0x00007ff8484c5000 	C:\Program Files\Java\jdk-17\bin\java.dll

dbghelp: loaded successfully - version: 4.0.5 - missing functions: none
symbol engine: initialized successfully - sym options: 0x614 - pdb path: .;C:\Program Files\Java\jdk-17\bin;C:\WINDOWS\SYSTEM32;C:\WINDOWS\WinSxS\amd64_microsoft.windows.common-controls_6595b64144ccf1df_6.0.26100.6899_none_3e0efeeae32e88c1;C:\Program Files\Java\jdk-17\bin\server

VM Arguments:
jvm_args: --enable-native-access=ALL-UNNAMED -Xmx512m -Xms256m -Dclassworlds.conf=C:\Users\divya\.m2\wrapper\dists\apache-maven-3.9.15\0226a00282e400185496f3b60ec5a3f029cbdc6893912937d4876d57695224e1\bin\m2.conf -Dmaven.home=C:\Users\divya\.m2\wrapper\dists\apache-maven-3.9.15\0226a00282e400185496f3b60ec5a3f029cbdc6893912937d4876d57695224e1 -Dlibrary.jansi.path=C:\Users\divya\.m2\wrapper\dists\apache-maven-3.9.15\0226a00282e400185496f3b60ec5a3f029cbdc6893912937d4876d57695224e1\lib\jansi-native -Dmaven.multiModuleProjectDirectory=D:\FITCHECK\backend 
java_command: org.codehaus.plexus.classworlds.launcher.Launcher spring-boot:run
java_class_path (initial): C:\Users\divya\.m2\wrapper\dists\apache-maven-3.9.15\0226a00282e400185496f3b60ec5a3f029cbdc6893912937d4876d57695224e1\boot\plexus-classworlds-2.9.0.jar
Launcher Type: SUN_STANDARD

[Global flags]
     intx CICompilerCount                          = 4                                         {product} {ergonomic}
     uint ConcGCThreads                            = 3                                         {product} {ergonomic}
     uint G1ConcRefinementThreads                  = 10                                        {product} {ergonomic}
   size_t G1HeapRegionSize                         = 1048576                                   {product} {ergonomic}
    uintx GCDrainStackTargetSize                   = 64                                        {product} {ergonomic}
   size_t InitialHeapSize                          = 268435456                                 {product} {command line}
   size_t MarkStackSize                            = 4194304                                   {product} {ergonomic}
   size_t MaxHeapSize                              = 536870912                                 {product} {command line}
   size_t MinHeapDeltaBytes                        = 1048576                                   {product} {ergonomic}
   size_t MinHeapSize                              = 268435456                                 {product} {command line}
    uintx NonNMethodCodeHeapSize                   = 5839372                                {pd product} {ergonomic}
    uintx NonProfiledCodeHeapSize                  = 122909434                              {pd product} {ergonomic}
    uintx ProfiledCodeHeapSize                     = 122909434                              {pd product} {ergonomic}
    uintx ReservedCodeCacheSize                    = 251658240                              {pd product} {ergonomic}
     bool SegmentedCodeCache                       = true                                      {product} {ergonomic}
   size_t SoftMaxHeapSize                          = 536870912                              {manageable} {ergonomic}
     bool UseCompressedClassPointers               = true                           {product lp64_product} {ergonomic}
     bool UseCompressedOops                        = true                           {product lp64_product} {ergonomic}
     bool UseG1GC                                  = true                                      {product} {ergonomic}
     bool UseLargePagesIndividualAllocation        = false                                  {pd product} {ergonomic}

Logging:
Log output configuration:
 #0: stdout all=warning uptime,level,tags
 #1: stderr all=off uptime,level,tags

Environment Variables:
JAVA_HOME=C:\Program Files\Java\jdk-17
PATH=C:\Program Files\Mozilla Firefox;C:\Program Files\Java\jdk-17\bin;C:\Windows\system32;C:\Windows;C:\Windows\System32\Wbem;C:\Windows\System32\WindowsPowerShell\v1.0\;C:\Windows\System32\OpenSSH\;C:\Program Files (x86)\NVIDIA Corporation\PhysX\Common;C:\WINDOWS\system32;C:\WINDOWS;C:\WINDOWS\System32\Wbem;C:\WINDOWS\System32\WindowsPowerShell\v1.0\;C:\WINDOWS\System32\OpenSSH\;C:\Program Files\MySQL\MySQL Server 8.0\bin;C:\MinGW\bin;C:\MinGW\mingw32\bin;C:\Program Files\Git\cmd;C:\Program Files\NVIDIA Corporation\NVIDIA App\NvDLISR;C:\Program Files\nodejs\;C:\flutter\src\flutter\bin;C:\Users\divya\AppData\Local\Programs\Microsoft VS Code;C:\Users\divya\AppData\Local\Programs\Microsoft VS Code\Code.exe;C:\Users\divya\AppData\Local\Programs\Microsoft VS Code\bin;C:\src\flutter\bin;C:\ProgramData\divya\GitHubDesktop\bin;C:\Users\divya\AppData\Local\GitHubDesktop\bin;C:\Program Files\Java\jdk-17;C:\Users\divya\AppData\Local\Programs\Windsurf\bin;C:\Users\divya\AppData\Roaming\npm;C:\Program Files\JetBrains\IntelliJ IDEA 2025.3.3\bin
USERNAME=divya
OS=Windows_NT
PROCESSOR_IDENTIFIER=AMD64 Family 23 Model 104 Stepping 1, AuthenticAMD



---------------  S Y S T E M  ---------------

OS:
 Windows 11 , 64 bit Build 26100 (10.0.26100.6725)
OS uptime: 2 days 12:55 hours
Hyper-V role detected

CPU: total 12 (initial active 12) (12 cores per cpu, 2 threads per core) family 23 model 104 stepping 1 microcode 0x8608103, cx8, cmov, fxsr, ht, mmx, 3dnowpref, sse, sse2, sse3, ssse3, sse4a, sse4.1, sse4.2, popcnt, lzcnt, tsc, tscinvbit, avx, avx2, aes, clmul, bmi1, bmi2, adx, sha, fma, vzeroupper, clflush, clflushopt, hv

Memory: 4k page, system-wide physical 7514M (1012M free)
TotalPageFile size 19802M (AvailPageFile size 181M)
current process WorkingSet (physical memory assigned to process): 12M, peak: 12M
current process commit charge ("private bytes"): 64M, peak: 320M

vm_info: Java HotSpot(TM) 64-Bit Server VM (17.0.12+8-LTS-286) for windows-amd64 JRE (17.0.12+8-LTS-286), built on Jun  5 2024 06:46:59 by "mach5one" with MS VC++ 17.6 (VS2022)

END.
