#
# There is insufficient memory for the Java Runtime Environment to continue.
# Native memory allocation (malloc) failed to allocate 1010080 bytes for Chunk::new
# Possible reasons:
#   The system is out of physical RAM or swap space
#   The process is running with CompressedOops enabled, and the Java Heap may be blocking the growth of the native heap
# Possible solutions:
#   Reduce memory load on the system
#   Increase physical memory or swap space
#   Check if swap backing store is full
#   Decrease Java heap size (-Xmx/-Xms)
#   Decrease number of Java threads
#   Decrease Java thread stack sizes (-Xss)
#   Set larger code cache with -XX:ReservedCodeCacheSize=
#   JVM is running with Unscaled Compressed Oops mode in which the Java heap is
#     placed in the first 4GB address space. The Java Heap base address is the
#     maximum limit for the native heap growth. Please use -XX:HeapBaseMinAddress
#     to set the Java Heap base and to place the Java Heap above 4GB virtual address.
# This output file may be truncated or incomplete.
#
#  Out of Memory Error (arena.cpp:189), pid=2164, tid=10928
#
# JRE version: Java(TM) SE Runtime Environment (17.0.12+8) (build 17.0.12+8-LTS-286)
# Java VM: Java HotSpot(TM) 64-Bit Server VM (17.0.12+8-LTS-286, mixed mode, sharing, tiered, compressed oops, compressed class ptrs, g1 gc, windows-amd64)
# No core dump will be written. Minidumps are not enabled by default on client versions of Windows
#

---------------  S U M M A R Y ------------

Command Line: --enable-native-access=ALL-UNNAMED -Dclassworlds.conf=C:\Users\divya\.m2\wrapper\dists\apache-maven-3.9.15\0226a00282e400185496f3b60ec5a3f029cbdc6893912937d4876d57695224e1\bin\m2.conf -Dmaven.home=C:\Users\divya\.m2\wrapper\dists\apache-maven-3.9.15\0226a00282e400185496f3b60ec5a3f029cbdc6893912937d4876d57695224e1 -Dlibrary.jansi.path=C:\Users\divya\.m2\wrapper\dists\apache-maven-3.9.15\0226a00282e400185496f3b60ec5a3f029cbdc6893912937d4876d57695224e1\lib\jansi-native -Dmaven.multiModuleProjectDirectory=D:\FITCHECK\backend org.codehaus.plexus.classworlds.launcher.Launcher spring-boot:run

Host: AMD Ryzen 5 5500U with Radeon Graphics         , 12 cores, 7G,  Windows 11 , 64 bit Build 26100 (10.0.26100.6725)
Time: Thu May  7 12:57:45 2026 India Standard Time elapsed time: 12.377922 seconds (0d 0h 0m 12s)

---------------  T H R E A D  ---------------

Current thread (0x000002020476d370):  JavaThread "C2 CompilerThread1" daemon [_thread_in_native, id=10928, stack(0x00000031a0000000,0x00000031a0100000)]


Current CompileTask:
C2:  12378 4932       4       jdk.internal.org.objectweb.asm.Frame::execute (2305 bytes)

Stack: [0x00000031a0000000,0x00000031a0100000]
Native frames: (J=compiled Java code, j=interpreted, Vv=VM code, C=native code)
V  [jvm.dll+0x67a04a]
V  [jvm.dll+0x7da4ed]
V  [jvm.dll+0x7dbe33]
V  [jvm.dll+0x7dc4a3]
V  [jvm.dll+0x24508f]
V  [jvm.dll+0xab773]
V  [jvm.dll+0xabd3c]
V  [jvm.dll+0x361bee]
V  [jvm.dll+0x1ba64a]
V  [jvm.dll+0x216997]
V  [jvm.dll+0x215c6f]
V  [jvm.dll+0x1a2960]
V  [jvm.dll+0x22610b]
V  [jvm.dll+0x2242ab]
V  [jvm.dll+0x79075c]
V  [jvm.dll+0x78abea]
V  [jvm.dll+0x678f35]
C  [ucrtbase.dll+0x37b0]
C  [KERNEL32.DLL+0x2e8d7]
C  [ntdll.dll+0x8c53c]


---------------  P R O C E S S  ---------------

Threads class SMR info:
_java_thread_list=0x000002024ae63bb0, length=14, elements={
0x00000202658c5fb0, 0x00000202040f1da0, 0x00000202040f2760, 0x000002020410ad40,
0x000002020410b700, 0x000002020410c0c0, 0x000002020410ea90, 0x000002020410f780,
0x0000020204112240, 0x000002020412e160, 0x000002020437f3f0, 0x0000020204382eb0,
0x000002020476d370, 0x000002024a688580
}

Java Threads: ( => current thread )
  0x00000202658c5fb0 JavaThread "main" [_thread_in_native, id=25860, stack(0x000000319ed00000,0x000000319ee00000)]
  0x00000202040f1da0 JavaThread "Reference Handler" daemon [_thread_blocked, id=19040, stack(0x000000319f400000,0x000000319f500000)]
  0x00000202040f2760 JavaThread "Finalizer" daemon [_thread_blocked, id=22140, stack(0x000000319f500000,0x000000319f600000)]
  0x000002020410ad40 JavaThread "Signal Dispatcher" daemon [_thread_blocked, id=21936, stack(0x000000319f600000,0x000000319f700000)]
  0x000002020410b700 JavaThread "Attach Listener" daemon [_thread_blocked, id=6220, stack(0x000000319f700000,0x000000319f800000)]
  0x000002020410c0c0 JavaThread "Service Thread" daemon [_thread_blocked, id=25088, stack(0x000000319f800000,0x000000319f900000)]
  0x000002020410ea90 JavaThread "Monitor Deflation Thread" daemon [_thread_blocked, id=23856, stack(0x000000319f900000,0x000000319fa00000)]
  0x000002020410f780 JavaThread "C2 CompilerThread0" daemon [_thread_in_native, id=15560, stack(0x000000319fa00000,0x000000319fb00000)]
  0x0000020204112240 JavaThread "C1 CompilerThread0" daemon [_thread_in_native, id=7652, stack(0x000000319fb00000,0x000000319fc00000)]
  0x000002020412e160 JavaThread "Sweeper thread" daemon [_thread_blocked, id=10572, stack(0x000000319fc00000,0x000000319fd00000)]
  0x000002020437f3f0 JavaThread "Notification Thread" daemon [_thread_blocked, id=11600, stack(0x000000319fd00000,0x000000319fe00000)]
  0x0000020204382eb0 JavaThread "Common-Cleaner" daemon [_thread_blocked, id=2032, stack(0x000000319ff00000,0x00000031a0000000)]
=>0x000002020476d370 JavaThread "C2 CompilerThread1" daemon [_thread_in_native, id=10928, stack(0x00000031a0000000,0x00000031a0100000)]
  0x000002024a688580 JavaThread "Thread-1" daemon [_thread_blocked, id=26064, stack(0x00000031a0100000,0x00000031a0200000)]

Other Threads:
  0x00000202040ee400 VMThread "VM Thread" [stack: 0x000000319f300000,0x000000319f400000] [id=25584]
  0x0000020265945ba0 WatcherThread [stack: 0x000000319fe00000,0x000000319ff00000] [id=20692]
  0x000002026591a630 GCTaskThread "GC Thread#0" [stack: 0x000000319ee00000,0x000000319ef00000] [id=25104]
  0x000002024a0f7d50 GCTaskThread "GC Thread#1" [stack: 0x00000031a0200000,0x00000031a0300000] [id=20320]
  0x000002024a211c10 GCTaskThread "GC Thread#2" [stack: 0x00000031a0300000,0x00000031a0400000] [id=23892]
  0x0000020204dbb890 GCTaskThread "GC Thread#3" [stack: 0x00000031a0400000,0x00000031a0500000] [id=24388]
  0x0000020204d8dfe0 GCTaskThread "GC Thread#4" [stack: 0x00000031a0500000,0x00000031a0600000] [id=10904]
  0x0000020204de9ab0 GCTaskThread "GC Thread#5" [stack: 0x00000031a0600000,0x00000031a0700000] [id=20836]
  0x000002024a06fa50 GCTaskThread "GC Thread#6" [stack: 0x00000031a0700000,0x00000031a0800000] [id=24780]
  0x0000020204e2ea50 GCTaskThread "GC Thread#7" [stack: 0x00000031a0800000,0x00000031a0900000] [id=4920]
  0x000002024a09fcb0 GCTaskThread "GC Thread#8" [stack: 0x00000031a0900000,0x00000031a0a00000] [id=12972]
  0x000002024acd97d0 GCTaskThread "GC Thread#9" [stack: 0x00000031a0b00000,0x00000031a0c00000] [id=5744]
  0x000002026592ad50 ConcurrentGCThread "G1 Main Marker" [stack: 0x000000319ef00000,0x000000319f000000] [id=22016]
  0x000002026592b760 ConcurrentGCThread "G1 Conc#0" [stack: 0x000000319f000000,0x000000319f100000] [id=19084]
  0x0000020203fb30d0 ConcurrentGCThread "G1 Refine#0" [stack: 0x000000319f100000,0x000000319f200000] [id=3704]
  0x0000020203fb38a0 ConcurrentGCThread "G1 Service" [stack: 0x000000319f200000,0x000000319f300000] [id=19128]

Threads with active compile tasks:
C2 CompilerThread1    12433 4932       4       jdk.internal.org.objectweb.asm.Frame::execute (2305 bytes)

VM state: not at safepoint (normal execution)

VM Mutex/Monitor currently owned by a thread: None

Heap address: 0x000000008a800000, size: 1880 MB, Compressed Oops mode: 32-bit

CDS archive(s) mapped at: [0x0000020205000000-0x0000020205bd0000-0x0000020205bd0000), size 12386304, SharedBaseAddress: 0x0000020205000000, ArchiveRelocationMode: 1.
Compressed class space mapped at: 0x0000020206000000-0x0000020246000000, reserved size: 1073741824
Narrow klass base: 0x0000020205000000, Narrow klass shift: 0, Narrow klass range: 0x100000000

GC Precious Log:
 CPUs: 12 total, 12 available
 Memory: 7514M
 Large Page Support: Disabled
 NUMA Support: Disabled
 Compressed Oops: Enabled (32-bit)
 Heap Region Size: 1M
 Heap Min Capacity: 8M
 Heap Initial Capacity: 118M
 Heap Max Capacity: 1880M
 Pre-touch: Disabled
 Parallel Workers: 10
 Concurrent Workers: 3
 Concurrent Refinement Workers: 10
 Periodic GC: Disabled

Heap:
 garbage-first heap   total 120832K, used 59140K [0x000000008a800000, 0x0000000100000000)
  region size 1024K, 45 young (46080K), 3 survivors (3072K)
 Metaspace       used 19276K, committed 19648K, reserved 1114112K
  class space    used 2216K, committed 2432K, reserved 1048576K

Heap Regions: E=young(eden), S=young(survivor), O=old, HS=humongous(starts), HC=humongous(continues), CS=collection set, F=free, OA=open archive, CA=closed archive, TAMS=top-at-mark-start (previous, next)
|   0|0x000000008a800000, 0x000000008a900000, 0x000000008a900000|100%| O|  |TAMS 0x000000008a800000, 0x000000008a800000| Untracked 
|   1|0x000000008a900000, 0x000000008aa00000, 0x000000008aa00000|100%| O|  |TAMS 0x000000008a900000, 0x000000008a900000| Untracked 
|   2|0x000000008aa00000, 0x000000008ab00000, 0x000000008ab00000|100%| O|  |TAMS 0x000000008aa00000, 0x000000008aa00000| Untracked 
|   3|0x000000008ab00000, 0x000000008ac00000, 0x000000008ac00000|100%| O|  |TAMS 0x000000008ab00000, 0x000000008ab00000| Untracked 
|   4|0x000000008ac00000, 0x000000008ad00000, 0x000000008ad00000|100%|HS|  |TAMS 0x000000008ac00000, 0x000000008ac00000| Complete 
|   5|0x000000008ad00000, 0x000000008ae00000, 0x000000008ae00000|100%|HS|  |TAMS 0x000000008ad00000, 0x000000008ad00000| Complete 
|   6|0x000000008ae00000, 0x000000008ae00000, 0x000000008af00000|  0%| F|  |TAMS 0x000000008ae00000, 0x000000008ae00000| Untracked 
|   7|0x000000008af00000, 0x000000008af00000, 0x000000008b000000|  0%| F|  |TAMS 0x000000008af00000, 0x000000008af00000| Untracked 
|   8|0x000000008b000000, 0x000000008b000000, 0x000000008b100000|  0%| F|  |TAMS 0x000000008b000000, 0x000000008b000000| Untracked 
|   9|0x000000008b100000, 0x000000008b100000, 0x000000008b200000|  0%| F|  |TAMS 0x000000008b100000, 0x000000008b100000| Untracked 
|  10|0x000000008b200000, 0x000000008b200000, 0x000000008b300000|  0%| F|  |TAMS 0x000000008b200000, 0x000000008b200000| Untracked 
|  11|0x000000008b300000, 0x000000008b300000, 0x000000008b400000|  0%| F|  |TAMS 0x000000008b300000, 0x000000008b300000| Untracked 
|  12|0x000000008b400000, 0x000000008b400000, 0x000000008b500000|  0%| F|  |TAMS 0x000000008b400000, 0x000000008b400000| Untracked 
|  13|0x000000008b500000, 0x000000008b500000, 0x000000008b600000|  0%| F|  |TAMS 0x000000008b500000, 0x000000008b500000| Untracked 
|  14|0x000000008b600000, 0x000000008b600000, 0x000000008b700000|  0%| F|  |TAMS 0x000000008b600000, 0x000000008b600000| Untracked 
|  15|0x000000008b700000, 0x000000008b700000, 0x000000008b800000|  0%| F|  |TAMS 0x000000008b700000, 0x000000008b700000| Untracked 
|  16|0x000000008b800000, 0x000000008b800000, 0x000000008b900000|  0%| F|  |TAMS 0x000000008b800000, 0x000000008b800000| Untracked 
|  17|0x000000008b900000, 0x000000008b900000, 0x000000008ba00000|  0%| F|  |TAMS 0x000000008b900000, 0x000000008b900000| Untracked 
|  18|0x000000008ba00000, 0x000000008ba00000, 0x000000008bb00000|  0%| F|  |TAMS 0x000000008ba00000, 0x000000008ba00000| Untracked 
|  19|0x000000008bb00000, 0x000000008bb00000, 0x000000008bc00000|  0%| F|  |TAMS 0x000000008bb00000, 0x000000008bb00000| Untracked 
|  20|0x000000008bc00000, 0x000000008bc00000, 0x000000008bd00000|  0%| F|  |TAMS 0x000000008bc00000, 0x000000008bc00000| Untracked 
|  21|0x000000008bd00000, 0x000000008bd00000, 0x000000008be00000|  0%| F|  |TAMS 0x000000008bd00000, 0x000000008bd00000| Untracked 
|  22|0x000000008be00000, 0x000000008be00000, 0x000000008bf00000|  0%| F|  |TAMS 0x000000008be00000, 0x000000008be00000| Untracked 
|  23|0x000000008bf00000, 0x000000008bf00000, 0x000000008c000000|  0%| F|  |TAMS 0x000000008bf00000, 0x000000008bf00000| Untracked 
|  24|0x000000008c000000, 0x000000008c000000, 0x000000008c100000|  0%| F|  |TAMS 0x000000008c000000, 0x000000008c000000| Untracked 
|  25|0x000000008c100000, 0x000000008c100000, 0x000000008c200000|  0%| F|  |TAMS 0x000000008c100000, 0x000000008c100000| Untracked 
|  26|0x000000008c200000, 0x000000008c200000, 0x000000008c300000|  0%| F|  |TAMS 0x000000008c200000, 0x000000008c200000| Untracked 
|  27|0x000000008c300000, 0x000000008c300000, 0x000000008c400000|  0%| F|  |TAMS 0x000000008c300000, 0x000000008c300000| Untracked 
|  28|0x000000008c400000, 0x000000008c400000, 0x000000008c500000|  0%| F|  |TAMS 0x000000008c400000, 0x000000008c400000| Untracked 
|  29|0x000000008c500000, 0x000000008c500000, 0x000000008c600000|  0%| F|  |TAMS 0x000000008c500000, 0x000000008c500000| Untracked 
|  30|0x000000008c600000, 0x000000008c600000, 0x000000008c700000|  0%| F|  |TAMS 0x000000008c600000, 0x000000008c600000| Untracked 
|  31|0x000000008c700000, 0x000000008c700000, 0x000000008c800000|  0%| F|  |TAMS 0x000000008c700000, 0x000000008c700000| Untracked 
|  32|0x000000008c800000, 0x000000008c800000, 0x000000008c900000|  0%| F|  |TAMS 0x000000008c800000, 0x000000008c800000| Untracked 
|  33|0x000000008c900000, 0x000000008c900000, 0x000000008ca00000|  0%| F|  |TAMS 0x000000008c900000, 0x000000008c900000| Untracked 
|  34|0x000000008ca00000, 0x000000008ca00000, 0x000000008cb00000|  0%| F|  |TAMS 0x000000008ca00000, 0x000000008ca00000| Untracked 
|  35|0x000000008cb00000, 0x000000008cb00000, 0x000000008cc00000|  0%| F|  |TAMS 0x000000008cb00000, 0x000000008cb00000| Untracked 
|  36|0x000000008cc00000, 0x000000008cd00000, 0x000000008cd00000|100%| O|  |TAMS 0x000000008cc00000, 0x000000008cc00000| Untracked 
|  37|0x000000008cd00000, 0x000000008ce00000, 0x000000008ce00000|100%| O|  |TAMS 0x000000008cd00000, 0x000000008cd00000| Untracked 
|  38|0x000000008ce00000, 0x000000008cf00000, 0x000000008cf00000|100%| O|  |TAMS 0x000000008ce00000, 0x000000008ce00000| Untracked 
|  39|0x000000008cf00000, 0x000000008cf00000, 0x000000008d000000|  0%| F|  |TAMS 0x000000008cf00000, 0x000000008cf00000| Untracked 
|  40|0x000000008d000000, 0x000000008d000000, 0x000000008d100000|  0%| F|  |TAMS 0x000000008d000000, 0x000000008d000000| Untracked 
|  41|0x000000008d100000, 0x000000008d100000, 0x000000008d200000|  0%| F|  |TAMS 0x000000008d100000, 0x000000008d100000| Untracked 
|  42|0x000000008d200000, 0x000000008d200000, 0x000000008d300000|  0%| F|  |TAMS 0x000000008d200000, 0x000000008d200000| Untracked 
|  43|0x000000008d300000, 0x000000008d300000, 0x000000008d400000|  0%| F|  |TAMS 0x000000008d300000, 0x000000008d300000| Untracked 
|  44|0x000000008d400000, 0x000000008d400000, 0x000000008d500000|  0%| F|  |TAMS 0x000000008d400000, 0x000000008d400000| Untracked 
|  45|0x000000008d500000, 0x000000008d500000, 0x000000008d600000|  0%| F|  |TAMS 0x000000008d500000, 0x000000008d500000| Untracked 
|  46|0x000000008d600000, 0x000000008d600000, 0x000000008d700000|  0%| F|  |TAMS 0x000000008d600000, 0x000000008d600000| Untracked 
|  47|0x000000008d700000, 0x000000008d700000, 0x000000008d800000|  0%| F|  |TAMS 0x000000008d700000, 0x000000008d700000| Untracked 
|  48|0x000000008d800000, 0x000000008d900000, 0x000000008d900000|100%| O|  |TAMS 0x000000008d800000, 0x000000008d800000| Untracked 
|  49|0x000000008d900000, 0x000000008da00000, 0x000000008da00000|100%| O|  |TAMS 0x000000008d900000, 0x000000008d900000| Untracked 
|  50|0x000000008da00000, 0x000000008db00000, 0x000000008db00000|100%| O|  |TAMS 0x000000008da00000, 0x000000008da00000| Untracked 
|  51|0x000000008db00000, 0x000000008dc00000, 0x000000008dc00000|100%| O|  |TAMS 0x000000008db00000, 0x000000008db00000| Untracked 
|  52|0x000000008dc00000, 0x000000008dcc1000, 0x000000008dd00000| 75%| O|  |TAMS 0x000000008dc00000, 0x000000008dc00000| Untracked 
|  53|0x000000008dd00000, 0x000000008dd00000, 0x000000008de00000|  0%| F|  |TAMS 0x000000008dd00000, 0x000000008dd00000| Untracked 
|  54|0x000000008de00000, 0x000000008de00000, 0x000000008df00000|  0%| F|  |TAMS 0x000000008de00000, 0x000000008de00000| Untracked 
|  55|0x000000008df00000, 0x000000008df00000, 0x000000008e000000|  0%| F|  |TAMS 0x000000008df00000, 0x000000008df00000| Untracked 
|  56|0x000000008e000000, 0x000000008e000000, 0x000000008e100000|  0%| F|  |TAMS 0x000000008e000000, 0x000000008e000000| Untracked 
|  57|0x000000008e100000, 0x000000008e200000, 0x000000008e200000|100%| S|CS|TAMS 0x000000008e100000, 0x000000008e100000| Complete 
|  58|0x000000008e200000, 0x000000008e300000, 0x000000008e300000|100%| S|CS|TAMS 0x000000008e200000, 0x000000008e200000| Complete 
|  59|0x000000008e300000, 0x000000008e400000, 0x000000008e400000|100%| S|CS|TAMS 0x000000008e300000, 0x000000008e300000| Complete 
|  60|0x000000008e400000, 0x000000008e400000, 0x000000008e500000|  0%| F|  |TAMS 0x000000008e400000, 0x000000008e400000| Untracked 
|  61|0x000000008e500000, 0x000000008e500000, 0x000000008e600000|  0%| F|  |TAMS 0x000000008e500000, 0x000000008e500000| Untracked 
|  62|0x000000008e600000, 0x000000008e600000, 0x000000008e700000|  0%| F|  |TAMS 0x000000008e600000, 0x000000008e600000| Untracked 
|  63|0x000000008e700000, 0x000000008e700000, 0x000000008e800000|  0%| F|  |TAMS 0x000000008e700000, 0x000000008e700000| Untracked 
|  64|0x000000008e800000, 0x000000008e800000, 0x000000008e900000|  0%| F|  |TAMS 0x000000008e800000, 0x000000008e800000| Untracked 
|  65|0x000000008e900000, 0x000000008e900000, 0x000000008ea00000|  0%| F|  |TAMS 0x000000008e900000, 0x000000008e900000| Untracked 
|  66|0x000000008ea00000, 0x000000008ea00000, 0x000000008eb00000|  0%| F|  |TAMS 0x000000008ea00000, 0x000000008ea00000| Untracked 
|  67|0x000000008eb00000, 0x000000008eb00000, 0x000000008ec00000|  0%| F|  |TAMS 0x000000008eb00000, 0x000000008eb00000| Untracked 
|  68|0x000000008ec00000, 0x000000008ec00000, 0x000000008ed00000|  0%| F|  |TAMS 0x000000008ec00000, 0x000000008ec00000| Untracked 
|  69|0x000000008ed00000, 0x000000008ed00000, 0x000000008ee00000|  0%| F|  |TAMS 0x000000008ed00000, 0x000000008ed00000| Untracked 
|  70|0x000000008ee00000, 0x000000008ee00000, 0x000000008ef00000|  0%| F|  |TAMS 0x000000008ee00000, 0x000000008ee00000| Untracked 
|  71|0x000000008ef00000, 0x000000008ef00000, 0x000000008f000000|  0%| F|  |TAMS 0x000000008ef00000, 0x000000008ef00000| Untracked 
|  72|0x000000008f000000, 0x000000008f000000, 0x000000008f100000|  0%| F|  |TAMS 0x000000008f000000, 0x000000008f000000| Untracked 
|  73|0x000000008f100000, 0x000000008f100000, 0x000000008f200000|  0%| F|  |TAMS 0x000000008f100000, 0x000000008f100000| Untracked 
|  74|0x000000008f200000, 0x000000008f200000, 0x000000008f300000|  0%| F|  |TAMS 0x000000008f200000, 0x000000008f200000| Untracked 
|  75|0x000000008f300000, 0x000000008f300000, 0x000000008f400000|  0%| F|  |TAMS 0x000000008f300000, 0x000000008f300000| Untracked 
|  76|0x000000008f400000, 0x000000008f500000, 0x000000008f500000|100%| E|  |TAMS 0x000000008f400000, 0x000000008f400000| Complete 
|  77|0x000000008f500000, 0x000000008f600000, 0x000000008f600000|100%| E|CS|TAMS 0x000000008f500000, 0x000000008f500000| Complete 
|  78|0x000000008f600000, 0x000000008f700000, 0x000000008f700000|100%| E|CS|TAMS 0x000000008f600000, 0x000000008f600000| Complete 
|  79|0x000000008f700000, 0x000000008f800000, 0x000000008f800000|100%| E|CS|TAMS 0x000000008f700000, 0x000000008f700000| Complete 
|  80|0x000000008f800000, 0x000000008f900000, 0x000000008f900000|100%| E|CS|TAMS 0x000000008f800000, 0x000000008f800000| Complete 
|  81|0x000000008f900000, 0x000000008fa00000, 0x000000008fa00000|100%| E|CS|TAMS 0x000000008f900000, 0x000000008f900000| Complete 
|  82|0x000000008fa00000, 0x000000008fb00000, 0x000000008fb00000|100%| E|CS|TAMS 0x000000008fa00000, 0x000000008fa00000| Complete 
|  83|0x000000008fb00000, 0x000000008fc00000, 0x000000008fc00000|100%| E|CS|TAMS 0x000000008fb00000, 0x000000008fb00000| Complete 
|  84|0x000000008fc00000, 0x000000008fd00000, 0x000000008fd00000|100%| E|CS|TAMS 0x000000008fc00000, 0x000000008fc00000| Complete 
|  85|0x000000008fd00000, 0x000000008fe00000, 0x000000008fe00000|100%| E|CS|TAMS 0x000000008fd00000, 0x000000008fd00000| Complete 
|  86|0x000000008fe00000, 0x000000008ff00000, 0x000000008ff00000|100%| E|CS|TAMS 0x000000008fe00000, 0x000000008fe00000| Complete 
|  87|0x000000008ff00000, 0x0000000090000000, 0x0000000090000000|100%| E|CS|TAMS 0x000000008ff00000, 0x000000008ff00000| Complete 
|  88|0x0000000090000000, 0x0000000090100000, 0x0000000090100000|100%| E|CS|TAMS 0x0000000090000000, 0x0000000090000000| Complete 
|  89|0x0000000090100000, 0x0000000090200000, 0x0000000090200000|100%| E|CS|TAMS 0x0000000090100000, 0x0000000090100000| Complete 
|  90|0x0000000090200000, 0x0000000090300000, 0x0000000090300000|100%| E|CS|TAMS 0x0000000090200000, 0x0000000090200000| Complete 
|  91|0x0000000090300000, 0x0000000090400000, 0x0000000090400000|100%| E|CS|TAMS 0x0000000090300000, 0x0000000090300000| Complete 
|  92|0x0000000090400000, 0x0000000090500000, 0x0000000090500000|100%| E|CS|TAMS 0x0000000090400000, 0x0000000090400000| Complete 
|  93|0x0000000090500000, 0x0000000090600000, 0x0000000090600000|100%| E|CS|TAMS 0x0000000090500000, 0x0000000090500000| Complete 
|  94|0x0000000090600000, 0x0000000090700000, 0x0000000090700000|100%| E|CS|TAMS 0x0000000090600000, 0x0000000090600000| Complete 
|  95|0x0000000090700000, 0x0000000090800000, 0x0000000090800000|100%| E|CS|TAMS 0x0000000090700000, 0x0000000090700000| Complete 
|  96|0x0000000090800000, 0x0000000090900000, 0x0000000090900000|100%| E|CS|TAMS 0x0000000090800000, 0x0000000090800000| Complete 
|  97|0x0000000090900000, 0x0000000090a00000, 0x0000000090a00000|100%| E|CS|TAMS 0x0000000090900000, 0x0000000090900000| Complete 
|  98|0x0000000090a00000, 0x0000000090b00000, 0x0000000090b00000|100%| E|CS|TAMS 0x0000000090a00000, 0x0000000090a00000| Complete 
|  99|0x0000000090b00000, 0x0000000090c00000, 0x0000000090c00000|100%| E|CS|TAMS 0x0000000090b00000, 0x0000000090b00000| Complete 
| 100|0x0000000090c00000, 0x0000000090d00000, 0x0000000090d00000|100%| E|CS|TAMS 0x0000000090c00000, 0x0000000090c00000| Complete 
| 101|0x0000000090d00000, 0x0000000090e00000, 0x0000000090e00000|100%| E|CS|TAMS 0x0000000090d00000, 0x0000000090d00000| Complete 
| 102|0x0000000090e00000, 0x0000000090f00000, 0x0000000090f00000|100%| E|CS|TAMS 0x0000000090e00000, 0x0000000090e00000| Complete 
| 103|0x0000000090f00000, 0x0000000091000000, 0x0000000091000000|100%| E|CS|TAMS 0x0000000090f00000, 0x0000000090f00000| Complete 
| 104|0x0000000091000000, 0x0000000091100000, 0x0000000091100000|100%| E|CS|TAMS 0x0000000091000000, 0x0000000091000000| Complete 
| 105|0x0000000091100000, 0x0000000091200000, 0x0000000091200000|100%| E|CS|TAMS 0x0000000091100000, 0x0000000091100000| Complete 
| 106|0x0000000091200000, 0x0000000091300000, 0x0000000091300000|100%| E|CS|TAMS 0x0000000091200000, 0x0000000091200000| Complete 
| 107|0x0000000091300000, 0x0000000091400000, 0x0000000091400000|100%| E|CS|TAMS 0x0000000091300000, 0x0000000091300000| Complete 
| 108|0x0000000091400000, 0x0000000091500000, 0x0000000091500000|100%| E|CS|TAMS 0x0000000091400000, 0x0000000091400000| Complete 
| 109|0x0000000091500000, 0x0000000091600000, 0x0000000091600000|100%| E|CS|TAMS 0x0000000091500000, 0x0000000091500000| Complete 
| 110|0x0000000091600000, 0x0000000091700000, 0x0000000091700000|100%| E|CS|TAMS 0x0000000091600000, 0x0000000091600000| Complete 
| 111|0x0000000091700000, 0x0000000091800000, 0x0000000091800000|100%| E|CS|TAMS 0x0000000091700000, 0x0000000091700000| Complete 
| 112|0x0000000091800000, 0x0000000091900000, 0x0000000091900000|100%| E|CS|TAMS 0x0000000091800000, 0x0000000091800000| Complete 
| 113|0x0000000091900000, 0x0000000091a00000, 0x0000000091a00000|100%| E|CS|TAMS 0x0000000091900000, 0x0000000091900000| Complete 
| 114|0x0000000091a00000, 0x0000000091b00000, 0x0000000091b00000|100%| E|CS|TAMS 0x0000000091a00000, 0x0000000091a00000| Complete 
| 115|0x0000000091b00000, 0x0000000091c00000, 0x0000000091c00000|100%| E|CS|TAMS 0x0000000091b00000, 0x0000000091b00000| Complete 
| 116|0x0000000091c00000, 0x0000000091d00000, 0x0000000091d00000|100%| E|CS|TAMS 0x0000000091c00000, 0x0000000091c00000| Complete 
| 117|0x0000000091d00000, 0x0000000091e00000, 0x0000000091e00000|100%| E|CS|TAMS 0x0000000091d00000, 0x0000000091d00000| Complete 

Card table byte_map: [0x000002027d1f0000,0x000002027d5a0000] _byte_map_base: 0x000002027cd9c000

Marking Bits (Prev, Next): (CMBitMap*) 0x000002026591ac50, (CMBitMap*) 0x000002026591ac90
 Prev Bits: [0x000002027d950000, 0x000002027f6b0000)
 Next Bits: [0x0000020200000000, 0x0000020201d60000)

Polling page: 0x0000020264020000

Metaspace:

Usage:
  Non-class:     16.67 MB used.
      Class:      2.16 MB used.
       Both:     18.83 MB used.

Virtual space:
  Non-class space:       64.00 MB reserved,      16.81 MB ( 26%) committed,  1 nodes.
      Class space:        1.00 GB reserved,       2.38 MB ( <1%) committed,  1 nodes.
             Both:        1.06 GB reserved,      19.19 MB (  2%) committed. 

Chunk freelists:
   Non-Class:  14.52 MB
       Class:  13.62 MB
        Both:  28.14 MB

MaxMetaspaceSize: unlimited
CompressedClassSpaceSize: 1.00 GB
Initial GC threshold: 21.00 MB
Current GC threshold: 21.00 MB
CDS: on
MetaspaceReclaimPolicy: balanced
 - commit_granule_bytes: 65536.
 - commit_granule_words: 8192.
 - virtual_space_node_default_size: 8388608.
 - enlarge_chunks_in_place: 1.
 - new_chunks_are_fully_committed: 0.
 - uncommit_free_chunks: 1.
 - use_allocation_guard: 0.
 - handle_deallocations: 1.


Internal statistics:

num_allocs_failed_limit: 0.
num_arena_births: 192.
num_arena_deaths: 0.
num_vsnodes_births: 2.
num_vsnodes_deaths: 0.
num_space_committed: 307.
num_space_uncommitted: 0.
num_chunks_returned_to_freelist: 0.
num_chunks_taken_from_freelist: 907.
num_chunk_merges: 0.
num_chunk_splits: 595.
num_chunks_enlarged: 448.
num_inconsistent_stats: 0.

CodeHeap 'non-profiled nmethods': size=120000Kb used=2882Kb max_used=2882Kb free=117117Kb
 bounds [0x0000020274c90000, 0x0000020274f70000, 0x000002027c1c0000]
CodeHeap 'profiled nmethods': size=120000Kb used=10747Kb max_used=10747Kb free=109252Kb
 bounds [0x000002026d1c0000, 0x000002026dc40000, 0x00000202746f0000]
CodeHeap 'non-nmethods': size=5760Kb used=1197Kb max_used=1263Kb free=4562Kb
 bounds [0x00000202746f0000, 0x0000020274960000, 0x0000020274c90000]
 total_blobs=5491 nmethods=4998 adapters=405
 compilation: enabled
              stopped_count=0, restarted_count=0
 full_count=0

Compilation events (20 events):
Event: 7.009 Thread 0x0000020204112240 4949       3       java.lang.invoke.MethodHandleNatives::linkCallSiteImpl (44 bytes)
Event: 7.010 Thread 0x0000020204112240 nmethod 4949 0x000002026dc2c510 code [0x000002026dc2c740, 0x000002026dc2d078]
Event: 7.010 Thread 0x0000020204112240 4950       3       java.lang.invoke.ConstantCallSite::<init> (17 bytes)
Event: 7.011 Thread 0x0000020204112240 nmethod 4950 0x000002026dc2d410 code [0x000002026dc2d600, 0x000002026dc2db88]
Event: 7.015 Thread 0x0000020204112240 4951       3       java.lang.ProcessEnvironment$CheckedEntrySet$1::hasNext (10 bytes)
Event: 7.016 Thread 0x0000020204112240 nmethod 4951 0x000002026dc2dd90 code [0x000002026dc2df40, 0x000002026dc2e108]
Event: 7.016 Thread 0x0000020204112240 4954       3       java.lang.ProcessEnvironment$CheckedEntry::getKey (13 bytes)
Event: 7.016 Thread 0x0000020204112240 nmethod 4954 0x000002026dc2e210 code [0x000002026dc2e3c0, 0x000002026dc2e688]
Event: 7.016 Thread 0x0000020204112240 4953       3       java.lang.ProcessEnvironment$CheckedEntry::getKey (5 bytes)
Event: 7.016 Thread 0x0000020204112240 nmethod 4953 0x000002026dc2e790 code [0x000002026dc2e940, 0x000002026dc2ec68]
Event: 7.016 Thread 0x0000020204112240 4955       3       java.lang.ProcessEnvironment$EntryComparator::compare (13 bytes)
Event: 7.017 Thread 0x0000020204112240 nmethod 4955 0x000002026dc2ed90 code [0x000002026dc2ef80, 0x000002026dc2f6e8]
Event: 7.017 Thread 0x0000020204112240 4952       3       java.lang.ProcessEnvironment$CheckedEntrySet$1::next (5 bytes)
Event: 7.017 Thread 0x0000020204112240 nmethod 4952 0x000002026dc2f890 code [0x000002026dc2fa60, 0x000002026dc2ff48]
Event: 7.029 Thread 0x000002024a5cf390 4959       4       jdk.internal.org.objectweb.asm.ByteVector::put12 (64 bytes)
Event: 7.031 Thread 0x000002024a5cf390 nmethod 4959 0x0000020274f5d490 code [0x0000020274f5d620, 0x0000020274f5d7c8]
Event: 7.034 Thread 0x0000020204112240 4961       3       java.lang.invoke.InfoFromMemberName::getName (8 bytes)
Event: 7.035 Thread 0x0000020204112240 nmethod 4961 0x000002026dc30110 code [0x000002026dc302e0, 0x000002026dc306c8]
Event: 7.035 Thread 0x0000020204112240 4962       3       java.lang.invoke.InfoFromMemberName::getMethodType (8 bytes)
Event: 7.035 Thread 0x0000020204112240 nmethod 4962 0x000002026dc30810 code [0x000002026dc309c0, 0x000002026dc30b08]

GC Heap History (8 events):
Event: 1.102 GC heap before
{Heap before GC invocations=0 (full 0):
 garbage-first heap   total 120832K, used 22528K [0x000000008a800000, 0x0000000100000000)
  region size 1024K, 23 young (23552K), 0 survivors (0K)
 Metaspace       used 5395K, committed 5568K, reserved 1114112K
  class space    used 649K, committed 768K, reserved 1048576K
}
Event: 1.112 GC heap after
{Heap after GC invocations=1 (full 0):
 garbage-first heap   total 120832K, used 3676K [0x000000008a800000, 0x0000000100000000)
  region size 1024K, 3 young (3072K), 3 survivors (3072K)
 Metaspace       used 5395K, committed 5568K, reserved 1114112K
  class space    used 649K, committed 768K, reserved 1048576K
}
Event: 1.987 GC heap before
{Heap before GC invocations=1 (full 0):
 garbage-first heap   total 120832K, used 35420K [0x000000008a800000, 0x0000000100000000)
  region size 1024K, 34 young (34816K), 3 survivors (3072K)
 Metaspace       used 9198K, committed 9408K, reserved 1114112K
  class space    used 1109K, committed 1216K, reserved 1048576K
}
Event: 1.997 GC heap after
{Heap after GC invocations=2 (full 0):
 garbage-first heap   total 120832K, used 5219K [0x000000008a800000, 0x0000000100000000)
  region size 1024K, 2 young (2048K), 2 survivors (2048K)
 Metaspace       used 9198K, committed 9408K, reserved 1114112K
  class space    used 1109K, committed 1216K, reserved 1048576K
}
Event: 4.323 GC heap before
{Heap before GC invocations=2 (full 0):
 garbage-first heap   total 120832K, used 74851K [0x000000008a800000, 0x0000000100000000)
  region size 1024K, 70 young (71680K), 2 survivors (2048K)
 Metaspace       used 15423K, committed 15552K, reserved 1114112K
  class space    used 1856K, committed 1920K, reserved 1048576K
}
Event: 4.348 GC heap after
{Heap after GC invocations=3 (full 0):
 garbage-first heap   total 120832K, used 13052K [0x000000008a800000, 0x0000000100000000)
  region size 1024K, 9 young (9216K), 9 survivors (9216K)
 Metaspace       used 15423K, committed 15552K, reserved 1114112K
  class space    used 1856K, committed 1920K, reserved 1048576K
}
Event: 5.828 GC heap before
{Heap before GC invocations=3 (full 0):
 garbage-first heap   total 120832K, used 104188K [0x000000008a800000, 0x0000000100000000)
  region size 1024K, 67 young (68608K), 9 survivors (9216K)
 Metaspace       used 17354K, committed 17600K, reserved 1114112K
  class space    used 2029K, committed 2176K, reserved 1048576K
}
Event: 5.849 GC heap after
{Heap after GC invocations=4 (full 0):
 garbage-first heap   total 120832K, used 15108K [0x000000008a800000, 0x0000000100000000)
  region size 1024K, 3 young (3072K), 3 survivors (3072K)
 Metaspace       used 17354K, committed 17600K, reserved 1114112K
  class space    used 2029K, committed 2176K, reserved 1048576K
}

Deoptimization events (20 events):
Event: 6.810 Thread 0x00000202658c5fb0 Uncommon trap: trap_request=0xffffff45 fr.pc=0x0000020274ea9fe8 relative=0x00000000000012e8
Event: 6.810 Thread 0x00000202658c5fb0 Uncommon trap: reason=unstable_if action=reinterpret pc=0x0000020274ea9fe8 method=sun.nio.fs.WindowsPathParser.isSlash(C)Z @ 9 c2
Event: 6.810 Thread 0x00000202658c5fb0 DEOPT PACKING pc=0x0000020274ea9fe8 sp=0x000000319edfd550
Event: 6.810 Thread 0x00000202658c5fb0 DEOPT UNPACKING pc=0x00000202747423a3 sp=0x000000319edfd500 mode 2
Event: 7.015 Thread 0x00000202658c5fb0 Uncommon trap: trap_request=0xffffffbe fr.pc=0x0000020274d84b10 relative=0x0000000000001db0
Event: 7.015 Thread 0x00000202658c5fb0 Uncommon trap: reason=profile_predicate action=maybe_recompile pc=0x0000020274d84b10 method=java.util.TimSort.binarySort([Ljava/lang/Object;IIILjava/util/Comparator;)V @ 34 c2
Event: 7.016 Thread 0x00000202658c5fb0 DEOPT PACKING pc=0x0000020274d84b10 sp=0x000000319edfd820
Event: 7.016 Thread 0x00000202658c5fb0 DEOPT UNPACKING pc=0x00000202747423a3 sp=0x000000319edfd800 mode 2
Event: 7.016 Thread 0x00000202658c5fb0 Uncommon trap: trap_request=0xffffffbe fr.pc=0x0000020274d84b10 relative=0x0000000000001db0
Event: 7.016 Thread 0x00000202658c5fb0 Uncommon trap: reason=profile_predicate action=maybe_recompile pc=0x0000020274d84b10 method=java.util.TimSort.binarySort([Ljava/lang/Object;IIILjava/util/Comparator;)V @ 34 c2
Event: 7.016 Thread 0x00000202658c5fb0 DEOPT PACKING pc=0x0000020274d84b10 sp=0x000000319edfd820
Event: 7.016 Thread 0x00000202658c5fb0 DEOPT UNPACKING pc=0x00000202747423a3 sp=0x000000319edfd800 mode 2
Event: 7.016 Thread 0x00000202658c5fb0 Uncommon trap: trap_request=0xffffffbe fr.pc=0x0000020274d84b10 relative=0x0000000000001db0
Event: 7.016 Thread 0x00000202658c5fb0 Uncommon trap: reason=profile_predicate action=maybe_recompile pc=0x0000020274d84b10 method=java.util.TimSort.binarySort([Ljava/lang/Object;IIILjava/util/Comparator;)V @ 34 c2
Event: 7.016 Thread 0x00000202658c5fb0 DEOPT PACKING pc=0x0000020274d84b10 sp=0x000000319edfd820
Event: 7.016 Thread 0x00000202658c5fb0 DEOPT UNPACKING pc=0x00000202747423a3 sp=0x000000319edfd800 mode 2
Event: 7.035 Thread 0x00000202658c5fb0 Uncommon trap: trap_request=0xffffffde fr.pc=0x0000020274e5a438 relative=0x0000000000000518
Event: 7.035 Thread 0x00000202658c5fb0 Uncommon trap: reason=class_check action=maybe_recompile pc=0x0000020274e5a438 method=java.util.Hashtable.get(Ljava/lang/Object;)Ljava/lang/Object; @ 6 c2
Event: 7.035 Thread 0x00000202658c5fb0 DEOPT PACKING pc=0x0000020274e5a438 sp=0x000000319edfdbf0
Event: 7.035 Thread 0x00000202658c5fb0 DEOPT UNPACKING pc=0x00000202747423a3 sp=0x000000319edfdba0 mode 2

Classes unloaded (0 events):
No events

Classes redefined (0 events):
No events

Internal exceptions (20 events):
Event: 2.965 Thread 0x00000202658c5fb0 Implicit null exception at 0x0000020274cb67f2 to 0x0000020274cb6dcc
Event: 3.035 Thread 0x00000202658c5fb0 Exception <a 'java/lang/NoSuchMethodError'{0x0000000090531170}: 'void java.lang.invoke.DirectMethodHandle$Holder.invokeSpecial(java.lang.Object, java.lang.Object, java.lang.Object, java.lang.Object, java.lang.Object)'> (0x0000000090531170) 
thrown [s\open\src\hotspot\share\interpreter\linkResolver.cpp, line 759]
Event: 3.040 Thread 0x00000202658c5fb0 Exception <a 'java/lang/NoSuchMethodError'{0x000000009054e7f8}: 'void java.lang.invoke.DirectMethodHandle$Holder.invokeSpecial(java.lang.Object, java.lang.Object, java.lang.Object, java.lang.Object, java.lang.Object, java.lang.Object)'> (0x000000009054e7f8) 
thrown [s\open\src\hotspot\share\interpreter\linkResolver.cpp, line 759]
Event: 3.066 Thread 0x00000202658c5fb0 Exception <a 'java/lang/NoSuchMethodError'{0x000000009044ad70}: 'java.lang.Object java.lang.invoke.DirectMethodHandle$Holder.invokeVirtual(java.lang.Object, java.lang.Object, java.lang.Object)'> (0x000000009044ad70) 
thrown [s\open\src\hotspot\share\interpreter\linkResolver.cpp, line 759]
Event: 3.948 Thread 0x00000202658c5fb0 Implicit null exception at 0x0000020274dba932 to 0x0000020274dbaa24
Event: 3.949 Thread 0x00000202658c5fb0 Implicit null exception at 0x0000020274d4d4ea to 0x0000020274d4d6bc
Event: 3.949 Thread 0x00000202658c5fb0 Implicit null exception at 0x0000020274d122d8 to 0x0000020274d1236e
Event: 3.953 Thread 0x00000202658c5fb0 Exception <a 'java/lang/NoSuchMethodError'{0x000000008e7fa358}: 'void java.lang.invoke.DirectMethodHandle$Holder.invokeStatic(java.lang.Object, java.lang.Object, java.lang.Object, java.lang.Object)'> (0x000000008e7fa358) 
thrown [s\open\src\hotspot\share\interpreter\linkResolver.cpp, line 759]
Event: 5.147 Thread 0x00000202658c5fb0 Implicit null exception at 0x0000020274e83b0f to 0x0000020274e83b7a
Event: 5.148 Thread 0x00000202658c5fb0 Exception <a 'java/lang/NoSuchMethodError'{0x000000008fc9bf08}: 'java.lang.Object java.lang.invoke.DirectMethodHandle$Holder.newInvokeSpecial(java.lang.Object, java.lang.Object, java.lang.Object, java.lang.Object, java.lang.Object, java.lang.Object, java.lang.Object)'> (0x000000008fc9bf08) 
thrown [s\open\src\hotspot\share\interpreter\linkResolver.cpp, line 759]
Event: 5.149 Thread 0x00000202658c5fb0 Exception <a 'java/lang/NoSuchMethodError'{0x000000008fca0818}: 'java.lang.Object java.lang.invoke.Invokers$Holder.linkToTargetMethod(java.lang.Object, java.lang.Object, java.lang.Object, java.lang.Object, java.lang.Object, java.lang.Object, java.lang.Object)'> (0x000000008fca0818) 
thrown [s\open\src\hotspot\share\interpreter\linkResolver.cpp, line 759]
Event: 5.403 Thread 0x00000202658c5fb0 Exception <a 'java/lang/NoSuchMethodError'{0x000000008f2bfd60}: 'int java.lang.invoke.DirectMethodHandle$Holder.invokeVirtual(java.lang.Object, java.lang.Object)'> (0x000000008f2bfd60) 
thrown [s\open\src\hotspot\share\interpreter\linkResolver.cpp, line 759]
Event: 5.476 Thread 0x00000202658c5fb0 Exception <a 'java/lang/NoSuchMethodError'{0x000000008f0c8df0}: 'int java.lang.invoke.DirectMethodHandle$Holder.invokeStatic(java.lang.Object, java.lang.Object, int)'> (0x000000008f0c8df0) 
thrown [s\open\src\hotspot\share\interpreter\linkResolver.cpp, line 759]
Event: 6.993 Thread 0x00000202658c5fb0 Exception <a 'java/lang/NoSuchMethodError'{0x000000008f5ec9a0}: 'java.lang.Object java.lang.invoke.DirectMethodHandle$Holder.invokeStaticInit(java.lang.Object, java.lang.Object, int, int, int, int)'> (0x000000008f5ec9a0) 
thrown [s\open\src\hotspot\share\interpreter\linkResolver.cpp, line 759]
Event: 7.024 Thread 0x00000202658c5fb0 Exception <a 'java/lang/NoSuchMethodError'{0x000000008f447060}: 'void java.lang.invoke.DirectMethodHandle$Holder.invokeStatic(java.lang.Object, long)'> (0x000000008f447060) 
thrown [s\open\src\hotspot\share\interpreter\linkResolver.cpp, line 759]
Event: 7.025 Thread 0x00000202658c5fb0 Exception <a 'java/lang/NoSuchMethodError'{0x000000008f44c638}: 'java.lang.Object java.lang.invoke.DirectMethodHandle$Holder.newInvokeSpecial(java.lang.Object, long)'> (0x000000008f44c638) 
thrown [s\open\src\hotspot\share\interpreter\linkResolver.cpp, line 759]
Event: 7.027 Thread 0x00000202658c5fb0 Exception <a 'java/lang/NoSuchMethodError'{0x000000008f4537e8}: 'java.lang.Object java.lang.invoke.DirectMethodHandle$Holder.invokeStatic(java.lang.Object, java.lang.Object, long, java.lang.Object)'> (0x000000008f4537e8) 
thrown [s\open\src\hotspot\share\interpreter\linkResolver.cpp, line 759]
Event: 7.028 Thread 0x00000202658c5fb0 Exception <a 'java/lang/NoSuchMethodError'{0x000000008f456fc0}: 'java.lang.Object java.lang.invoke.DirectMethodHandle$Holder.invokeStaticInit(java.lang.Object, java.lang.Object, long, java.lang.Object)'> (0x000000008f456fc0) 
thrown [s\open\src\hotspot\share\interpreter\linkResolver.cpp, line 759]
Event: 7.029 Thread 0x00000202658c5fb0 Exception <a 'java/lang/NoSuchMethodError'{0x000000008f45d5d0}: 'java.lang.Object java.lang.invoke.DirectMethodHandle$Holder.newInvokeSpecial(java.lang.Object, java.lang.Object, long)'> (0x000000008f45d5d0) 
thrown [s\open\src\hotspot\share\interpreter\linkResolver.cpp, line 759]
Event: 7.030 Thread 0x00000202658c5fb0 Exception <a 'java/lang/NoSuchMethodError'{0x000000008f461140}: 'java.lang.Object java.lang.invoke.Invokers$Holder.linkToTargetMethod(java.lang.Object, long, java.lang.Object)'> (0x000000008f461140) 
thrown [s\open\src\hotspot\share\interpreter\linkResolver.cpp, line 759]

VM Operations (20 events):
Event: 3.876 Executing VM operation: HandshakeAllThreads
Event: 3.894 Executing VM operation: HandshakeAllThreads done
Event: 4.080 Executing VM operation: ICBufferFull
Event: 4.081 Executing VM operation: ICBufferFull done
Event: 4.322 Executing VM operation: G1CollectForAllocation
Event: 4.348 Executing VM operation: G1CollectForAllocation done
Event: 4.892 Executing VM operation: ICBufferFull
Event: 4.892 Executing VM operation: ICBufferFull done
Event: 5.382 Executing VM operation: ICBufferFull
Event: 5.383 Executing VM operation: ICBufferFull done
Event: 5.827 Executing VM operation: G1CollectForAllocation
Event: 5.849 Executing VM operation: G1CollectForAllocation done
Event: 5.975 Executing VM operation: HandshakeAllThreads
Event: 5.975 Executing VM operation: HandshakeAllThreads done
Event: 6.728 Executing VM operation: ICBufferFull
Event: 6.728 Executing VM operation: ICBufferFull done
Event: 6.841 Executing VM operation: HandshakeAllThreads
Event: 6.841 Executing VM operation: HandshakeAllThreads done
Event: 7.849 Executing VM operation: Cleanup
Event: 7.849 Executing VM operation: Cleanup done

Events (20 events):
Event: 7.032 loading class java/util/concurrent/SynchronousQueue$Transferer done
Event: 7.032 loading class java/util/concurrent/SynchronousQueue$TransferStack done
Event: 7.032 loading class java/util/concurrent/SynchronousQueue$TransferStack$SNode
Event: 7.032 loading class java/util/concurrent/SynchronousQueue$TransferStack$SNode done
Event: 7.032 loading class java/lang/ProcessImpl$2
Event: 7.032 loading class java/lang/ProcessImpl$2 done
Event: 7.032 loading class java/lang/ProcessBuilder$NullOutputStream
Event: 7.032 loading class java/lang/ProcessBuilder$NullOutputStream done
Event: 7.032 loading class java/lang/ProcessBuilder$NullInputStream
Event: 7.032 loading class java/lang/ProcessBuilder$NullInputStream done
Event: 7.032 loading class jdk/internal/event/ProcessStartEvent
Event: 7.032 loading class jdk/internal/event/ProcessStartEvent done
Event: 7.034 loading class sun/misc/Signal
Event: 7.034 loading class sun/misc/Signal done
Event: 7.034 loading class sun/misc/SignalHandler
Event: 7.034 loading class sun/misc/SignalHandler done
Event: 7.034 loading class sun/misc/Signal$InternalMiscHandler
Event: 7.035 loading class sun/misc/Signal$InternalMiscHandler done
Event: 7.035 loading class sun/misc/Signal$SunMiscHandler
Event: 7.035 loading class sun/misc/Signal$SunMiscHandler done


Dynamic libraries:
0x00007ff7b3d00000 - 0x00007ff7b3d10000 	C:\Program Files\Java\jdk-17\bin\java.exe
0x00007ffbafac0000 - 0x00007ffbafd28000 	C:\WINDOWS\SYSTEM32\ntdll.dll
0x00007ffbaf2b0000 - 0x00007ffbaf379000 	C:\WINDOWS\System32\KERNEL32.DLL
0x00007ffbacce0000 - 0x00007ffbad0d2000 	C:\WINDOWS\System32\KERNELBASE.dll
0x00007ffbad3e0000 - 0x00007ffbad52b000 	C:\WINDOWS\System32\ucrtbase.dll
0x00007ffba25f0000 - 0x00007ffba260b000 	C:\Program Files\Java\jdk-17\bin\VCRUNTIME140.dll
0x00007ffba2610000 - 0x00007ffba2629000 	C:\Program Files\Java\jdk-17\bin\jli.dll
0x00007ffbae2d0000 - 0x00007ffbae384000 	C:\WINDOWS\System32\ADVAPI32.dll
0x00007ffbaec40000 - 0x00007ffbaece9000 	C:\WINDOWS\System32\msvcrt.dll
0x00007ffbad9b0000 - 0x00007ffbada56000 	C:\WINDOWS\System32\sechost.dll
0x00007ffbad890000 - 0x00007ffbad9a8000 	C:\WINDOWS\System32\RPCRT4.dll
0x00007ffbae070000 - 0x00007ffbae235000 	C:\WINDOWS\System32\USER32.dll
0x00007ffb95cf0000 - 0x00007ffb95f83000 	C:\WINDOWS\WinSxS\amd64_microsoft.windows.common-controls_6595b64144ccf1df_6.0.26100.6899_none_3e0efeeae32e88c1\COMCTL32.dll
0x00007ffbad0e0000 - 0x00007ffbad107000 	C:\WINDOWS\System32\win32u.dll
0x00007ffbaeee0000 - 0x00007ffbaef0b000 	C:\WINDOWS\System32\GDI32.dll
0x00007ffbad760000 - 0x00007ffbad88d000 	C:\WINDOWS\System32\gdi32full.dll
0x00007ffbad6b0000 - 0x00007ffbad753000 	C:\WINDOWS\System32\msvcp_win.dll
0x00007ffba6ca0000 - 0x00007ffba6cab000 	C:\WINDOWS\SYSTEM32\VERSION.dll
0x00007ffbaf540000 - 0x00007ffbaf56f000 	C:\WINDOWS\System32\IMM32.DLL
0x00007ffba25e0000 - 0x00007ffba25ec000 	C:\Program Files\Java\jdk-17\bin\vcruntime140_1.dll
0x00007ffb9b990000 - 0x00007ffb9ba1e000 	C:\Program Files\Java\jdk-17\bin\msvcp140.dll
0x00007ffb6e160000 - 0x00007ffb6ed40000 	C:\Program Files\Java\jdk-17\bin\server\jvm.dll
0x00007ffbaf290000 - 0x00007ffbaf298000 	C:\WINDOWS\System32\PSAPI.DLL
0x00007ffb89570000 - 0x00007ffb8957a000 	C:\WINDOWS\SYSTEM32\WSOCK32.dll
0x00007ffba5c80000 - 0x00007ffba5cb5000 	C:\WINDOWS\SYSTEM32\WINMM.dll
0x00007ffbae240000 - 0x00007ffbae2b4000 	C:\WINDOWS\System32\WS2_32.dll
0x00007ffbab980000 - 0x00007ffbab99b000 	C:\WINDOWS\SYSTEM32\kernel.appcore.dll
0x00007ffba2580000 - 0x00007ffba258a000 	C:\Program Files\Java\jdk-17\bin\jimage.dll
0x00007ffba2a00000 - 0x00007ffba2c42000 	C:\WINDOWS\SYSTEM32\DBGHELP.DLL
0x00007ffbaef10000 - 0x00007ffbaf28b000 	C:\WINDOWS\System32\combase.dll
0x00007ffbadf90000 - 0x00007ffbae067000 	C:\WINDOWS\System32\OLEAUT32.dll
0x00007ffb9d730000 - 0x00007ffb9d76c000 	C:\WINDOWS\SYSTEM32\dbgcore.DLL
0x00007ffbad110000 - 0x00007ffbad1a8000 	C:\WINDOWS\System32\bcryptPrimitives.dll
0x00007ffb99c50000 - 0x00007ffb99c75000 	C:\Program Files\Java\jdk-17\bin\java.dll
0x00007ffb97fe0000 - 0x00007ffb980b7000 	C:\Program Files\Java\jdk-17\bin\jsvml.dll
0x00007ffbae4f0000 - 0x00007ffbaec3d000 	C:\WINDOWS\System32\SHELL32.dll
0x00007ffbad1b0000 - 0x00007ffbad31b000 	C:\WINDOWS\System32\wintypes.dll
0x00007ffbaa890000 - 0x00007ffbab0ed000 	C:\WINDOWS\SYSTEM32\windows.storage.dll
0x00007ffbaf7a0000 - 0x00007ffbaf892000 	C:\WINDOWS\System32\SHCORE.dll
0x00007ffbadf20000 - 0x00007ffbadf82000 	C:\WINDOWS\System32\shlwapi.dll
0x00007ffbacb70000 - 0x00007ffbacb99000 	C:\WINDOWS\SYSTEM32\profapi.dll
0x00007ffba2560000 - 0x00007ffba2579000 	C:\Program Files\Java\jdk-17\bin\net.dll
0x00007ffba5b50000 - 0x00007ffba5c6f000 	C:\WINDOWS\SYSTEM32\WINHTTP.dll
0x00007ffbabf90000 - 0x00007ffbabffb000 	C:\WINDOWS\system32\mswsock.dll
0x00007ffb9f010000 - 0x00007ffb9f026000 	C:\Program Files\Java\jdk-17\bin\nio.dll
0x00007ffb99d70000 - 0x00007ffb99d88000 	C:\Program Files\Java\jdk-17\bin\zip.dll
0x00007ffb998a0000 - 0x00007ffb998c4000 	C:\Users\divya\.m2\wrapper\dists\apache-maven-3.9.15\0226a00282e400185496f3b60ec5a3f029cbdc6893912937d4876d57695224e1\lib\jansi-native\Windows\x86_64\jansi.dll
0x00007ffba14d0000 - 0x00007ffba14e0000 	C:\Program Files\Java\jdk-17\bin\verify.dll
0x00007ffbac240000 - 0x00007ffbac25b000 	C:\WINDOWS\SYSTEM32\CRYPTSP.dll
0x00007ffbab9a0000 - 0x00007ffbab9db000 	C:\WINDOWS\system32\rsaenh.dll
0x00007ffbac030000 - 0x00007ffbac05b000 	C:\WINDOWS\SYSTEM32\USERENV.dll
0x00007ffbacb40000 - 0x00007ffbacb66000 	C:\WINDOWS\SYSTEM32\bcrypt.dll
0x00007ffbac260000 - 0x00007ffbac26c000 	C:\WINDOWS\SYSTEM32\CRYPTBASE.dll
0x00007ffbab400000 - 0x00007ffbab434000 	C:\WINDOWS\SYSTEM32\IPHLPAPI.DLL
0x00007ffbae2c0000 - 0x00007ffbae2ca000 	C:\WINDOWS\System32\NSI.dll
0x00007ffba3be0000 - 0x00007ffba3bfe000 	C:\WINDOWS\SYSTEM32\dhcpcsvc6.DLL
0x00007ffba3bb0000 - 0x00007ffba3bd3000 	C:\WINDOWS\SYSTEM32\dhcpcsvc.DLL
0x00007ffbab490000 - 0x00007ffbab5b6000 	C:\WINDOWS\SYSTEM32\DNSAPI.dll

dbghelp: loaded successfully - version: 4.0.5 - missing functions: none
symbol engine: initialized successfully - sym options: 0x614 - pdb path: .;C:\Program Files\Java\jdk-17\bin;C:\WINDOWS\SYSTEM32;C:\WINDOWS\WinSxS\amd64_microsoft.windows.common-controls_6595b64144ccf1df_6.0.26100.6899_none_3e0efeeae32e88c1;C:\Program Files\Java\jdk-17\bin\server;C:\Users\divya\.m2\wrapper\dists\apache-maven-3.9.15\0226a00282e400185496f3b60ec5a3f029cbdc6893912937d4876d57695224e1\lib\jansi-native\Windows\x86_64

VM Arguments:
jvm_args: --enable-native-access=ALL-UNNAMED -Dclassworlds.conf=C:\Users\divya\.m2\wrapper\dists\apache-maven-3.9.15\0226a00282e400185496f3b60ec5a3f029cbdc6893912937d4876d57695224e1\bin\m2.conf -Dmaven.home=C:\Users\divya\.m2\wrapper\dists\apache-maven-3.9.15\0226a00282e400185496f3b60ec5a3f029cbdc6893912937d4876d57695224e1 -Dlibrary.jansi.path=C:\Users\divya\.m2\wrapper\dists\apache-maven-3.9.15\0226a00282e400185496f3b60ec5a3f029cbdc6893912937d4876d57695224e1\lib\jansi-native -Dmaven.multiModuleProjectDirectory=D:\FITCHECK\backend 
java_command: org.codehaus.plexus.classworlds.launcher.Launcher spring-boot:run
java_class_path (initial): C:\Users\divya\.m2\wrapper\dists\apache-maven-3.9.15\0226a00282e400185496f3b60ec5a3f029cbdc6893912937d4876d57695224e1\boot\plexus-classworlds-2.9.0.jar
Launcher Type: SUN_STANDARD

[Global flags]
     intx CICompilerCount                          = 4                                         {product} {ergonomic}
     uint ConcGCThreads                            = 3                                         {product} {ergonomic}
     uint G1ConcRefinementThreads                  = 10                                        {product} {ergonomic}
   size_t G1HeapRegionSize                         = 1048576                                   {product} {ergonomic}
    uintx GCDrainStackTargetSize                   = 64                                        {product} {ergonomic}
   size_t InitialHeapSize                          = 123731968                                 {product} {ergonomic}
   size_t MarkStackSize                            = 4194304                                   {product} {ergonomic}
   size_t MaxHeapSize                              = 1971322880                                {product} {ergonomic}
   size_t MaxNewSize                               = 1182793728                                {product} {ergonomic}
   size_t MinHeapDeltaBytes                        = 1048576                                   {product} {ergonomic}
   size_t MinHeapSize                              = 8388608                                   {product} {ergonomic}
    uintx NonNMethodCodeHeapSize                   = 5839372                                {pd product} {ergonomic}
    uintx NonProfiledCodeHeapSize                  = 122909434                              {pd product} {ergonomic}
    uintx ProfiledCodeHeapSize                     = 122909434                              {pd product} {ergonomic}
    uintx ReservedCodeCacheSize                    = 251658240                              {pd product} {ergonomic}
     bool SegmentedCodeCache                       = true                                      {product} {ergonomic}
   size_t SoftMaxHeapSize                          = 1971322880                             {manageable} {ergonomic}
     bool UseCompressedClassPointers               = true                           {product lp64_product} {ergonomic}
     bool UseCompressedOops                        = true                           {product lp64_product} {ergonomic}
     bool UseG1GC                                  = true                                      {product} {ergonomic}
     bool UseLargePagesIndividualAllocation        = false                                  {pd product} {ergonomic}

Logging:
Log output configuration:
 #0: stdout all=warning uptime,level,tags
 #1: stderr all=off uptime,level,tags

Environment Variables:
JAVA_HOME=C:\Program Files\Java\jdk-17
PATH=C:\Program Files\Java\jdk-17\bin;C:\Windows\system32;C:\Windows;C:\Windows\System32\Wbem;C:\Windows\System32\WindowsPowerShell\v1.0\;C:\Windows\System32\OpenSSH\;C:\Program Files (x86)\NVIDIA Corporation\PhysX\Common;C:\WINDOWS\system32;C:\WINDOWS;C:\WINDOWS\System32\Wbem;C:\WINDOWS\System32\WindowsPowerShell\v1.0\;C:\WINDOWS\System32\OpenSSH\;C:\Program Files\MySQL\MySQL Server 8.0\bin;C:\MinGW\bin;C:\MinGW\mingw32\bin;C:\Program Files\Git\cmd;C:\Program Files\NVIDIA Corporation\NVIDIA App\NvDLISR;C:\Program Files\nodejs\;C:\flutter\src\flutter\bin;C:\MinGW\bin;C:\MinGW\mingw32\bin;C:\Users\divya\AppData\Local\Programs\Microsoft VS Code;C:\Users\divya\AppData\Local\Programs\Microsoft VS Code\Code.exe;C:\Users\divya\AppData\Local\Programs\Microsoft VS Code\bin;C:\src\flutter\bin;C:\ProgramData\divya\GitHubDesktop\bin;C:\Users\divya\AppData\Local\GitHubDesktop\bin;C:\Program Files\Java\jdk-17;C:\Users\divya\AppData\Local\Programs\Windsurf\bin;C:\Users\divya\AppData\Roaming\npm;C:\Program Files\JetBrains\IntelliJ IDEA 2025.3.3\bin;C:\Users\divya\AppData\Local\Programs\Antigravity\bin
USERNAME=divya
LANG=en_US.UTF-8
OS=Windows_NT
PROCESSOR_IDENTIFIER=AMD64 Family 23 Model 104 Stepping 1, AuthenticAMD



---------------  S Y S T E M  ---------------

OS:
 Windows 11 , 64 bit Build 26100 (10.0.26100.6725)
OS uptime: 0 days 4:06 hours
Hyper-V role detected

CPU: total 12 (initial active 12) (12 cores per cpu, 2 threads per core) family 23 model 104 stepping 1 microcode 0x8608103, cx8, cmov, fxsr, ht, mmx, 3dnowpref, sse, sse2, sse3, ssse3, sse4a, sse4.1, sse4.2, popcnt, lzcnt, tsc, tscinvbit, avx, avx2, aes, clmul, bmi1, bmi2, adx, sha, fma, vzeroupper, clflush, clflushopt, hv

Memory: 4k page, system-wide physical 7514M (416M free)
TotalPageFile size 19802M (AvailPageFile size 32M)
current process WorkingSet (physical memory assigned to process): 208M, peak: 236M
current process commit charge ("private bytes"): 254M, peak: 284M

vm_info: Java HotSpot(TM) 64-Bit Server VM (17.0.12+8-LTS-286) for windows-amd64 JRE (17.0.12+8-LTS-286), built on Jun  5 2024 06:46:59 by "mach5one" with MS VC++ 17.6 (VS2022)

END.
