#
# There is insufficient memory for the Java Runtime Environment to continue.
# Native memory allocation (malloc) failed to allocate 1653184 bytes for Chunk::new
# Possible reasons:
#   The system is out of physical RAM or swap space
#   The process is running with CompressedOops enabled, and the Java Heap may be blocking the growth of the native heap
# Possible solutions:
#   Reduce memory load on the system
#   Increase physical memory or swap space
#   Check if swap backing store is full
#   Decrease Java heap size (-Xmx/-Xms)
#   Decrease number of Java threads
#   Decrease Java thread stack sizes (-Xss)
#   Set larger code cache with -XX:ReservedCodeCacheSize=
#   JVM is running with Unscaled Compressed Oops mode in which the Java heap is
#     placed in the first 4GB address space. The Java Heap base address is the
#     maximum limit for the native heap growth. Please use -XX:HeapBaseMinAddress
#     to set the Java Heap base and to place the Java Heap above 4GB virtual address.
# This output file may be truncated or incomplete.
#
#  Out of Memory Error (arena.cpp:189), pid=4028, tid=24256
#
# JRE version: Java(TM) SE Runtime Environment (17.0.12+8) (build 17.0.12+8-LTS-286)
# Java VM: Java HotSpot(TM) 64-Bit Server VM (17.0.12+8-LTS-286, mixed mode, sharing, tiered, compressed oops, compressed class ptrs, g1 gc, windows-amd64)
# No core dump will be written. Minidumps are not enabled by default on client versions of Windows
#

---------------  S U M M A R Y ------------

Command Line: --enable-native-access=ALL-UNNAMED -Xmx512m -Xms256m -Dclassworlds.conf=C:\Users\divya\.m2\wrapper\dists\apache-maven-3.9.15\0226a00282e400185496f3b60ec5a3f029cbdc6893912937d4876d57695224e1\bin\m2.conf -Dmaven.home=C:\Users\divya\.m2\wrapper\dists\apache-maven-3.9.15\0226a00282e400185496f3b60ec5a3f029cbdc6893912937d4876d57695224e1 -Dlibrary.jansi.path=C:\Users\divya\.m2\wrapper\dists\apache-maven-3.9.15\0226a00282e400185496f3b60ec5a3f029cbdc6893912937d4876d57695224e1\lib\jansi-native -Dmaven.multiModuleProjectDirectory=D:\FITCHECK\backend org.codehaus.plexus.classworlds.launcher.Launcher spring-boot:run

Host: AMD Ryzen 5 5500U with Radeon Graphics         , 12 cores, 7G,  Windows 11 , 64 bit Build 26100 (10.0.26100.6725)
Time: Thu May  7 00:00:34 2026 India Standard Time elapsed time: 14.742979 seconds (0d 0h 0m 14s)

---------------  T H R E A D  ---------------

Current thread (0x000001ce2235e390):  JavaThread "C2 CompilerThread1" daemon [_thread_in_native, id=24256, stack(0x0000004c7a600000,0x0000004c7a700000)]


Current CompileTask:
C2:  14743 9431 %     4       java.util.zip.ZipFile$Source::initCEN @ 240 (591 bytes)

Stack: [0x0000004c7a600000,0x0000004c7a700000]
Native frames: (J=compiled Java code, j=interpreted, Vv=VM code, C=native code)
V  [jvm.dll+0x67a04a]
V  [jvm.dll+0x7da4ed]
V  [jvm.dll+0x7dbe33]
V  [jvm.dll+0x7dc4a3]
V  [jvm.dll+0x24508f]
V  [jvm.dll+0xab773]
V  [jvm.dll+0xabd3c]
V  [jvm.dll+0x361bee]
V  [jvm.dll+0x32c431]
V  [jvm.dll+0x32b8ca]
V  [jvm.dll+0x21683f]
V  [jvm.dll+0x215c6f]
V  [jvm.dll+0x1a2960]
V  [jvm.dll+0x22610b]
V  [jvm.dll+0x2242ab]
V  [jvm.dll+0x79075c]
V  [jvm.dll+0x78abea]
V  [jvm.dll+0x678f35]
C  [ucrtbase.dll+0x37b0]
C  [KERNEL32.DLL+0x2e8d7]
C  [ntdll.dll+0x8c53c]


---------------  P R O C E S S  ---------------

Threads class SMR info:
_java_thread_list=0x000001ce24b6a770, length=14, elements={
0x000001cdc17b4820, 0x000001cddc521500, 0x000001cddc521fd0, 0x000001cddc53e3f0,
0x000001cddc53ecc0, 0x000001cddc53f590, 0x000001cddc53fe60, 0x000001cddc540a60,
0x000001cddc541420, 0x000001cddc541d30, 0x000001cddc78b020, 0x000001cddc7bb930,
0x000001ce233cf440, 0x000001ce2235e390
}

Java Threads: ( => current thread )
  0x000001cdc17b4820 JavaThread "main" [_thread_in_native, id=4668, stack(0x0000004c79300000,0x0000004c79400000)]
  0x000001cddc521500 JavaThread "Reference Handler" daemon [_thread_blocked, id=28284, stack(0x0000004c79a00000,0x0000004c79b00000)]
  0x000001cddc521fd0 JavaThread "Finalizer" daemon [_thread_blocked, id=7684, stack(0x0000004c79b00000,0x0000004c79c00000)]
  0x000001cddc53e3f0 JavaThread "Signal Dispatcher" daemon [_thread_blocked, id=26940, stack(0x0000004c79c00000,0x0000004c79d00000)]
  0x000001cddc53ecc0 JavaThread "Attach Listener" daemon [_thread_blocked, id=25780, stack(0x0000004c79d00000,0x0000004c79e00000)]
  0x000001cddc53f590 JavaThread "Service Thread" daemon [_thread_blocked, id=4816, stack(0x0000004c79e00000,0x0000004c79f00000)]
  0x000001cddc53fe60 JavaThread "Monitor Deflation Thread" daemon [_thread_blocked, id=26588, stack(0x0000004c79f00000,0x0000004c7a000000)]
  0x000001cddc540a60 JavaThread "C2 CompilerThread0" daemon [_thread_blocked, id=20144, stack(0x0000004c7a000000,0x0000004c7a100000)]
  0x000001cddc541420 JavaThread "C1 CompilerThread0" daemon [_thread_blocked, id=28848, stack(0x0000004c7a100000,0x0000004c7a200000)]
  0x000001cddc541d30 JavaThread "Sweeper thread" daemon [_thread_blocked, id=14548, stack(0x0000004c7a200000,0x0000004c7a300000)]
  0x000001cddc78b020 JavaThread "Notification Thread" daemon [_thread_blocked, id=16004, stack(0x0000004c7a300000,0x0000004c7a400000)]
  0x000001cddc7bb930 JavaThread "Common-Cleaner" daemon [_thread_blocked, id=21548, stack(0x0000004c7a500000,0x0000004c7a600000)]
  0x000001ce233cf440 JavaThread "Thread-1" daemon [_thread_blocked, id=29500, stack(0x0000004c7b000000,0x0000004c7b100000)]
=>0x000001ce2235e390 JavaThread "C2 CompilerThread1" daemon [_thread_in_native, id=24256, stack(0x0000004c7a600000,0x0000004c7a700000)]

Other Threads:
  0x000001cddc515b40 VMThread "VM Thread" [stack: 0x0000004c79900000,0x0000004c79a00000] [id=28596]
  0x000001cdc17f4a30 WatcherThread [stack: 0x0000004c7a400000,0x0000004c7a500000] [id=19128]
  0x000001cdc17e6000 GCTaskThread "GC Thread#0" [stack: 0x0000004c79400000,0x0000004c79500000] [id=26680]
  0x000001cddc8695c0 GCTaskThread "GC Thread#1" [stack: 0x0000004c7a800000,0x0000004c7a900000] [id=26900]
  0x000001ce2278f2f0 GCTaskThread "GC Thread#2" [stack: 0x0000004c7a900000,0x0000004c7aa00000] [id=17120]
  0x000001ce2278f5b0 GCTaskThread "GC Thread#3" [stack: 0x0000004c7aa00000,0x0000004c7ab00000] [id=8304]
  0x000001ce2278f870 GCTaskThread "GC Thread#4" [stack: 0x0000004c7ab00000,0x0000004c7ac00000] [id=30352]
  0x000001ce225cf620 GCTaskThread "GC Thread#5" [stack: 0x0000004c7ac00000,0x0000004c7ad00000] [id=16084]
  0x000001ce22666e80 GCTaskThread "GC Thread#6" [stack: 0x0000004c7ad00000,0x0000004c7ae00000] [id=22392]
  0x000001ce2284d0c0 GCTaskThread "GC Thread#7" [stack: 0x0000004c7ae00000,0x0000004c7af00000] [id=28004]
  0x000001ce2298d430 GCTaskThread "GC Thread#8" [stack: 0x0000004c7af00000,0x0000004c7b000000] [id=6652]
  0x000001ce2371fc80 GCTaskThread "GC Thread#9" [stack: 0x0000004c7a700000,0x0000004c7a800000] [id=25700]
  0x000001cdc17eae60 ConcurrentGCThread "G1 Main Marker" [stack: 0x0000004c79500000,0x0000004c79600000] [id=10296]
  0x000001cdc17ec450 ConcurrentGCThread "G1 Conc#0" [stack: 0x0000004c79600000,0x0000004c79700000] [id=25308]
  0x000001ce2314cee0 ConcurrentGCThread "G1 Conc#1" [stack: 0x0000004c7b600000,0x0000004c7b700000] [id=25968]
  0x000001ce2314d720 ConcurrentGCThread "G1 Conc#2" [stack: 0x0000004c7b700000,0x0000004c7b800000] [id=18024]
  0x000001cdc187d5e0 ConcurrentGCThread "G1 Refine#0" [stack: 0x0000004c79700000,0x0000004c79800000] [id=20872]
  0x000001ce2422e060 ConcurrentGCThread "G1 Refine#1" [stack: 0x0000004c7b200000,0x0000004c7b300000] [id=3160]
  0x000001ce2422dd70 ConcurrentGCThread "G1 Refine#2" [stack: 0x0000004c7b300000,0x0000004c7b400000] [id=28824]
  0x000001ce2422fad0 ConcurrentGCThread "G1 Refine#3" [stack: 0x0000004c7b400000,0x0000004c7b500000] [id=7284]
  0x000001cddc3dc520 ConcurrentGCThread "G1 Service" [stack: 0x0000004c79800000,0x0000004c79900000] [id=16468]

Threads with active compile tasks:
C2 CompilerThread1    14763 9431 %     4       java.util.zip.ZipFile$Source::initCEN @ 240 (591 bytes)

VM state: not at safepoint (normal execution)

VM Mutex/Monitor currently owned by a thread: None

Heap address: 0x00000000e0000000, size: 512 MB, Compressed Oops mode: 32-bit

CDS archive(s) mapped at: [0x000001cddd000000-0x000001cdddbd0000-0x000001cdddbd0000), size 12386304, SharedBaseAddress: 0x000001cddd000000, ArchiveRelocationMode: 1.
Compressed class space mapped at: 0x000001cdde000000-0x000001ce1e000000, reserved size: 1073741824
Narrow klass base: 0x000001cddd000000, Narrow klass shift: 0, Narrow klass range: 0x100000000

GC Precious Log:
 CPUs: 12 total, 12 available
 Memory: 7514M
 Large Page Support: Disabled
 NUMA Support: Disabled
 Compressed Oops: Enabled (32-bit)
 Heap Region Size: 1M
 Heap Min Capacity: 256M
 Heap Initial Capacity: 256M
 Heap Max Capacity: 512M
 Pre-touch: Disabled
 Parallel Workers: 10
 Concurrent Workers: 3
 Concurrent Refinement Workers: 10
 Periodic GC: Disabled

Heap:
 garbage-first heap   total 262144K, used 145896K [0x00000000e0000000, 0x0000000100000000)
  region size 1024K, 97 young (99328K), 19 survivors (19456K)
 Metaspace       used 41785K, committed 42176K, reserved 1114112K
  class space    used 4800K, committed 4992K, reserved 1048576K

Heap Regions: E=young(eden), S=young(survivor), O=old, HS=humongous(starts), HC=humongous(continues), CS=collection set, F=free, OA=open archive, CA=closed archive, TAMS=top-at-mark-start (previous, next)
|   0|0x00000000e0000000, 0x00000000e0100000, 0x00000000e0100000|100%| O|  |TAMS 0x00000000e0100000, 0x00000000e0000000| Untracked 
|   1|0x00000000e0100000, 0x00000000e0200000, 0x00000000e0200000|100%| O|  |TAMS 0x00000000e0200000, 0x00000000e0100000| Untracked 
|   2|0x00000000e0200000, 0x00000000e0300000, 0x00000000e0300000|100%| O|  |TAMS 0x00000000e0300000, 0x00000000e0200000| Untracked 
|   3|0x00000000e0300000, 0x00000000e0400000, 0x00000000e0400000|100%| O|  |TAMS 0x00000000e0400000, 0x00000000e0300000| Untracked 
|   4|0x00000000e0400000, 0x00000000e0500000, 0x00000000e0500000|100%| O|  |TAMS 0x00000000e0400000, 0x00000000e0400000| Untracked 
|   5|0x00000000e0500000, 0x00000000e0600000, 0x00000000e0600000|100%| O|  |TAMS 0x00000000e0500000, 0x00000000e0500000| Untracked 
|   6|0x00000000e0600000, 0x00000000e0700000, 0x00000000e0700000|100%| O|  |TAMS 0x00000000e0600000, 0x00000000e0600000| Untracked 
|   7|0x00000000e0700000, 0x00000000e0800000, 0x00000000e0800000|100%| O|  |TAMS 0x00000000e0700000, 0x00000000e0700000| Untracked 
|   8|0x00000000e0800000, 0x00000000e0900000, 0x00000000e0900000|100%| O|  |TAMS 0x00000000e0800000, 0x00000000e0800000| Untracked 
|   9|0x00000000e0900000, 0x00000000e0a00000, 0x00000000e0a00000|100%| O|  |TAMS 0x00000000e0900000, 0x00000000e0900000| Untracked 
|  10|0x00000000e0a00000, 0x00000000e0b00000, 0x00000000e0b00000|100%| O|  |TAMS 0x00000000e0a00000, 0x00000000e0a00000| Untracked 
|  11|0x00000000e0b00000, 0x00000000e0c00000, 0x00000000e0c00000|100%| O|  |TAMS 0x00000000e0b00000, 0x00000000e0b00000| Untracked 
|  12|0x00000000e0c00000, 0x00000000e0d00000, 0x00000000e0d00000|100%| O|  |TAMS 0x00000000e0c00000, 0x00000000e0c00000| Untracked 
|  13|0x00000000e0d00000, 0x00000000e0e00000, 0x00000000e0e00000|100%| O|  |TAMS 0x00000000e0d00000, 0x00000000e0d00000| Untracked 
|  14|0x00000000e0e00000, 0x00000000e0f00000, 0x00000000e0f00000|100%| O|  |TAMS 0x00000000e0e00000, 0x00000000e0e00000| Untracked 
|  15|0x00000000e0f00000, 0x00000000e1000000, 0x00000000e1000000|100%| O|  |TAMS 0x00000000e0f00000, 0x00000000e0f00000| Untracked 
|  16|0x00000000e1000000, 0x00000000e1100000, 0x00000000e1100000|100%| O|  |TAMS 0x00000000e1000000, 0x00000000e1000000| Untracked 
|  17|0x00000000e1100000, 0x00000000e1200000, 0x00000000e1200000|100%| O|  |TAMS 0x00000000e1100000, 0x00000000e1100000| Untracked 
|  18|0x00000000e1200000, 0x00000000e1300000, 0x00000000e1300000|100%| O|  |TAMS 0x00000000e1200000, 0x00000000e1200000| Untracked 
|  19|0x00000000e1300000, 0x00000000e1400000, 0x00000000e1400000|100%| O|  |TAMS 0x00000000e1300000, 0x00000000e1300000| Untracked 
|  20|0x00000000e1400000, 0x00000000e1500000, 0x00000000e1500000|100%| O|  |TAMS 0x00000000e1400000, 0x00000000e1400000| Untracked 
|  21|0x00000000e1500000, 0x00000000e1600000, 0x00000000e1600000|100%| O|  |TAMS 0x00000000e1500000, 0x00000000e1500000| Untracked 
|  22|0x00000000e1600000, 0x00000000e1700000, 0x00000000e1700000|100%| O|  |TAMS 0x00000000e1600000, 0x00000000e1600000| Untracked 
|  23|0x00000000e1700000, 0x00000000e1800000, 0x00000000e1800000|100%| O|  |TAMS 0x00000000e1700000, 0x00000000e1700000| Untracked 
|  24|0x00000000e1800000, 0x00000000e1900000, 0x00000000e1900000|100%|HS|  |TAMS 0x00000000e1800000, 0x00000000e1800000| Complete 
|  25|0x00000000e1900000, 0x00000000e1a00000, 0x00000000e1a00000|100%|HC|  |TAMS 0x00000000e1900000, 0x00000000e1900000| Complete 
|  26|0x00000000e1a00000, 0x00000000e1b00000, 0x00000000e1b00000|100%|HS|  |TAMS 0x00000000e1a00000, 0x00000000e1a00000| Complete 
|  27|0x00000000e1b00000, 0x00000000e1c00000, 0x00000000e1c00000|100%|HS|  |TAMS 0x00000000e1b00000, 0x00000000e1b00000| Complete 
|  28|0x00000000e1c00000, 0x00000000e1d00000, 0x00000000e1d00000|100%| O|  |TAMS 0x00000000e1c00000, 0x00000000e1c00000| Untracked 
|  29|0x00000000e1d00000, 0x00000000e1e00000, 0x00000000e1e00000|100%| O|  |TAMS 0x00000000e1d00000, 0x00000000e1d00000| Untracked 
|  30|0x00000000e1e00000, 0x00000000e1f00000, 0x00000000e1f00000|100%| O|  |TAMS 0x00000000e1e00000, 0x00000000e1e00000| Untracked 
|  31|0x00000000e1f00000, 0x00000000e2000000, 0x00000000e2000000|100%| O|  |TAMS 0x00000000e1f00000, 0x00000000e1f00000| Untracked 
|  32|0x00000000e2000000, 0x00000000e2100000, 0x00000000e2100000|100%| O|  |TAMS 0x00000000e2000000, 0x00000000e2000000| Untracked 
|  33|0x00000000e2100000, 0x00000000e2200000, 0x00000000e2200000|100%| O|  |TAMS 0x00000000e2100000, 0x00000000e2100000| Untracked 
|  34|0x00000000e2200000, 0x00000000e2300000, 0x00000000e2300000|100%| O|  |TAMS 0x00000000e2200000, 0x00000000e2200000| Untracked 
|  35|0x00000000e2300000, 0x00000000e2400000, 0x00000000e2400000|100%| O|  |TAMS 0x00000000e2300000, 0x00000000e2300000| Untracked 
|  36|0x00000000e2400000, 0x00000000e2500000, 0x00000000e2500000|100%| O|  |TAMS 0x00000000e2400000, 0x00000000e2400000| Untracked 
|  37|0x00000000e2500000, 0x00000000e2600000, 0x00000000e2600000|100%| O|  |TAMS 0x00000000e2500000, 0x00000000e2500000| Untracked 
|  38|0x00000000e2600000, 0x00000000e2700000, 0x00000000e2700000|100%|HS|  |TAMS 0x00000000e2700000, 0x00000000e2600000| Complete 
|  39|0x00000000e2700000, 0x00000000e2800000, 0x00000000e2800000|100%|HC|  |TAMS 0x00000000e2800000, 0x00000000e2700000| Complete 
|  40|0x00000000e2800000, 0x00000000e2900000, 0x00000000e2900000|100%|HS|  |TAMS 0x00000000e2900000, 0x00000000e2800000| Complete 
|  41|0x00000000e2900000, 0x00000000e2a00000, 0x00000000e2a00000|100%| O|  |TAMS 0x00000000e2a00000, 0x00000000e2900000| Untracked 
|  42|0x00000000e2a00000, 0x00000000e2b00000, 0x00000000e2b00000|100%| O|  |TAMS 0x00000000e2b00000, 0x00000000e2a00000| Untracked 
|  43|0x00000000e2b00000, 0x00000000e2c00000, 0x00000000e2c00000|100%| O|  |TAMS 0x00000000e2b1f200, 0x00000000e2b00000| Untracked 
|  44|0x00000000e2c00000, 0x00000000e2c7a200, 0x00000000e2d00000| 47%| O|  |TAMS 0x00000000e2c00000, 0x00000000e2c00000| Untracked 
|  45|0x00000000e2d00000, 0x00000000e2e00000, 0x00000000e2e00000|100%|HS|  |TAMS 0x00000000e2d00000, 0x00000000e2d00000| Complete 
|  46|0x00000000e2e00000, 0x00000000e2f00000, 0x00000000e2f00000|100%|HS|  |TAMS 0x00000000e2e00000, 0x00000000e2e00000| Complete 
|  47|0x00000000e2f00000, 0x00000000e2f00000, 0x00000000e3000000|  0%| F|  |TAMS 0x00000000e2f00000, 0x00000000e2f00000| Untracked 
|  48|0x00000000e3000000, 0x00000000e3000000, 0x00000000e3100000|  0%| F|  |TAMS 0x00000000e3000000, 0x00000000e3000000| Untracked 
|  49|0x00000000e3100000, 0x00000000e3100000, 0x00000000e3200000|  0%| F|  |TAMS 0x00000000e3100000, 0x00000000e3100000| Untracked 
|  50|0x00000000e3200000, 0x00000000e3200000, 0x00000000e3300000|  0%| F|  |TAMS 0x00000000e3200000, 0x00000000e3200000| Untracked 
|  51|0x00000000e3300000, 0x00000000e3300000, 0x00000000e3400000|  0%| F|  |TAMS 0x00000000e3300000, 0x00000000e3300000| Untracked 
|  52|0x00000000e3400000, 0x00000000e3400000, 0x00000000e3500000|  0%| F|  |TAMS 0x00000000e3400000, 0x00000000e3400000| Untracked 
|  53|0x00000000e3500000, 0x00000000e3500000, 0x00000000e3600000|  0%| F|  |TAMS 0x00000000e3500000, 0x00000000e3500000| Untracked 
|  54|0x00000000e3600000, 0x00000000e3600000, 0x00000000e3700000|  0%| F|  |TAMS 0x00000000e3600000, 0x00000000e3600000| Untracked 
|  55|0x00000000e3700000, 0x00000000e3700000, 0x00000000e3800000|  0%| F|  |TAMS 0x00000000e3700000, 0x00000000e3700000| Untracked 
|  56|0x00000000e3800000, 0x00000000e3800000, 0x00000000e3900000|  0%| F|  |TAMS 0x00000000e3800000, 0x00000000e3800000| Untracked 
|  57|0x00000000e3900000, 0x00000000e3900000, 0x00000000e3a00000|  0%| F|  |TAMS 0x00000000e3900000, 0x00000000e3900000| Untracked 
|  58|0x00000000e3a00000, 0x00000000e3a00000, 0x00000000e3b00000|  0%| F|  |TAMS 0x00000000e3a00000, 0x00000000e3a00000| Untracked 
|  59|0x00000000e3b00000, 0x00000000e3b00000, 0x00000000e3c00000|  0%| F|  |TAMS 0x00000000e3b00000, 0x00000000e3b00000| Untracked 
|  60|0x00000000e3c00000, 0x00000000e3c00000, 0x00000000e3d00000|  0%| F|  |TAMS 0x00000000e3c00000, 0x00000000e3c00000| Untracked 
|  61|0x00000000e3d00000, 0x00000000e3d00000, 0x00000000e3e00000|  0%| F|  |TAMS 0x00000000e3d00000, 0x00000000e3d00000| Untracked 
|  62|0x00000000e3e00000, 0x00000000e3e00000, 0x00000000e3f00000|  0%| F|  |TAMS 0x00000000e3e00000, 0x00000000e3e00000| Untracked 
|  63|0x00000000e3f00000, 0x00000000e3f00000, 0x00000000e4000000|  0%| F|  |TAMS 0x00000000e3f00000, 0x00000000e3f00000| Untracked 
|  64|0x00000000e4000000, 0x00000000e4000000, 0x00000000e4100000|  0%| F|  |TAMS 0x00000000e4000000, 0x00000000e4000000| Untracked 
|  65|0x00000000e4100000, 0x00000000e4100000, 0x00000000e4200000|  0%| F|  |TAMS 0x00000000e4100000, 0x00000000e4100000| Untracked 
|  66|0x00000000e4200000, 0x00000000e4200000, 0x00000000e4300000|  0%| F|  |TAMS 0x00000000e4200000, 0x00000000e4200000| Untracked 
|  67|0x00000000e4300000, 0x00000000e4300000, 0x00000000e4400000|  0%| F|  |TAMS 0x00000000e4300000, 0x00000000e4300000| Untracked 
|  68|0x00000000e4400000, 0x00000000e4400000, 0x00000000e4500000|  0%| F|  |TAMS 0x00000000e4400000, 0x00000000e4400000| Untracked 
|  69|0x00000000e4500000, 0x00000000e4500000, 0x00000000e4600000|  0%| F|  |TAMS 0x00000000e4500000, 0x00000000e4500000| Untracked 
|  70|0x00000000e4600000, 0x00000000e4600000, 0x00000000e4700000|  0%| F|  |TAMS 0x00000000e4600000, 0x00000000e4600000| Untracked 
|  71|0x00000000e4700000, 0x00000000e4700000, 0x00000000e4800000|  0%| F|  |TAMS 0x00000000e4700000, 0x00000000e4700000| Untracked 
|  72|0x00000000e4800000, 0x00000000e4800000, 0x00000000e4900000|  0%| F|  |TAMS 0x00000000e4800000, 0x00000000e4800000| Untracked 
|  73|0x00000000e4900000, 0x00000000e4900000, 0x00000000e4a00000|  0%| F|  |TAMS 0x00000000e4900000, 0x00000000e4900000| Untracked 
|  74|0x00000000e4a00000, 0x00000000e4a00000, 0x00000000e4b00000|  0%| F|  |TAMS 0x00000000e4a00000, 0x00000000e4a00000| Untracked 
|  75|0x00000000e4b00000, 0x00000000e4b00000, 0x00000000e4c00000|  0%| F|  |TAMS 0x00000000e4b00000, 0x00000000e4b00000| Untracked 
|  76|0x00000000e4c00000, 0x00000000e4c00000, 0x00000000e4d00000|  0%| F|  |TAMS 0x00000000e4c00000, 0x00000000e4c00000| Untracked 
|  77|0x00000000e4d00000, 0x00000000e4d00000, 0x00000000e4e00000|  0%| F|  |TAMS 0x00000000e4d00000, 0x00000000e4d00000| Untracked 
|  78|0x00000000e4e00000, 0x00000000e4e00000, 0x00000000e4f00000|  0%| F|  |TAMS 0x00000000e4e00000, 0x00000000e4e00000| Untracked 
|  79|0x00000000e4f00000, 0x00000000e4f00000, 0x00000000e5000000|  0%| F|  |TAMS 0x00000000e4f00000, 0x00000000e4f00000| Untracked 
|  80|0x00000000e5000000, 0x00000000e5000000, 0x00000000e5100000|  0%| F|  |TAMS 0x00000000e5000000, 0x00000000e5000000| Untracked 
|  81|0x00000000e5100000, 0x00000000e5100000, 0x00000000e5200000|  0%| F|  |TAMS 0x00000000e5100000, 0x00000000e5100000| Untracked 
|  82|0x00000000e5200000, 0x00000000e5200000, 0x00000000e5300000|  0%| F|  |TAMS 0x00000000e5200000, 0x00000000e5200000| Untracked 
|  83|0x00000000e5300000, 0x00000000e5300000, 0x00000000e5400000|  0%| F|  |TAMS 0x00000000e5300000, 0x00000000e5300000| Untracked 
|  84|0x00000000e5400000, 0x00000000e5400000, 0x00000000e5500000|  0%| F|  |TAMS 0x00000000e5400000, 0x00000000e5400000| Untracked 
|  85|0x00000000e5500000, 0x00000000e5500000, 0x00000000e5600000|  0%| F|  |TAMS 0x00000000e5500000, 0x00000000e5500000| Untracked 
|  86|0x00000000e5600000, 0x00000000e5600000, 0x00000000e5700000|  0%| F|  |TAMS 0x00000000e5600000, 0x00000000e5600000| Untracked 
|  87|0x00000000e5700000, 0x00000000e5700000, 0x00000000e5800000|  0%| F|  |TAMS 0x00000000e5700000, 0x00000000e5700000| Untracked 
|  88|0x00000000e5800000, 0x00000000e5900000, 0x00000000e5900000|100%| S|CS|TAMS 0x00000000e5800000, 0x00000000e5800000| Complete 
|  89|0x00000000e5900000, 0x00000000e5a00000, 0x00000000e5a00000|100%| S|CS|TAMS 0x00000000e5900000, 0x00000000e5900000| Complete 
|  90|0x00000000e5a00000, 0x00000000e5b00000, 0x00000000e5b00000|100%| S|CS|TAMS 0x00000000e5a00000, 0x00000000e5a00000| Complete 
|  91|0x00000000e5b00000, 0x00000000e5c00000, 0x00000000e5c00000|100%| S|CS|TAMS 0x00000000e5b00000, 0x00000000e5b00000| Complete 
|  92|0x00000000e5c00000, 0x00000000e5d00000, 0x00000000e5d00000|100%| S|CS|TAMS 0x00000000e5c00000, 0x00000000e5c00000| Complete 
|  93|0x00000000e5d00000, 0x00000000e5e00000, 0x00000000e5e00000|100%| S|CS|TAMS 0x00000000e5d00000, 0x00000000e5d00000| Complete 
|  94|0x00000000e5e00000, 0x00000000e5f00000, 0x00000000e5f00000|100%| S|CS|TAMS 0x00000000e5e00000, 0x00000000e5e00000| Complete 
|  95|0x00000000e5f00000, 0x00000000e6000000, 0x00000000e6000000|100%| S|CS|TAMS 0x00000000e5f00000, 0x00000000e5f00000| Complete 
|  96|0x00000000e6000000, 0x00000000e6100000, 0x00000000e6100000|100%| S|CS|TAMS 0x00000000e6000000, 0x00000000e6000000| Complete 
|  97|0x00000000e6100000, 0x00000000e6200000, 0x00000000e6200000|100%| S|CS|TAMS 0x00000000e6100000, 0x00000000e6100000| Complete 
|  98|0x00000000e6200000, 0x00000000e6300000, 0x00000000e6300000|100%| S|CS|TAMS 0x00000000e6200000, 0x00000000e6200000| Complete 
|  99|0x00000000e6300000, 0x00000000e6400000, 0x00000000e6400000|100%| S|CS|TAMS 0x00000000e6300000, 0x00000000e6300000| Complete 
| 100|0x00000000e6400000, 0x00000000e6500000, 0x00000000e6500000|100%| S|CS|TAMS 0x00000000e6400000, 0x00000000e6400000| Complete 
| 101|0x00000000e6500000, 0x00000000e6600000, 0x00000000e6600000|100%| S|CS|TAMS 0x00000000e6500000, 0x00000000e6500000| Complete 
| 102|0x00000000e6600000, 0x00000000e6700000, 0x00000000e6700000|100%| S|CS|TAMS 0x00000000e6600000, 0x00000000e6600000| Complete 
| 103|0x00000000e6700000, 0x00000000e6800000, 0x00000000e6800000|100%| S|CS|TAMS 0x00000000e6700000, 0x00000000e6700000| Complete 
| 104|0x00000000e6800000, 0x00000000e6900000, 0x00000000e6900000|100%| S|CS|TAMS 0x00000000e6800000, 0x00000000e6800000| Complete 
| 105|0x00000000e6900000, 0x00000000e6a00000, 0x00000000e6a00000|100%| S|CS|TAMS 0x00000000e6900000, 0x00000000e6900000| Complete 
| 106|0x00000000e6a00000, 0x00000000e6b00000, 0x00000000e6b00000|100%| S|CS|TAMS 0x00000000e6a00000, 0x00000000e6a00000| Complete 
| 107|0x00000000e6b00000, 0x00000000e6b00000, 0x00000000e6c00000|  0%| F|  |TAMS 0x00000000e6b00000, 0x00000000e6b00000| Untracked 
| 108|0x00000000e6c00000, 0x00000000e6c00000, 0x00000000e6d00000|  0%| F|  |TAMS 0x00000000e6c00000, 0x00000000e6c00000| Untracked 
| 109|0x00000000e6d00000, 0x00000000e6d00000, 0x00000000e6e00000|  0%| F|  |TAMS 0x00000000e6d00000, 0x00000000e6d00000| Untracked 
| 110|0x00000000e6e00000, 0x00000000e6e00000, 0x00000000e6f00000|  0%| F|  |TAMS 0x00000000e6e00000, 0x00000000e6e00000| Untracked 
| 111|0x00000000e6f00000, 0x00000000e6f00000, 0x00000000e7000000|  0%| F|  |TAMS 0x00000000e6f00000, 0x00000000e6f00000| Untracked 
| 112|0x00000000e7000000, 0x00000000e7000000, 0x00000000e7100000|  0%| F|  |TAMS 0x00000000e7000000, 0x00000000e7000000| Untracked 
| 113|0x00000000e7100000, 0x00000000e7100000, 0x00000000e7200000|  0%| F|  |TAMS 0x00000000e7100000, 0x00000000e7100000| Untracked 
| 114|0x00000000e7200000, 0x00000000e7200000, 0x00000000e7300000|  0%| F|  |TAMS 0x00000000e7200000, 0x00000000e7200000| Untracked 
| 115|0x00000000e7300000, 0x00000000e7300000, 0x00000000e7400000|  0%| F|  |TAMS 0x00000000e7300000, 0x00000000e7300000| Untracked 
| 116|0x00000000e7400000, 0x00000000e7400000, 0x00000000e7500000|  0%| F|  |TAMS 0x00000000e7400000, 0x00000000e7400000| Untracked 
| 117|0x00000000e7500000, 0x00000000e7500000, 0x00000000e7600000|  0%| F|  |TAMS 0x00000000e7500000, 0x00000000e7500000| Untracked 
| 118|0x00000000e7600000, 0x00000000e7600000, 0x00000000e7700000|  0%| F|  |TAMS 0x00000000e7600000, 0x00000000e7600000| Untracked 
| 119|0x00000000e7700000, 0x00000000e7700000, 0x00000000e7800000|  0%| F|  |TAMS 0x00000000e7700000, 0x00000000e7700000| Untracked 
| 120|0x00000000e7800000, 0x00000000e7800000, 0x00000000e7900000|  0%| F|  |TAMS 0x00000000e7800000, 0x00000000e7800000| Untracked 
| 121|0x00000000e7900000, 0x00000000e7900000, 0x00000000e7a00000|  0%| F|  |TAMS 0x00000000e7900000, 0x00000000e7900000| Untracked 
| 122|0x00000000e7a00000, 0x00000000e7a00000, 0x00000000e7b00000|  0%| F|  |TAMS 0x00000000e7a00000, 0x00000000e7a00000| Untracked 
| 123|0x00000000e7b00000, 0x00000000e7b00000, 0x00000000e7c00000|  0%| F|  |TAMS 0x00000000e7b00000, 0x00000000e7b00000| Untracked 
| 124|0x00000000e7c00000, 0x00000000e7c00000, 0x00000000e7d00000|  0%| F|  |TAMS 0x00000000e7c00000, 0x00000000e7c00000| Untracked 
| 125|0x00000000e7d00000, 0x00000000e7d00000, 0x00000000e7e00000|  0%| F|  |TAMS 0x00000000e7d00000, 0x00000000e7d00000| Untracked 
| 126|0x00000000e7e00000, 0x00000000e7e00000, 0x00000000e7f00000|  0%| F|  |TAMS 0x00000000e7e00000, 0x00000000e7e00000| Untracked 
| 127|0x00000000e7f00000, 0x00000000e7f00000, 0x00000000e8000000|  0%| F|  |TAMS 0x00000000e7f00000, 0x00000000e7f00000| Untracked 
| 128|0x00000000e8000000, 0x00000000e8000000, 0x00000000e8100000|  0%| F|  |TAMS 0x00000000e8000000, 0x00000000e8000000| Untracked 
| 129|0x00000000e8100000, 0x00000000e8100000, 0x00000000e8200000|  0%| F|  |TAMS 0x00000000e8100000, 0x00000000e8100000| Untracked 
| 130|0x00000000e8200000, 0x00000000e8200000, 0x00000000e8300000|  0%| F|  |TAMS 0x00000000e8200000, 0x00000000e8200000| Untracked 
| 131|0x00000000e8300000, 0x00000000e8300000, 0x00000000e8400000|  0%| F|  |TAMS 0x00000000e8300000, 0x00000000e8300000| Untracked 
| 132|0x00000000e8400000, 0x00000000e8400000, 0x00000000e8500000|  0%| F|  |TAMS 0x00000000e8400000, 0x00000000e8400000| Untracked 
| 133|0x00000000e8500000, 0x00000000e8500000, 0x00000000e8600000|  0%| F|  |TAMS 0x00000000e8500000, 0x00000000e8500000| Untracked 
| 134|0x00000000e8600000, 0x00000000e8600000, 0x00000000e8700000|  0%| F|  |TAMS 0x00000000e8600000, 0x00000000e8600000| Untracked 
| 135|0x00000000e8700000, 0x00000000e8700000, 0x00000000e8800000|  0%| F|  |TAMS 0x00000000e8700000, 0x00000000e8700000| Untracked 
| 136|0x00000000e8800000, 0x00000000e8800000, 0x00000000e8900000|  0%| F|  |TAMS 0x00000000e8800000, 0x00000000e8800000| Untracked 
| 137|0x00000000e8900000, 0x00000000e8900000, 0x00000000e8a00000|  0%| F|  |TAMS 0x00000000e8900000, 0x00000000e8900000| Untracked 
| 138|0x00000000e8a00000, 0x00000000e8a00000, 0x00000000e8b00000|  0%| F|  |TAMS 0x00000000e8a00000, 0x00000000e8a00000| Untracked 
| 139|0x00000000e8b00000, 0x00000000e8b00000, 0x00000000e8c00000|  0%| F|  |TAMS 0x00000000e8b00000, 0x00000000e8b00000| Untracked 
| 140|0x00000000e8c00000, 0x00000000e8c00000, 0x00000000e8d00000|  0%| F|  |TAMS 0x00000000e8c00000, 0x00000000e8c00000| Untracked 
| 141|0x00000000e8d00000, 0x00000000e8d00000, 0x00000000e8e00000|  0%| F|  |TAMS 0x00000000e8d00000, 0x00000000e8d00000| Untracked 
| 142|0x00000000e8e00000, 0x00000000e8e00000, 0x00000000e8f00000|  0%| F|  |TAMS 0x00000000e8e00000, 0x00000000e8e00000| Untracked 
| 143|0x00000000e8f00000, 0x00000000e8f00000, 0x00000000e9000000|  0%| F|  |TAMS 0x00000000e8f00000, 0x00000000e8f00000| Untracked 
| 144|0x00000000e9000000, 0x00000000e9000000, 0x00000000e9100000|  0%| F|  |TAMS 0x00000000e9000000, 0x00000000e9000000| Untracked 
| 145|0x00000000e9100000, 0x00000000e9100000, 0x00000000e9200000|  0%| F|  |TAMS 0x00000000e9100000, 0x00000000e9100000| Untracked 
| 146|0x00000000e9200000, 0x00000000e9200000, 0x00000000e9300000|  0%| F|  |TAMS 0x00000000e9200000, 0x00000000e9200000| Untracked 
| 147|0x00000000e9300000, 0x00000000e9300000, 0x00000000e9400000|  0%| F|  |TAMS 0x00000000e9300000, 0x00000000e9300000| Untracked 
| 148|0x00000000e9400000, 0x00000000e9400000, 0x00000000e9500000|  0%| F|  |TAMS 0x00000000e9400000, 0x00000000e9400000| Untracked 
| 149|0x00000000e9500000, 0x00000000e9500000, 0x00000000e9600000|  0%| F|  |TAMS 0x00000000e9500000, 0x00000000e9500000| Untracked 
| 150|0x00000000e9600000, 0x00000000e9600000, 0x00000000e9700000|  0%| F|  |TAMS 0x00000000e9600000, 0x00000000e9600000| Untracked 
| 151|0x00000000e9700000, 0x00000000e9700000, 0x00000000e9800000|  0%| F|  |TAMS 0x00000000e9700000, 0x00000000e9700000| Untracked 
| 152|0x00000000e9800000, 0x00000000e9800000, 0x00000000e9900000|  0%| F|  |TAMS 0x00000000e9800000, 0x00000000e9800000| Untracked 
| 153|0x00000000e9900000, 0x00000000e9900000, 0x00000000e9a00000|  0%| F|  |TAMS 0x00000000e9900000, 0x00000000e9900000| Untracked 
| 154|0x00000000e9a00000, 0x00000000e9a00000, 0x00000000e9b00000|  0%| F|  |TAMS 0x00000000e9a00000, 0x00000000e9a00000| Untracked 
| 155|0x00000000e9b00000, 0x00000000e9b00000, 0x00000000e9c00000|  0%| F|  |TAMS 0x00000000e9b00000, 0x00000000e9b00000| Untracked 
| 156|0x00000000e9c00000, 0x00000000e9c00000, 0x00000000e9d00000|  0%| F|  |TAMS 0x00000000e9c00000, 0x00000000e9c00000| Untracked 
| 157|0x00000000e9d00000, 0x00000000e9d00000, 0x00000000e9e00000|  0%| F|  |TAMS 0x00000000e9d00000, 0x00000000e9d00000| Untracked 
| 158|0x00000000e9e00000, 0x00000000e9e00000, 0x00000000e9f00000|  0%| F|  |TAMS 0x00000000e9e00000, 0x00000000e9e00000| Untracked 
| 159|0x00000000e9f00000, 0x00000000e9f00000, 0x00000000ea000000|  0%| F|  |TAMS 0x00000000e9f00000, 0x00000000e9f00000| Untracked 
| 160|0x00000000ea000000, 0x00000000ea000000, 0x00000000ea100000|  0%| F|  |TAMS 0x00000000ea000000, 0x00000000ea000000| Untracked 
| 161|0x00000000ea100000, 0x00000000ea100000, 0x00000000ea200000|  0%| F|  |TAMS 0x00000000ea100000, 0x00000000ea100000| Untracked 
| 162|0x00000000ea200000, 0x00000000ea200000, 0x00000000ea300000|  0%| F|  |TAMS 0x00000000ea200000, 0x00000000ea200000| Untracked 
| 163|0x00000000ea300000, 0x00000000ea300000, 0x00000000ea400000|  0%| F|  |TAMS 0x00000000ea300000, 0x00000000ea300000| Untracked 
| 164|0x00000000ea400000, 0x00000000ea400000, 0x00000000ea500000|  0%| F|  |TAMS 0x00000000ea400000, 0x00000000ea400000| Untracked 
| 165|0x00000000ea500000, 0x00000000ea500000, 0x00000000ea600000|  0%| F|  |TAMS 0x00000000ea500000, 0x00000000ea500000| Untracked 
| 166|0x00000000ea600000, 0x00000000ea600000, 0x00000000ea700000|  0%| F|  |TAMS 0x00000000ea600000, 0x00000000ea600000| Untracked 
| 167|0x00000000ea700000, 0x00000000ea700000, 0x00000000ea800000|  0%| F|  |TAMS 0x00000000ea700000, 0x00000000ea700000| Untracked 
| 168|0x00000000ea800000, 0x00000000ea800000, 0x00000000ea900000|  0%| F|  |TAMS 0x00000000ea800000, 0x00000000ea800000| Untracked 
| 169|0x00000000ea900000, 0x00000000ea900000, 0x00000000eaa00000|  0%| F|  |TAMS 0x00000000ea900000, 0x00000000ea900000| Untracked 
| 170|0x00000000eaa00000, 0x00000000eaa00000, 0x00000000eab00000|  0%| F|  |TAMS 0x00000000eaa00000, 0x00000000eaa00000| Untracked 
| 171|0x00000000eab00000, 0x00000000eab00000, 0x00000000eac00000|  0%| F|  |TAMS 0x00000000eab00000, 0x00000000eab00000| Untracked 
| 172|0x00000000eac00000, 0x00000000eac00000, 0x00000000ead00000|  0%| F|  |TAMS 0x00000000eac00000, 0x00000000eac00000| Untracked 
| 173|0x00000000ead00000, 0x00000000ead00000, 0x00000000eae00000|  0%| F|  |TAMS 0x00000000ead00000, 0x00000000ead00000| Untracked 
| 174|0x00000000eae00000, 0x00000000eae00000, 0x00000000eaf00000|  0%| F|  |TAMS 0x00000000eae00000, 0x00000000eae00000| Untracked 
| 175|0x00000000eaf00000, 0x00000000eaf00000, 0x00000000eb000000|  0%| F|  |TAMS 0x00000000eaf00000, 0x00000000eaf00000| Untracked 
| 176|0x00000000eb000000, 0x00000000eb000000, 0x00000000eb100000|  0%| F|  |TAMS 0x00000000eb000000, 0x00000000eb000000| Untracked 
| 177|0x00000000eb100000, 0x00000000eb100000, 0x00000000eb200000|  0%| F|  |TAMS 0x00000000eb100000, 0x00000000eb100000| Untracked 
| 178|0x00000000eb200000, 0x00000000eb300000, 0x00000000eb300000|100%| E|  |TAMS 0x00000000eb200000, 0x00000000eb200000| Complete 
| 179|0x00000000eb300000, 0x00000000eb400000, 0x00000000eb400000|100%| E|CS|TAMS 0x00000000eb300000, 0x00000000eb300000| Complete 
| 180|0x00000000eb400000, 0x00000000eb500000, 0x00000000eb500000|100%| E|CS|TAMS 0x00000000eb400000, 0x00000000eb400000| Complete 
| 181|0x00000000eb500000, 0x00000000eb600000, 0x00000000eb600000|100%| E|CS|TAMS 0x00000000eb500000, 0x00000000eb500000| Complete 
| 182|0x00000000eb600000, 0x00000000eb700000, 0x00000000eb700000|100%| E|CS|TAMS 0x00000000eb600000, 0x00000000eb600000| Complete 
| 183|0x00000000eb700000, 0x00000000eb800000, 0x00000000eb800000|100%| E|CS|TAMS 0x00000000eb700000, 0x00000000eb700000| Complete 
| 184|0x00000000eb800000, 0x00000000eb900000, 0x00000000eb900000|100%| E|CS|TAMS 0x00000000eb800000, 0x00000000eb800000| Complete 
| 185|0x00000000eb900000, 0x00000000eba00000, 0x00000000eba00000|100%| E|CS|TAMS 0x00000000eb900000, 0x00000000eb900000| Complete 
| 186|0x00000000eba00000, 0x00000000ebb00000, 0x00000000ebb00000|100%| E|CS|TAMS 0x00000000eba00000, 0x00000000eba00000| Complete 
| 187|0x00000000ebb00000, 0x00000000ebc00000, 0x00000000ebc00000|100%| E|CS|TAMS 0x00000000ebb00000, 0x00000000ebb00000| Complete 
| 188|0x00000000ebc00000, 0x00000000ebd00000, 0x00000000ebd00000|100%| E|CS|TAMS 0x00000000ebc00000, 0x00000000ebc00000| Complete 
| 189|0x00000000ebd00000, 0x00000000ebe00000, 0x00000000ebe00000|100%| E|CS|TAMS 0x00000000ebd00000, 0x00000000ebd00000| Complete 
| 190|0x00000000ebe00000, 0x00000000ebf00000, 0x00000000ebf00000|100%| E|CS|TAMS 0x00000000ebe00000, 0x00000000ebe00000| Complete 
| 191|0x00000000ebf00000, 0x00000000ec000000, 0x00000000ec000000|100%| E|CS|TAMS 0x00000000ebf00000, 0x00000000ebf00000| Complete 
| 192|0x00000000ec000000, 0x00000000ec100000, 0x00000000ec100000|100%| E|CS|TAMS 0x00000000ec000000, 0x00000000ec000000| Complete 
| 193|0x00000000ec100000, 0x00000000ec200000, 0x00000000ec200000|100%| E|CS|TAMS 0x00000000ec100000, 0x00000000ec100000| Complete 
| 194|0x00000000ec200000, 0x00000000ec300000, 0x00000000ec300000|100%| E|CS|TAMS 0x00000000ec200000, 0x00000000ec200000| Complete 
| 195|0x00000000ec300000, 0x00000000ec400000, 0x00000000ec400000|100%| E|CS|TAMS 0x00000000ec300000, 0x00000000ec300000| Complete 
| 196|0x00000000ec400000, 0x00000000ec500000, 0x00000000ec500000|100%| E|CS|TAMS 0x00000000ec400000, 0x00000000ec400000| Complete 
| 197|0x00000000ec500000, 0x00000000ec600000, 0x00000000ec600000|100%| E|CS|TAMS 0x00000000ec500000, 0x00000000ec500000| Complete 
| 198|0x00000000ec600000, 0x00000000ec700000, 0x00000000ec700000|100%| E|CS|TAMS 0x00000000ec600000, 0x00000000ec600000| Complete 
| 199|0x00000000ec700000, 0x00000000ec800000, 0x00000000ec800000|100%| E|CS|TAMS 0x00000000ec700000, 0x00000000ec700000| Complete 
| 200|0x00000000ec800000, 0x00000000ec900000, 0x00000000ec900000|100%| E|CS|TAMS 0x00000000ec800000, 0x00000000ec800000| Complete 
| 201|0x00000000ec900000, 0x00000000eca00000, 0x00000000eca00000|100%| E|CS|TAMS 0x00000000ec900000, 0x00000000ec900000| Complete 
| 202|0x00000000eca00000, 0x00000000ecb00000, 0x00000000ecb00000|100%| E|CS|TAMS 0x00000000eca00000, 0x00000000eca00000| Complete 
| 203|0x00000000ecb00000, 0x00000000ecc00000, 0x00000000ecc00000|100%| E|CS|TAMS 0x00000000ecb00000, 0x00000000ecb00000| Complete 
| 204|0x00000000ecc00000, 0x00000000ecd00000, 0x00000000ecd00000|100%| E|CS|TAMS 0x00000000ecc00000, 0x00000000ecc00000| Complete 
| 205|0x00000000ecd00000, 0x00000000ece00000, 0x00000000ece00000|100%| E|CS|TAMS 0x00000000ecd00000, 0x00000000ecd00000| Complete 
| 206|0x00000000ece00000, 0x00000000ecf00000, 0x00000000ecf00000|100%| E|CS|TAMS 0x00000000ece00000, 0x00000000ece00000| Complete 
| 207|0x00000000ecf00000, 0x00000000ed000000, 0x00000000ed000000|100%| E|CS|TAMS 0x00000000ecf00000, 0x00000000ecf00000| Complete 
| 208|0x00000000ed000000, 0x00000000ed100000, 0x00000000ed100000|100%| E|CS|TAMS 0x00000000ed000000, 0x00000000ed000000| Complete 
| 209|0x00000000ed100000, 0x00000000ed200000, 0x00000000ed200000|100%| E|CS|TAMS 0x00000000ed100000, 0x00000000ed100000| Complete 
| 210|0x00000000ed200000, 0x00000000ed300000, 0x00000000ed300000|100%| E|CS|TAMS 0x00000000ed200000, 0x00000000ed200000| Complete 
| 211|0x00000000ed300000, 0x00000000ed400000, 0x00000000ed400000|100%| E|CS|TAMS 0x00000000ed300000, 0x00000000ed300000| Complete 
| 212|0x00000000ed400000, 0x00000000ed500000, 0x00000000ed500000|100%| E|CS|TAMS 0x00000000ed400000, 0x00000000ed400000| Complete 
| 213|0x00000000ed500000, 0x00000000ed600000, 0x00000000ed600000|100%| E|CS|TAMS 0x00000000ed500000, 0x00000000ed500000| Complete 
| 214|0x00000000ed600000, 0x00000000ed700000, 0x00000000ed700000|100%| E|CS|TAMS 0x00000000ed600000, 0x00000000ed600000| Complete 
| 215|0x00000000ed700000, 0x00000000ed800000, 0x00000000ed800000|100%| E|CS|TAMS 0x00000000ed700000, 0x00000000ed700000| Complete 
| 216|0x00000000ed800000, 0x00000000ed900000, 0x00000000ed900000|100%| E|CS|TAMS 0x00000000ed800000, 0x00000000ed800000| Complete 
| 217|0x00000000ed900000, 0x00000000eda00000, 0x00000000eda00000|100%| E|CS|TAMS 0x00000000ed900000, 0x00000000ed900000| Complete 
| 218|0x00000000eda00000, 0x00000000edb00000, 0x00000000edb00000|100%| E|CS|TAMS 0x00000000eda00000, 0x00000000eda00000| Complete 
| 219|0x00000000edb00000, 0x00000000edc00000, 0x00000000edc00000|100%| E|CS|TAMS 0x00000000edb00000, 0x00000000edb00000| Complete 
| 220|0x00000000edc00000, 0x00000000edd00000, 0x00000000edd00000|100%| E|CS|TAMS 0x00000000edc00000, 0x00000000edc00000| Complete 
| 221|0x00000000edd00000, 0x00000000ede00000, 0x00000000ede00000|100%| E|CS|TAMS 0x00000000edd00000, 0x00000000edd00000| Complete 
| 222|0x00000000ede00000, 0x00000000edf00000, 0x00000000edf00000|100%| E|CS|TAMS 0x00000000ede00000, 0x00000000ede00000| Complete 
| 223|0x00000000edf00000, 0x00000000ee000000, 0x00000000ee000000|100%| E|CS|TAMS 0x00000000edf00000, 0x00000000edf00000| Complete 
| 224|0x00000000ee000000, 0x00000000ee100000, 0x00000000ee100000|100%| E|CS|TAMS 0x00000000ee000000, 0x00000000ee000000| Complete 
| 225|0x00000000ee100000, 0x00000000ee200000, 0x00000000ee200000|100%| E|CS|TAMS 0x00000000ee100000, 0x00000000ee100000| Complete 
| 226|0x00000000ee200000, 0x00000000ee300000, 0x00000000ee300000|100%| E|CS|TAMS 0x00000000ee200000, 0x00000000ee200000| Complete 
| 227|0x00000000ee300000, 0x00000000ee400000, 0x00000000ee400000|100%| E|CS|TAMS 0x00000000ee300000, 0x00000000ee300000| Complete 
| 228|0x00000000ee400000, 0x00000000ee500000, 0x00000000ee500000|100%| E|CS|TAMS 0x00000000ee400000, 0x00000000ee400000| Complete 
| 229|0x00000000ee500000, 0x00000000ee600000, 0x00000000ee600000|100%| E|CS|TAMS 0x00000000ee500000, 0x00000000ee500000| Complete 
| 230|0x00000000ee600000, 0x00000000ee700000, 0x00000000ee700000|100%| E|CS|TAMS 0x00000000ee600000, 0x00000000ee600000| Complete 
| 231|0x00000000ee700000, 0x00000000ee800000, 0x00000000ee800000|100%| E|CS|TAMS 0x00000000ee700000, 0x00000000ee700000| Complete 
| 232|0x00000000ee800000, 0x00000000ee900000, 0x00000000ee900000|100%| E|CS|TAMS 0x00000000ee800000, 0x00000000ee800000| Complete 
| 233|0x00000000ee900000, 0x00000000eea00000, 0x00000000eea00000|100%| E|CS|TAMS 0x00000000ee900000, 0x00000000ee900000| Complete 
| 234|0x00000000eea00000, 0x00000000eeb00000, 0x00000000eeb00000|100%| E|CS|TAMS 0x00000000eea00000, 0x00000000eea00000| Complete 
| 235|0x00000000eeb00000, 0x00000000eec00000, 0x00000000eec00000|100%| E|CS|TAMS 0x00000000eeb00000, 0x00000000eeb00000| Complete 
| 236|0x00000000eec00000, 0x00000000eed00000, 0x00000000eed00000|100%| E|CS|TAMS 0x00000000eec00000, 0x00000000eec00000| Complete 
| 237|0x00000000eed00000, 0x00000000eee00000, 0x00000000eee00000|100%| E|CS|TAMS 0x00000000eed00000, 0x00000000eed00000| Complete 
| 238|0x00000000eee00000, 0x00000000eef00000, 0x00000000eef00000|100%| E|CS|TAMS 0x00000000eee00000, 0x00000000eee00000| Complete 
| 239|0x00000000eef00000, 0x00000000ef000000, 0x00000000ef000000|100%| E|CS|TAMS 0x00000000eef00000, 0x00000000eef00000| Complete 
| 240|0x00000000ef000000, 0x00000000ef100000, 0x00000000ef100000|100%| E|CS|TAMS 0x00000000ef000000, 0x00000000ef000000| Complete 
| 241|0x00000000ef100000, 0x00000000ef200000, 0x00000000ef200000|100%| E|CS|TAMS 0x00000000ef100000, 0x00000000ef100000| Complete 
| 242|0x00000000ef200000, 0x00000000ef300000, 0x00000000ef300000|100%| E|CS|TAMS 0x00000000ef200000, 0x00000000ef200000| Complete 
| 243|0x00000000ef300000, 0x00000000ef400000, 0x00000000ef400000|100%| E|CS|TAMS 0x00000000ef300000, 0x00000000ef300000| Complete 
| 244|0x00000000ef400000, 0x00000000ef500000, 0x00000000ef500000|100%| E|CS|TAMS 0x00000000ef400000, 0x00000000ef400000| Complete 
| 245|0x00000000ef500000, 0x00000000ef600000, 0x00000000ef600000|100%| E|CS|TAMS 0x00000000ef500000, 0x00000000ef500000| Complete 
| 246|0x00000000ef600000, 0x00000000ef700000, 0x00000000ef700000|100%| E|CS|TAMS 0x00000000ef600000, 0x00000000ef600000| Complete 
| 247|0x00000000ef700000, 0x00000000ef800000, 0x00000000ef800000|100%| E|CS|TAMS 0x00000000ef700000, 0x00000000ef700000| Complete 
| 248|0x00000000ef800000, 0x00000000ef900000, 0x00000000ef900000|100%| E|CS|TAMS 0x00000000ef800000, 0x00000000ef800000| Complete 
| 249|0x00000000ef900000, 0x00000000efa00000, 0x00000000efa00000|100%| E|CS|TAMS 0x00000000ef900000, 0x00000000ef900000| Complete 
| 250|0x00000000efa00000, 0x00000000efb00000, 0x00000000efb00000|100%| E|CS|TAMS 0x00000000efa00000, 0x00000000efa00000| Complete 
| 251|0x00000000efb00000, 0x00000000efc00000, 0x00000000efc00000|100%| E|CS|TAMS 0x00000000efb00000, 0x00000000efb00000| Complete 
| 252|0x00000000efc00000, 0x00000000efd00000, 0x00000000efd00000|100%| E|CS|TAMS 0x00000000efc00000, 0x00000000efc00000| Complete 
| 253|0x00000000efd00000, 0x00000000efe00000, 0x00000000efe00000|100%| E|CS|TAMS 0x00000000efd00000, 0x00000000efd00000| Complete 
| 254|0x00000000efe00000, 0x00000000eff00000, 0x00000000eff00000|100%| E|CS|TAMS 0x00000000efe00000, 0x00000000efe00000| Complete 
| 255|0x00000000eff00000, 0x00000000f0000000, 0x00000000f0000000|100%| E|CS|TAMS 0x00000000eff00000, 0x00000000eff00000| Complete 

Card table byte_map: [0x000001cdd86c0000,0x000001cdd87c0000] _byte_map_base: 0x000001cdd7fc0000

Marking Bits (Prev, Next): (CMBitMap*) 0x000001cdc17e6530, (CMBitMap*) 0x000001cdc17e6570
 Prev Bits: [0x000001cdd88c0000, 0x000001cdd90c0000)
 Next Bits: [0x000001cdd90c0000, 0x000001cdd98c0000)

Polling page: 0x000001cdc0ea0000

Metaspace:

Usage:
  Non-class:     36.12 MB used.
      Class:      4.69 MB used.
       Both:     40.81 MB used.

Virtual space:
  Non-class space:       64.00 MB reserved,      36.31 MB ( 57%) committed,  1 nodes.
      Class space:        1.00 GB reserved,       4.88 MB ( <1%) committed,  1 nodes.
             Both:        1.06 GB reserved,      41.19 MB (  4%) committed. 

Chunk freelists:
   Non-Class:  10.75 MB
       Class:  11.13 MB
        Both:  21.88 MB

MaxMetaspaceSize: unlimited
CompressedClassSpaceSize: 1.00 GB
Initial GC threshold: 21.00 MB
Current GC threshold: 58.88 MB
CDS: on
MetaspaceReclaimPolicy: balanced
 - commit_granule_bytes: 65536.
 - commit_granule_words: 8192.
 - virtual_space_node_default_size: 8388608.
 - enlarge_chunks_in_place: 1.
 - new_chunks_are_fully_committed: 0.
 - uncommit_free_chunks: 1.
 - use_allocation_guard: 0.
 - handle_deallocations: 1.


Internal statistics:

num_allocs_failed_limit: 6.
num_arena_births: 344.
num_arena_deaths: 0.
num_vsnodes_births: 2.
num_vsnodes_deaths: 0.
num_space_committed: 659.
num_space_uncommitted: 0.
num_chunks_returned_to_freelist: 6.
num_chunks_taken_from_freelist: 1784.
num_chunk_merges: 3.
num_chunk_splits: 1193.
num_chunks_enlarged: 859.
num_inconsistent_stats: 0.

CodeHeap 'non-profiled nmethods': size=120000Kb used=5433Kb max_used=5433Kb free=114566Kb
 bounds [0x000001cdd0b40000, 0x000001cdd1090000, 0x000001cdd8070000]
CodeHeap 'profiled nmethods': size=120000Kb used=18542Kb max_used=18542Kb free=101457Kb
 bounds [0x000001cdc9070000, 0x000001cdca290000, 0x000001cdd05a0000]
CodeHeap 'non-nmethods': size=5760Kb used=1269Kb max_used=1332Kb free=4490Kb
 bounds [0x000001cdd05a0000, 0x000001cdd0810000, 0x000001cdd0b40000]
 total_blobs=9170 nmethods=8591 adapters=491
 compilation: enabled
              stopped_count=0, restarted_count=0
 full_count=0

Compilation events (20 events):
Event: 13.621 Thread 0x000001cddc541420 9447       3       jdk.internal.org.objectweb.asm.FieldWriter::visitEnd (1 bytes)
Event: 13.621 Thread 0x000001cddc541420 nmethod 9447 0x000001cdca287210 code [0x000001cdca2873a0, 0x000001cdca2874b8]
Event: 13.628 Thread 0x000001cddc541420 9448       3       java.lang.ProcessEnvironment$CheckedEntry::getKey (5 bytes)
Event: 13.629 Thread 0x000001cddc541420 nmethod 9448 0x000001cdca287590 code [0x000001cdca287740, 0x000001cdca287a68]
Event: 13.629 Thread 0x000001cddc541420 9449       3       java.lang.ProcessEnvironment$CheckedEntry::getKey (13 bytes)
Event: 13.629 Thread 0x000001cddc541420 nmethod 9449 0x000001cdca287b90 code [0x000001cdca287d40, 0x000001cdca288008]
Event: 13.629 Thread 0x000001cddc541420 9451       3       java.lang.ProcessEnvironment$CheckedEntry::getValue (5 bytes)
Event: 13.629 Thread 0x000001cddc541420 nmethod 9451 0x000001cdca288110 code [0x000001cdca2882c0, 0x000001cdca288608]
Event: 13.629 Thread 0x000001cddc541420 9452       3       java.lang.ProcessEnvironment$CheckedEntry::getValue (13 bytes)
Event: 13.629 Thread 0x000001cddc541420 nmethod 9452 0x000001cdca288710 code [0x000001cdca2888c0, 0x000001cdca288b88]
Event: 13.629 Thread 0x000001cddc541420 9450       3       java.lang.ProcessEnvironment$EntryComparator::compare (13 bytes)
Event: 13.629 Thread 0x000001cddc541420 nmethod 9450 0x000001cdca288c90 code [0x000001cdca288e80, 0x000001cdca2895e8]
Event: 13.636 Thread 0x000001cddc541420 9454       3       java.lang.invoke.LambdaForm$BasicType::basicType (187 bytes)
Event: 13.636 Thread 0x000001cddc541420 nmethod 9454 0x000001cdca289790 code [0x000001cdca289a20, 0x000001cdca28a568]
Event: 13.640 Thread 0x000001cddc541420 9458       3       jdk.internal.org.objectweb.asm.MethodWriter::visitAnnotation (40 bytes)
Event: 13.641 Thread 0x000001cddc541420 nmethod 9458 0x000001cdca28a810 code [0x000001cdca28a9c0, 0x000001cdca28ac78]
Event: 13.641 Thread 0x000001cddc541420 9459       3       jdk.internal.org.objectweb.asm.AnnotationWriter::create (34 bytes)
Event: 13.641 Thread 0x000001cddc541420 nmethod 9459 0x000001cdca28ad10 code [0x000001cdca28af00, 0x000001cdca28b3b8]
Event: 13.641 Thread 0x000001cddc541420 9460       3       java.lang.invoke.LambdaForm::returnType (26 bytes)
Event: 13.641 Thread 0x000001cddc541420 nmethod 9460 0x000001cdca28b590 code [0x000001cdca28b740, 0x000001cdca28b8f8]

GC Heap History (12 events):
Event: 0.537 GC heap before
{Heap before GC invocations=0 (full 0):
 garbage-first heap   total 262144K, used 22528K [0x00000000e0000000, 0x0000000100000000)
  region size 1024K, 23 young (23552K), 0 survivors (0K)
 Metaspace       used 5365K, committed 5568K, reserved 1114112K
  class space    used 644K, committed 768K, reserved 1048576K
}
Event: 0.541 GC heap after
{Heap after GC invocations=1 (full 0):
 garbage-first heap   total 262144K, used 3709K [0x00000000e0000000, 0x0000000100000000)
  region size 1024K, 3 young (3072K), 3 survivors (3072K)
 Metaspace       used 5365K, committed 5568K, reserved 1114112K
  class space    used 644K, committed 768K, reserved 1048576K
}
Event: 1.015 GC heap before
{Heap before GC invocations=1 (full 0):
 garbage-first heap   total 262144K, used 35453K [0x00000000e0000000, 0x0000000100000000)
  region size 1024K, 34 young (34816K), 3 survivors (3072K)
 Metaspace       used 9144K, committed 9344K, reserved 1114112K
  class space    used 1109K, committed 1216K, reserved 1048576K
}
Event: 1.018 GC heap after
{Heap after GC invocations=2 (full 0):
 garbage-first heap   total 262144K, used 5214K [0x00000000e0000000, 0x0000000100000000)
  region size 1024K, 2 young (2048K), 2 survivors (2048K)
 Metaspace       used 9144K, committed 9344K, reserved 1114112K
  class space    used 1109K, committed 1216K, reserved 1048576K
}
Event: 2.493 GC heap before
{Heap before GC invocations=2 (full 0):
 garbage-first heap   total 262144K, used 68702K [0x00000000e0000000, 0x0000000100000000)
  region size 1024K, 65 young (66560K), 2 survivors (2048K)
 Metaspace       used 21264K, committed 21504K, reserved 1114112K
  class space    used 2594K, committed 2752K, reserved 1048576K
}
Event: 2.503 GC heap after
{Heap after GC invocations=3 (full 0):
 garbage-first heap   total 262144K, used 13515K [0x00000000e0000000, 0x0000000100000000)
  region size 1024K, 10 young (10240K), 10 survivors (10240K)
 Metaspace       used 21264K, committed 21504K, reserved 1114112K
  class space    used 2594K, committed 2752K, reserved 1048576K
}
Event: 7.202 GC heap before
{Heap before GC invocations=4 (full 0):
 garbage-first heap   total 262144K, used 196811K [0x00000000e0000000, 0x0000000100000000)
  region size 1024K, 153 young (156672K), 10 survivors (10240K)
 Metaspace       used 33833K, committed 34176K, reserved 1114112K
  class space    used 3942K, committed 4096K, reserved 1048576K
}
Event: 7.218 GC heap after
{Heap after GC invocations=5 (full 0):
 garbage-first heap   total 262144K, used 31868K [0x00000000e0000000, 0x0000000100000000)
  region size 1024K, 20 young (20480K), 20 survivors (20480K)
 Metaspace       used 33833K, committed 34176K, reserved 1114112K
  class space    used 3942K, committed 4096K, reserved 1048576K
}
Event: 7.961 GC heap before
{Heap before GC invocations=5 (full 0):
 garbage-first heap   total 262144K, used 92284K [0x00000000e0000000, 0x0000000100000000)
  region size 1024K, 81 young (82944K), 20 survivors (20480K)
 Metaspace       used 35846K, committed 36096K, reserved 1114112K
  class space    used 4147K, committed 4288K, reserved 1048576K
}
Event: 7.983 GC heap after
{Heap after GC invocations=6 (full 0):
 garbage-first heap   total 262144K, used 44929K [0x00000000e0000000, 0x0000000100000000)
  region size 1024K, 13 young (13312K), 13 survivors (13312K)
 Metaspace       used 35846K, committed 36096K, reserved 1114112K
  class space    used 4147K, committed 4288K, reserved 1048576K
}
Event: 9.665 GC heap before
{Heap before GC invocations=7 (full 0):
 garbage-first heap   total 262144K, used 185217K [0x00000000e0000000, 0x0000000100000000)
  region size 1024K, 149 young (152576K), 13 survivors (13312K)
 Metaspace       used 39902K, committed 40384K, reserved 1114112K
  class space    used 4614K, committed 4864K, reserved 1048576K
}
Event: 9.681 GC heap after
{Heap after GC invocations=8 (full 0):
 garbage-first heap   total 262144K, used 65000K [0x00000000e0000000, 0x0000000100000000)
  region size 1024K, 19 young (19456K), 19 survivors (19456K)
 Metaspace       used 39902K, committed 40384K, reserved 1114112K
  class space    used 4614K, committed 4864K, reserved 1048576K
}

Deoptimization events (20 events):
Event: 13.613 Thread 0x000001cdc17b4820 Uncommon trap: trap_request=0xffffff45 fr.pc=0x000001cdd0e4a9c8 relative=0x0000000000001648
Event: 13.613 Thread 0x000001cdc17b4820 Uncommon trap: reason=unstable_if action=reinterpret pc=0x000001cdd0e4a9c8 method=jdk.internal.org.objectweb.asm.Frame.execute(IILjdk/internal/org/objectweb/asm/Symbol;Ljdk/internal/org/objectweb/asm/SymbolTable;)V @ 1 c2
Event: 13.613 Thread 0x000001cdc17b4820 DEOPT PACKING pc=0x000001cdd0e4a9c8 sp=0x0000004c793fc330
Event: 13.613 Thread 0x000001cdc17b4820 DEOPT UNPACKING pc=0x000001cdd05f23a3 sp=0x0000004c793fc2d8 mode 2
Event: 13.628 Thread 0x000001cdc17b4820 Uncommon trap: trap_request=0xffffffbe fr.pc=0x000001cdd0c3a2a0 relative=0x0000000000001dc0
Event: 13.628 Thread 0x000001cdc17b4820 Uncommon trap: reason=profile_predicate action=maybe_recompile pc=0x000001cdd0c3a2a0 method=java.util.TimSort.binarySort([Ljava/lang/Object;IIILjava/util/Comparator;)V @ 34 c2
Event: 13.628 Thread 0x000001cdc17b4820 DEOPT PACKING pc=0x000001cdd0c3a2a0 sp=0x0000004c793fd680
Event: 13.628 Thread 0x000001cdc17b4820 DEOPT UNPACKING pc=0x000001cdd05f23a3 sp=0x0000004c793fd660 mode 2
Event: 13.628 Thread 0x000001cdc17b4820 Uncommon trap: trap_request=0xffffffbe fr.pc=0x000001cdd0c3a2a0 relative=0x0000000000001dc0
Event: 13.628 Thread 0x000001cdc17b4820 Uncommon trap: reason=profile_predicate action=maybe_recompile pc=0x000001cdd0c3a2a0 method=java.util.TimSort.binarySort([Ljava/lang/Object;IIILjava/util/Comparator;)V @ 34 c2
Event: 13.628 Thread 0x000001cdc17b4820 DEOPT PACKING pc=0x000001cdd0c3a2a0 sp=0x0000004c793fd680
Event: 13.628 Thread 0x000001cdc17b4820 DEOPT UNPACKING pc=0x000001cdd05f23a3 sp=0x0000004c793fd660 mode 2
Event: 13.628 Thread 0x000001cdc17b4820 Uncommon trap: trap_request=0xffffffbe fr.pc=0x000001cdd0c3a2a0 relative=0x0000000000001dc0
Event: 13.628 Thread 0x000001cdc17b4820 Uncommon trap: reason=profile_predicate action=maybe_recompile pc=0x000001cdd0c3a2a0 method=java.util.TimSort.binarySort([Ljava/lang/Object;IIILjava/util/Comparator;)V @ 34 c2
Event: 13.629 Thread 0x000001cdc17b4820 DEOPT PACKING pc=0x000001cdd0c3a2a0 sp=0x0000004c793fd680
Event: 13.629 Thread 0x000001cdc17b4820 DEOPT UNPACKING pc=0x000001cdd05f23a3 sp=0x0000004c793fd660 mode 2
Event: 13.647 Thread 0x000001cdc17b4820 Uncommon trap: trap_request=0xffffffde fr.pc=0x000001cdd0dba418 relative=0x00000000000006f8
Event: 13.647 Thread 0x000001cdc17b4820 Uncommon trap: reason=class_check action=maybe_recompile pc=0x000001cdd0dba418 method=java.util.Hashtable.get(Ljava/lang/Object;)Ljava/lang/Object; @ 6 c2
Event: 13.647 Thread 0x000001cdc17b4820 DEOPT PACKING pc=0x000001cdd0dba418 sp=0x0000004c793fd9d0
Event: 13.647 Thread 0x000001cdc17b4820 DEOPT UNPACKING pc=0x000001cdd05f23a3 sp=0x0000004c793fd980 mode 2

Classes unloaded (0 events):
No events

Classes redefined (0 events):
No events

Internal exceptions (20 events):
Event: 13.309 Thread 0x000001cdc17b4820 Exception <a 'sun/nio/fs/WindowsException'{0x00000000ec4a81c0}> (0x00000000ec4a81c0) 
thrown [s\open\src\hotspot\share\prims\jni.cpp, line 516]
Event: 13.309 Thread 0x000001cdc17b4820 Exception <a 'sun/nio/fs/WindowsException'{0x00000000ec4a9f88}> (0x00000000ec4a9f88) 
thrown [s\open\src\hotspot\share\prims\jni.cpp, line 516]
Event: 13.312 Thread 0x000001cdc17b4820 Exception <a 'sun/nio/fs/WindowsException'{0x00000000ec4b6060}> (0x00000000ec4b6060) 
thrown [s\open\src\hotspot\share\prims\jni.cpp, line 516]
Event: 13.314 Thread 0x000001cdc17b4820 Exception <a 'sun/nio/fs/WindowsException'{0x00000000ec4c3430}> (0x00000000ec4c3430) 
thrown [s\open\src\hotspot\share\prims\jni.cpp, line 516]
Event: 13.314 Thread 0x000001cdc17b4820 Exception <a 'sun/nio/fs/WindowsException'{0x00000000ec4c5170}> (0x00000000ec4c5170) 
thrown [s\open\src\hotspot\share\prims\jni.cpp, line 516]
Event: 13.318 Thread 0x000001cdc17b4820 Exception <a 'sun/nio/fs/WindowsException'{0x00000000ec4d1118}> (0x00000000ec4d1118) 
thrown [s\open\src\hotspot\share\prims\jni.cpp, line 516]
Event: 13.319 Thread 0x000001cdc17b4820 Exception <a 'sun/nio/fs/WindowsException'{0x00000000ec4de250}> (0x00000000ec4de250) 
thrown [s\open\src\hotspot\share\prims\jni.cpp, line 516]
Event: 13.320 Thread 0x000001cdc17b4820 Exception <a 'sun/nio/fs/WindowsException'{0x00000000ec4dfcd8}> (0x00000000ec4dfcd8) 
thrown [s\open\src\hotspot\share\prims\jni.cpp, line 516]
Event: 13.324 Thread 0x000001cdc17b4820 Exception <a 'sun/nio/fs/WindowsException'{0x00000000ec4eb758}> (0x00000000ec4eb758) 
thrown [s\open\src\hotspot\share\prims\jni.cpp, line 516]
Event: 13.325 Thread 0x000001cdc17b4820 Exception <a 'sun/nio/fs/WindowsException'{0x00000000ec4f8800}> (0x00000000ec4f8800) 
thrown [s\open\src\hotspot\share\prims\jni.cpp, line 516]
Event: 13.325 Thread 0x000001cdc17b4820 Exception <a 'sun/nio/fs/WindowsException'{0x00000000ec4fa190}> (0x00000000ec4fa190) 
thrown [s\open\src\hotspot\share\prims\jni.cpp, line 516]
Event: 13.327 Thread 0x000001cdc17b4820 Exception <a 'sun/nio/fs/WindowsException'{0x00000000ec307090}> (0x00000000ec307090) 
thrown [s\open\src\hotspot\share\prims\jni.cpp, line 516]
Event: 13.329 Thread 0x000001cdc17b4820 Exception <a 'sun/nio/fs/WindowsException'{0x00000000ec3142b8}> (0x00000000ec3142b8) 
thrown [s\open\src\hotspot\share\prims\jni.cpp, line 516]
Event: 13.329 Thread 0x000001cdc17b4820 Exception <a 'sun/nio/fs/WindowsException'{0x00000000ec315df0}> (0x00000000ec315df0) 
thrown [s\open\src\hotspot\share\prims\jni.cpp, line 516]
Event: 13.636 Thread 0x000001cdc17b4820 Exception <a 'java/lang/NoSuchMethodError'{0x00000000eb2a6428}: 'void java.lang.invoke.DirectMethodHandle$Holder.invokeStatic(java.lang.Object, long)'> (0x00000000eb2a6428) 
thrown [s\open\src\hotspot\share\interpreter\linkResolver.cpp, line 759]
Event: 13.637 Thread 0x000001cdc17b4820 Exception <a 'java/lang/NoSuchMethodError'{0x00000000eb2aba78}: 'java.lang.Object java.lang.invoke.DirectMethodHandle$Holder.newInvokeSpecial(java.lang.Object, long)'> (0x00000000eb2aba78) 
thrown [s\open\src\hotspot\share\interpreter\linkResolver.cpp, line 759]
Event: 13.639 Thread 0x000001cdc17b4820 Exception <a 'java/lang/NoSuchMethodError'{0x00000000eb2b26f8}: 'java.lang.Object java.lang.invoke.DirectMethodHandle$Holder.invokeStatic(java.lang.Object, java.lang.Object, long, java.lang.Object)'> (0x00000000eb2b26f8) 
thrown [s\open\src\hotspot\share\interpreter\linkResolver.cpp, line 759]
Event: 13.639 Thread 0x000001cdc17b4820 Exception <a 'java/lang/NoSuchMethodError'{0x00000000eb2b6190}: 'java.lang.Object java.lang.invoke.DirectMethodHandle$Holder.invokeStaticInit(java.lang.Object, java.lang.Object, long, java.lang.Object)'> (0x00000000eb2b6190) 
thrown [s\open\src\hotspot\share\interpreter\linkResolver.cpp, line 759]
Event: 13.640 Thread 0x000001cdc17b4820 Exception <a 'java/lang/NoSuchMethodError'{0x00000000eb2bc7a0}: 'java.lang.Object java.lang.invoke.DirectMethodHandle$Holder.newInvokeSpecial(java.lang.Object, java.lang.Object, long)'> (0x00000000eb2bc7a0) 
thrown [s\open\src\hotspot\share\interpreter\linkResolver.cpp, line 759]
Event: 13.641 Thread 0x000001cdc17b4820 Exception <a 'java/lang/NoSuchMethodError'{0x00000000eb2c0310}: 'java.lang.Object java.lang.invoke.Invokers$Holder.linkToTargetMethod(java.lang.Object, long, java.lang.Object)'> (0x00000000eb2c0310) 
thrown [s\open\src\hotspot\share\interpreter\linkResolver.cpp, line 759]

VM Operations (20 events):
Event: 8.857 Executing VM operation: ICBufferFull
Event: 8.857 Executing VM operation: ICBufferFull done
Event: 8.873 Executing VM operation: HandshakeAllThreads
Event: 8.873 Executing VM operation: HandshakeAllThreads done
Event: 9.012 Executing VM operation: ICBufferFull
Event: 9.012 Executing VM operation: ICBufferFull done
Event: 9.665 Executing VM operation: G1CollectForAllocation
Event: 9.681 Executing VM operation: G1CollectForAllocation done
Event: 10.260 Executing VM operation: ICBufferFull
Event: 10.260 Executing VM operation: ICBufferFull done
Event: 11.268 Executing VM operation: Cleanup
Event: 11.268 Executing VM operation: Cleanup done
Event: 12.283 Executing VM operation: Cleanup
Event: 12.922 Executing VM operation: Cleanup done
Event: 13.462 Executing VM operation: HandshakeAllThreads
Event: 13.462 Executing VM operation: HandshakeAllThreads done
Event: 13.645 Executing VM operation: HandshakeAllThreads
Event: 13.645 Executing VM operation: HandshakeAllThreads done
Event: 14.647 Executing VM operation: Cleanup
Event: 14.648 Executing VM operation: Cleanup done

Events (20 events):
Event: 13.643 loading class java/util/concurrent/SynchronousQueue$Transferer done
Event: 13.643 loading class java/util/concurrent/SynchronousQueue$TransferStack done
Event: 13.643 loading class java/util/concurrent/SynchronousQueue$TransferStack$SNode
Event: 13.643 loading class java/util/concurrent/SynchronousQueue$TransferStack$SNode done
Event: 13.645 loading class java/lang/ProcessImpl$2
Event: 13.645 loading class java/lang/ProcessImpl$2 done
Event: 13.645 loading class java/lang/ProcessBuilder$NullOutputStream
Event: 13.645 loading class java/lang/ProcessBuilder$NullOutputStream done
Event: 13.645 loading class java/lang/ProcessBuilder$NullInputStream
Event: 13.645 loading class java/lang/ProcessBuilder$NullInputStream done
Event: 13.645 loading class jdk/internal/event/ProcessStartEvent
Event: 13.645 loading class jdk/internal/event/ProcessStartEvent done
Event: 13.646 loading class sun/misc/Signal
Event: 13.647 loading class sun/misc/Signal done
Event: 13.647 loading class sun/misc/SignalHandler
Event: 13.647 loading class sun/misc/SignalHandler done
Event: 13.647 loading class sun/misc/Signal$InternalMiscHandler
Event: 13.647 loading class sun/misc/Signal$InternalMiscHandler done
Event: 13.647 loading class sun/misc/Signal$SunMiscHandler
Event: 13.647 loading class sun/misc/Signal$SunMiscHandler done


Dynamic libraries:
0x00007ff67e690000 - 0x00007ff67e6a0000 	C:\Program Files\Java\jdk-17\bin\java.exe
0x00007ff85d7c0000 - 0x00007ff85da28000 	C:\WINDOWS\SYSTEM32\ntdll.dll
0x00007ff85c350000 - 0x00007ff85c419000 	C:\WINDOWS\System32\KERNEL32.DLL
0x00007ff85a950000 - 0x00007ff85ad42000 	C:\WINDOWS\System32\KERNELBASE.dll
0x00007ff85b180000 - 0x00007ff85b2cb000 	C:\WINDOWS\System32\ucrtbase.dll
0x00007ff848c30000 - 0x00007ff848c4b000 	C:\Program Files\Java\jdk-17\bin\VCRUNTIME140.dll
0x00007ff848b30000 - 0x00007ff848b49000 	C:\Program Files\Java\jdk-17\bin\jli.dll
0x00007ff85d640000 - 0x00007ff85d6f4000 	C:\WINDOWS\System32\ADVAPI32.dll
0x00007ff85c420000 - 0x00007ff85c4c9000 	C:\WINDOWS\System32\msvcrt.dll
0x00007ff85b9b0000 - 0x00007ff85ba56000 	C:\WINDOWS\System32\sechost.dll
0x00007ff85ba60000 - 0x00007ff85bb78000 	C:\WINDOWS\System32\RPCRT4.dll
0x00007ff85d310000 - 0x00007ff85d4d5000 	C:\WINDOWS\System32\USER32.dll
0x00007ff85b150000 - 0x00007ff85b177000 	C:\WINDOWS\System32\win32u.dll
0x00007ff839e00000 - 0x00007ff83a093000 	C:\WINDOWS\WinSxS\amd64_microsoft.windows.common-controls_6595b64144ccf1df_6.0.26100.6899_none_3e0efeeae32e88c1\COMCTL32.dll
0x00007ff85b5a0000 - 0x00007ff85b5cb000 	C:\WINDOWS\System32\GDI32.dll
0x00007ff85ad50000 - 0x00007ff85ae7d000 	C:\WINDOWS\System32\gdi32full.dll
0x00007ff85b360000 - 0x00007ff85b403000 	C:\WINDOWS\System32\msvcp_win.dll
0x00007ff854440000 - 0x00007ff85444b000 	C:\WINDOWS\SYSTEM32\VERSION.dll
0x00007ff85bc80000 - 0x00007ff85bcaf000 	C:\WINDOWS\System32\IMM32.DLL
0x00007ff8558c0000 - 0x00007ff8558cc000 	C:\Program Files\Java\jdk-17\bin\vcruntime140_1.dll
0x00007ff847550000 - 0x00007ff8475de000 	C:\Program Files\Java\jdk-17\bin\msvcp140.dll
0x00007fffda290000 - 0x00007fffdae70000 	C:\Program Files\Java\jdk-17\bin\server\jvm.dll
0x00007ff85bcc0000 - 0x00007ff85bcc8000 	C:\WINDOWS\System32\PSAPI.DLL
0x00007fffdb270000 - 0x00007fffdb27a000 	C:\WINDOWS\SYSTEM32\WSOCK32.dll
0x00007ff8537a0000 - 0x00007ff8537d5000 	C:\WINDOWS\SYSTEM32\WINMM.dll
0x00007ff85c540000 - 0x00007ff85c5b4000 	C:\WINDOWS\System32\WS2_32.dll
0x00007ff859720000 - 0x00007ff85973b000 	C:\WINDOWS\SYSTEM32\kernel.appcore.dll
0x00007ff84a4f0000 - 0x00007ff84a4fa000 	C:\Program Files\Java\jdk-17\bin\jimage.dll
0x00007ff84ffd0000 - 0x00007ff850212000 	C:\WINDOWS\SYSTEM32\DBGHELP.DLL
0x00007ff85ce10000 - 0x00007ff85d18b000 	C:\WINDOWS\System32\combase.dll
0x00007ff85b5d0000 - 0x00007ff85b6a7000 	C:\WINDOWS\System32\OLEAUT32.dll
0x00007ff842bc0000 - 0x00007ff842bfc000 	C:\WINDOWS\SYSTEM32\dbgcore.DLL
0x00007ff85b0b0000 - 0x00007ff85b148000 	C:\WINDOWS\System32\bcryptPrimitives.dll
0x00007ff8484a0000 - 0x00007ff8484c5000 	C:\Program Files\Java\jdk-17\bin\java.dll
0x00007ff845480000 - 0x00007ff845557000 	C:\Program Files\Java\jdk-17\bin\jsvml.dll
0x00007ff85c6c0000 - 0x00007ff85ce0d000 	C:\WINDOWS\System32\SHELL32.dll
0x00007ff85af40000 - 0x00007ff85b0ab000 	C:\WINDOWS\System32\wintypes.dll
0x00007ff858590000 - 0x00007ff858ded000 	C:\WINDOWS\SYSTEM32\windows.storage.dll
0x00007ff85d540000 - 0x00007ff85d632000 	C:\WINDOWS\System32\SHCORE.dll
0x00007ff85bb80000 - 0x00007ff85bbe2000 	C:\WINDOWS\System32\shlwapi.dll
0x00007ff85a870000 - 0x00007ff85a899000 	C:\WINDOWS\SYSTEM32\profapi.dll
0x00007ff848710000 - 0x00007ff848729000 	C:\Program Files\Java\jdk-17\bin\net.dll
0x00007ff852fe0000 - 0x00007ff8530ff000 	C:\WINDOWS\SYSTEM32\WINHTTP.dll
0x00007ff859c90000 - 0x00007ff859cfb000 	C:\WINDOWS\system32\mswsock.dll
0x00007ff848480000 - 0x00007ff848496000 	C:\Program Files\Java\jdk-17\bin\nio.dll
0x00007ff8482e0000 - 0x00007ff8482f8000 	C:\Program Files\Java\jdk-17\bin\zip.dll
0x00007ff8482b0000 - 0x00007ff8482d4000 	C:\Users\divya\.m2\wrapper\dists\apache-maven-3.9.15\0226a00282e400185496f3b60ec5a3f029cbdc6893912937d4876d57695224e1\lib\jansi-native\Windows\x86_64\jansi.dll
0x00007ff849750000 - 0x00007ff849760000 	C:\Program Files\Java\jdk-17\bin\verify.dll
0x00007ff848db0000 - 0x00007ff848dbe000 	C:\Program Files\Java\jdk-17\bin\sunmscapi.dll
0x00007ff85b410000 - 0x00007ff85b587000 	C:\WINDOWS\System32\CRYPT32.dll
0x00007ff85a160000 - 0x00007ff85a190000 	C:\WINDOWS\SYSTEM32\ncrypt.dll
0x00007ff85a110000 - 0x00007ff85a14f000 	C:\WINDOWS\SYSTEM32\NTASN1.dll
0x00007ff859f50000 - 0x00007ff859f6b000 	C:\WINDOWS\SYSTEM32\CRYPTSP.dll
0x00007ff859680000 - 0x00007ff8596bb000 	C:\WINDOWS\system32\rsaenh.dll
0x00007ff859d30000 - 0x00007ff859d5b000 	C:\WINDOWS\SYSTEM32\USERENV.dll
0x00007ff85a840000 - 0x00007ff85a866000 	C:\WINDOWS\SYSTEM32\bcrypt.dll
0x00007ff859f40000 - 0x00007ff859f4c000 	C:\WINDOWS\SYSTEM32\CRYPTBASE.dll
0x00007ff859100000 - 0x00007ff859134000 	C:\WINDOWS\SYSTEM32\IPHLPAPI.DLL
0x00007ff85b590000 - 0x00007ff85b59a000 	C:\WINDOWS\System32\NSI.dll
0x00007ff853770000 - 0x00007ff85378e000 	C:\WINDOWS\SYSTEM32\dhcpcsvc6.DLL
0x00007ff852fb0000 - 0x00007ff852fd3000 	C:\WINDOWS\SYSTEM32\dhcpcsvc.DLL
0x00007ff859190000 - 0x00007ff8592b6000 	C:\WINDOWS\SYSTEM32\DNSAPI.dll
0x00007ff850e80000 - 0x00007ff850e8b000 	C:\Windows\System32\rasadhlp.dll
0x00007ff850d00000 - 0x00007ff850d86000 	C:\WINDOWS\System32\fwpuclnt.dll

dbghelp: loaded successfully - version: 4.0.5 - missing functions: none
symbol engine: initialized successfully - sym options: 0x614 - pdb path: .;C:\Program Files\Java\jdk-17\bin;C:\WINDOWS\SYSTEM32;C:\WINDOWS\WinSxS\amd64_microsoft.windows.common-controls_6595b64144ccf1df_6.0.26100.6899_none_3e0efeeae32e88c1;C:\Program Files\Java\jdk-17\bin\server;C:\Users\divya\.m2\wrapper\dists\apache-maven-3.9.15\0226a00282e400185496f3b60ec5a3f029cbdc6893912937d4876d57695224e1\lib\jansi-native\Windows\x86_64

VM Arguments:
jvm_args: --enable-native-access=ALL-UNNAMED -Xmx512m -Xms256m -Dclassworlds.conf=C:\Users\divya\.m2\wrapper\dists\apache-maven-3.9.15\0226a00282e400185496f3b60ec5a3f029cbdc6893912937d4876d57695224e1\bin\m2.conf -Dmaven.home=C:\Users\divya\.m2\wrapper\dists\apache-maven-3.9.15\0226a00282e400185496f3b60ec5a3f029cbdc6893912937d4876d57695224e1 -Dlibrary.jansi.path=C:\Users\divya\.m2\wrapper\dists\apache-maven-3.9.15\0226a00282e400185496f3b60ec5a3f029cbdc6893912937d4876d57695224e1\lib\jansi-native -Dmaven.multiModuleProjectDirectory=D:\FITCHECK\backend 
java_command: org.codehaus.plexus.classworlds.launcher.Launcher spring-boot:run
java_class_path (initial): C:\Users\divya\.m2\wrapper\dists\apache-maven-3.9.15\0226a00282e400185496f3b60ec5a3f029cbdc6893912937d4876d57695224e1\boot\plexus-classworlds-2.9.0.jar
Launcher Type: SUN_STANDARD

[Global flags]
     intx CICompilerCount                          = 4                                         {product} {ergonomic}
     uint ConcGCThreads                            = 3                                         {product} {ergonomic}
     uint G1ConcRefinementThreads                  = 10                                        {product} {ergonomic}
   size_t G1HeapRegionSize                         = 1048576                                   {product} {ergonomic}
    uintx GCDrainStackTargetSize                   = 64                                        {product} {ergonomic}
   size_t InitialHeapSize                          = 268435456                                 {product} {command line}
   size_t MarkStackSize                            = 4194304                                   {product} {ergonomic}
   size_t MaxHeapSize                              = 536870912                                 {product} {command line}
   size_t MaxNewSize                               = 321912832                                 {product} {ergonomic}
   size_t MinHeapDeltaBytes                        = 1048576                                   {product} {ergonomic}
   size_t MinHeapSize                              = 268435456                                 {product} {command line}
    uintx NonNMethodCodeHeapSize                   = 5839372                                {pd product} {ergonomic}
    uintx NonProfiledCodeHeapSize                  = 122909434                              {pd product} {ergonomic}
    uintx ProfiledCodeHeapSize                     = 122909434                              {pd product} {ergonomic}
    uintx ReservedCodeCacheSize                    = 251658240                              {pd product} {ergonomic}
     bool SegmentedCodeCache                       = true                                      {product} {ergonomic}
   size_t SoftMaxHeapSize                          = 536870912                              {manageable} {ergonomic}
     bool UseCompressedClassPointers               = true                           {product lp64_product} {ergonomic}
     bool UseCompressedOops                        = true                           {product lp64_product} {ergonomic}
     bool UseG1GC                                  = true                                      {product} {ergonomic}
     bool UseLargePagesIndividualAllocation        = false                                  {pd product} {ergonomic}

Logging:
Log output configuration:
 #0: stdout all=warning uptime,level,tags
 #1: stderr all=off uptime,level,tags

Environment Variables:
JAVA_HOME=C:\Program Files\Java\jdk-17
PATH=C:\Program Files\Mozilla Firefox;C:\Program Files\Java\jdk-17\bin;C:\Windows\system32;C:\Windows;C:\Windows\System32\Wbem;C:\Windows\System32\WindowsPowerShell\v1.0\;C:\Windows\System32\OpenSSH\;C:\Program Files (x86)\NVIDIA Corporation\PhysX\Common;C:\WINDOWS\system32;C:\WINDOWS;C:\WINDOWS\System32\Wbem;C:\WINDOWS\System32\WindowsPowerShell\v1.0\;C:\WINDOWS\System32\OpenSSH\;C:\Program Files\MySQL\MySQL Server 8.0\bin;C:\MinGW\bin;C:\MinGW\mingw32\bin;C:\Program Files\Git\cmd;C:\Program Files\NVIDIA Corporation\NVIDIA App\NvDLISR;C:\Program Files\nodejs\;C:\flutter\src\flutter\bin;C:\Users\divya\AppData\Local\Programs\Microsoft VS Code;C:\Users\divya\AppData\Local\Programs\Microsoft VS Code\Code.exe;C:\Users\divya\AppData\Local\Programs\Microsoft VS Code\bin;C:\src\flutter\bin;C:\ProgramData\divya\GitHubDesktop\bin;C:\Users\divya\AppData\Local\GitHubDesktop\bin;C:\Program Files\Java\jdk-17;C:\Users\divya\AppData\Local\Programs\Windsurf\bin;C:\Users\divya\AppData\Roaming\npm;C:\Program Files\JetBrains\IntelliJ IDEA 2025.3.3\bin
USERNAME=divya
OS=Windows_NT
PROCESSOR_IDENTIFIER=AMD64 Family 23 Model 104 Stepping 1, AuthenticAMD



---------------  S Y S T E M  ---------------

OS:
 Windows 11 , 64 bit Build 26100 (10.0.26100.6725)
OS uptime: 2 days 12:55 hours
Hyper-V role detected

CPU: total 12 (initial active 12) (12 cores per cpu, 2 threads per core) family 23 model 104 stepping 1 microcode 0x8608103, cx8, cmov, fxsr, ht, mmx, 3dnowpref, sse, sse2, sse3, ssse3, sse4a, sse4.1, sse4.2, popcnt, lzcnt, tsc, tscinvbit, avx, avx2, aes, clmul, bmi1, bmi2, adx, sha, fma, vzeroupper, clflush, clflushopt, hv

Memory: 4k page, system-wide physical 7514M (815M free)
TotalPageFile size 19802M (AvailPageFile size 1M)
current process WorkingSet (physical memory assigned to process): 385M, peak: 414M
current process commit charge ("private bytes"): 456M, peak: 487M

vm_info: Java HotSpot(TM) 64-Bit Server VM (17.0.12+8-LTS-286) for windows-amd64 JRE (17.0.12+8-LTS-286), built on Jun  5 2024 06:46:59 by "mach5one" with MS VC++ 17.6 (VS2022)

END.
